---------------------------------------------------------------
[ 2018-04-26T00:10:11+08:00 ] 127.0.0.1 GET /tp5.1/public/index/Demo01/bingclass
[ info ] php.me/tp5.1/public/index/Demo01/bingclass [运行时间：0.141518s][吞吐率：7.07req/s] [内存消耗：1,000.94kb] [文件加载：49]
[ info ] [ LANG ] D:\WebServer\www\tp5.1\thinkphp/lang/zh-cn.php
[ info ] [ ROUTE ] array (
)
[ info ] [ HEADER ] array (
  'host' => 'php.me',
  'connection' => 'keep-alive',
  'upgrade-insecure-requests' => '1',
  'user-agent' => 'Mozilla/5.0 (Windows NT 10.0; WOW64) AppleWebKit/537.36 (KHTML, like Gecko) Chrome/65.0.3325.181 Safari/537.36',
  'accept' => 'text/html,application/xhtml+xml,application/xml;q=0.9,image/webp,image/apng,*/*;q=0.8',
  'accept-encoding' => 'gzip, deflate',
  'accept-language' => 'zh-CN,zh;q=0.9',
)
[ info ] [ PARAM ] array (
)
[ info ] [ LOG ] INIT File
---------------------------------------------------------------
[ 2018-04-26T00:10:24+08:00 ] 127.0.0.1 GET /tp5.1/public/index/Demo01/bindclass
[ info ] php.me/tp5.1/public/index/Demo01/bindclass [运行时间：0.038389s][吞吐率：26.05req/s] [内存消耗：952.38kb] [文件加载：46]
[ info ] [ LANG ] D:\WebServer\www\tp5.1\thinkphp/lang/zh-cn.php
[ info ] [ ROUTE ] array (
)
[ info ] [ HEADER ] array (
  'host' => 'php.me',
  'connection' => 'keep-alive',
  'upgrade-insecure-requests' => '1',
  'user-agent' => 'Mozilla/5.0 (Windows NT 10.0; WOW64) AppleWebKit/537.36 (KHTML, like Gecko) Chrome/65.0.3325.181 Safari/537.36',
  'accept' => 'text/html,application/xhtml+xml,application/xml;q=0.9,image/webp,image/apng,*/*;q=0.8',
  'accept-encoding' => 'gzip, deflate',
  'accept-language' => 'zh-CN,zh;q=0.9',
)
[ info ] [ PARAM ] array (
)
[ info ] [ LOG ] INIT File
---------------------------------------------------------------
[ 2018-04-26T00:23:11+08:00 ] 127.0.0.1 GET /tp5.1/public/index/Demo01/bindclosure
[ info ] php.me/tp5.1/public/index/Demo01/bindclosure [运行时间：0.035464s][吞吐率：28.20req/s] [内存消耗：953.56kb] [文件加载：46]
[ info ] [ LANG ] D:\WebServer\www\tp5.1\thinkphp/lang/zh-cn.php
[ info ] [ ROUTE ] array (
)
[ info ] [ HEADER ] array (
  'host' => 'php.me',
  'connection' => 'keep-alive',
  'upgrade-insecure-requests' => '1',
  'user-agent' => 'Mozilla/5.0 (Windows NT 10.0; WOW64) AppleWebKit/537.36 (KHTML, like Gecko) Chrome/65.0.3325.181 Safari/537.36',
  'accept' => 'text/html,application/xhtml+xml,application/xml;q=0.9,image/webp,image/apng,*/*;q=0.8',
  'accept-encoding' => 'gzip, deflate',
  'accept-language' => 'zh-CN,zh;q=0.9',
)
[ info ] [ PARAM ] array (
)
[ info ] [ LOG ] INIT File
---------------------------------------------------------------
[ 2018-04-26T00:23:18+08:00 ] 127.0.0.1 GET /tp5.1/public/index/Demo01/bindclosure
[ info ] php.me/tp5.1/public/index/Demo01/bindclosure [运行时间：0.039489s][吞吐率：25.32req/s] [内存消耗：953.95kb] [文件加载：46]
[ info ] [ LANG ] D:\WebServer\www\tp5.1\thinkphp/lang/zh-cn.php
[ info ] [ ROUTE ] array (
)
[ info ] [ HEADER ] array (
  'host' => 'php.me',
  'connection' => 'keep-alive',
  'cache-control' => 'max-age=0',
  'upgrade-insecure-requests' => '1',
  'user-agent' => 'Mozilla/5.0 (Windows NT 10.0; WOW64) AppleWebKit/537.36 (KHTML, like Gecko) Chrome/65.0.3325.181 Safari/537.36',
  'accept' => 'text/html,application/xhtml+xml,application/xml;q=0.9,image/webp,image/apng,*/*;q=0.8',
  'accept-encoding' => 'gzip, deflate',
  'accept-language' => 'zh-CN,zh;q=0.9',
)
[ info ] [ PARAM ] array (
)
[ info ] [ LOG ] INIT File
---------------------------------------------------------------
[ 2018-04-26T00:26:25+08:00 ] 127.0.0.1 GET /tp5.1/public/index/Demo01/bindclosure
[ info ] php.me/tp5.1/public/index/Demo01/bindclosure [运行时间：0.082584s][吞吐率：12.11req/s] [内存消耗：1,006.20kb] [文件加载：50]
[ info ] [ LANG ] D:\WebServer\www\tp5.1\thinkphp/lang/zh-cn.php
[ info ] [ ROUTE ] array (
)
[ info ] [ HEADER ] array (
  'host' => 'php.me',
  'connection' => 'keep-alive',
  'cache-control' => 'max-age=0',
  'upgrade-insecure-requests' => '1',
  'user-agent' => 'Mozilla/5.0 (Windows NT 10.0; WOW64) AppleWebKit/537.36 (KHTML, like Gecko) Chrome/65.0.3325.181 Safari/537.36',
  'accept' => 'text/html,application/xhtml+xml,application/xml;q=0.9,image/webp,image/apng,*/*;q=0.8',
  'accept-encoding' => 'gzip, deflate',
  'accept-language' => 'zh-CN,zh;q=0.9',
)
[ info ] [ PARAM ] array (
)
[ info ] [ LOG ] INIT File
[ error ] [2]reset() expects parameter 1 to be array, string given[D:\WebServer\www\tp5.1\thinkphp\library\think\Container.php:269]
---------------------------------------------------------------
[ 2018-04-26T00:32:22+08:00 ] 127.0.0.1 GET /tp5.1/public/index/Demo01/bindclosure
[ info ] php.me/tp5.1/public/index/Demo01/bindclosure [运行时间：0.077648s][吞吐率：12.88req/s] [内存消耗：1,005.28kb] [文件加载：49]
[ info ] [ LANG ] D:\WebServer\www\tp5.1\thinkphp/lang/zh-cn.php
[ info ] [ ROUTE ] array (
)
[ info ] [ HEADER ] array (
  'host' => 'php.me',
  'connection' => 'keep-alive',
  'cache-control' => 'max-age=0',
  'upgrade-insecure-requests' => '1',
  'user-agent' => 'Mozilla/5.0 (Windows NT 10.0; WOW64) AppleWebKit/537.36 (KHTML, like Gecko) Chrome/65.0.3325.181 Safari/537.36',
  'accept' => 'text/html,application/xhtml+xml,application/xml;q=0.9,image/webp,image/apng,*/*;q=0.8',
  'accept-encoding' => 'gzip, deflate',
  'accept-language' => 'zh-CN,zh;q=0.9',
)
[ info ] [ PARAM ] array (
)
[ info ] [ LOG ] INIT File
[ error ] [0]致命错误: Call to a member function getName() on string[D:\WebServer\www\tp5.1\application\index\controller\Demo01.php:61]
---------------------------------------------------------------
[ 2018-04-26T00:34:39+08:00 ] 127.0.0.1 GET /tp5.1/public/index/Demo01/bindclosure
[ info ] php.me/tp5.1/public/index/Demo01/bindclosure [运行时间：0.036585s][吞吐率：27.33req/s] [内存消耗：952.90kb] [文件加载：45]
[ info ] [ LANG ] D:\WebServer\www\tp5.1\thinkphp/lang/zh-cn.php
[ info ] [ ROUTE ] array (
)
[ info ] [ HEADER ] array (
  'host' => 'php.me',
  'connection' => 'keep-alive',
  'cache-control' => 'max-age=0',
  'upgrade-insecure-requests' => '1',
  'user-agent' => 'Mozilla/5.0 (Windows NT 10.0; WOW64) AppleWebKit/537.36 (KHTML, like Gecko) Chrome/65.0.3325.181 Safari/537.36',
  'accept' => 'text/html,application/xhtml+xml,application/xml;q=0.9,image/webp,image/apng,*/*;q=0.8',
  'accept-encoding' => 'gzip, deflate',
  'accept-language' => 'zh-CN,zh;q=0.9',
)
[ info ] [ PARAM ] array (
)
[ info ] [ LOG ] INIT File
---------------------------------------------------------------
[ 2018-04-26T00:36:44+08:00 ] 127.0.0.1 GET /tp5.1/public/index/Demo01/bindclosure
[ info ] php.me/tp5.1/public/index/Demo01/bindclosure [运行时间：0.042371s][吞吐率：23.60req/s] [内存消耗：952.89kb] [文件加载：45]
[ info ] [ LANG ] D:\WebServer\www\tp5.1\thinkphp/lang/zh-cn.php
[ info ] [ ROUTE ] array (
)
[ info ] [ HEADER ] array (
  'host' => 'php.me',
  'connection' => 'keep-alive',
  'cache-control' => 'max-age=0',
  'upgrade-insecure-requests' => '1',
  'user-agent' => 'Mozilla/5.0 (Windows NT 10.0; WOW64) AppleWebKit/537.36 (KHTML, like Gecko) Chrome/65.0.3325.181 Safari/537.36',
  'accept' => 'text/html,application/xhtml+xml,application/xml;q=0.9,image/webp,image/apng,*/*;q=0.8',
  'accept-encoding' => 'gzip, deflate',
  'accept-language' => 'zh-CN,zh;q=0.9',
)
[ info ] [ PARAM ] array (
)
[ info ] [ LOG ] INIT File
---------------------------------------------------------------
[ 2018-04-26T00:36:44+08:00 ] 127.0.0.1 GET /tp5.1/public/index/Demo01/bindclosure
[ info ] php.me/tp5.1/public/index/Demo01/bindclosure [运行时间：0.028287s][吞吐率：35.35req/s] [内存消耗：952.89kb] [文件加载：45]
[ info ] [ LANG ] D:\WebServer\www\tp5.1\thinkphp/lang/zh-cn.php
[ info ] [ ROUTE ] array (
)
[ info ] [ HEADER ] array (
  'host' => 'php.me',
  'connection' => 'keep-alive',
  'cache-control' => 'max-age=0',
  'upgrade-insecure-requests' => '1',
  'user-agent' => 'Mozilla/5.0 (Windows NT 10.0; WOW64) AppleWebKit/537.36 (KHTML, like Gecko) Chrome/65.0.3325.181 Safari/537.36',
  'accept' => 'text/html,application/xhtml+xml,application/xml;q=0.9,image/webp,image/apng,*/*;q=0.8',
  'accept-encoding' => 'gzip, deflate',
  'accept-language' => 'zh-CN,zh;q=0.9',
)
[ info ] [ PARAM ] array (
)
[ info ] [ LOG ] INIT File
---------------------------------------------------------------
[ 2018-04-26T00:36:44+08:00 ] 127.0.0.1 GET /tp5.1/public/index/Demo01/bindclosure
[ info ] php.me/tp5.1/public/index/Demo01/bindclosure [运行时间：0.023699s][吞吐率：42.20req/s] [内存消耗：952.89kb] [文件加载：45]
[ info ] [ LANG ] D:\WebServer\www\tp5.1\thinkphp/lang/zh-cn.php
[ info ] [ ROUTE ] array (
)
[ info ] [ HEADER ] array (
  'host' => 'php.me',
  'connection' => 'keep-alive',
  'cache-control' => 'max-age=0',
  'upgrade-insecure-requests' => '1',
  'user-agent' => 'Mozilla/5.0 (Windows NT 10.0; WOW64) AppleWebKit/537.36 (KHTML, like Gecko) Chrome/65.0.3325.181 Safari/537.36',
  'accept' => 'text/html,application/xhtml+xml,application/xml;q=0.9,image/webp,image/apng,*/*;q=0.8',
  'accept-encoding' => 'gzip, deflate',
  'accept-language' => 'zh-CN,zh;q=0.9',
)
[ info ] [ PARAM ] array (
)
[ info ] [ LOG ] INIT File
---------------------------------------------------------------
[ 2018-04-26T00:36:45+08:00 ] 127.0.0.1 GET /tp5.1/public/index/Demo01/bindclosure
[ info ] php.me/tp5.1/public/index/Demo01/bindclosure [运行时间：0.024393s][吞吐率：41.00req/s] [内存消耗：952.89kb] [文件加载：45]
[ info ] [ LANG ] D:\WebServer\www\tp5.1\thinkphp/lang/zh-cn.php
[ info ] [ ROUTE ] array (
)
[ info ] [ HEADER ] array (
  'host' => 'php.me',
  'connection' => 'keep-alive',
  'cache-control' => 'max-age=0',
  'upgrade-insecure-requests' => '1',
  'user-agent' => 'Mozilla/5.0 (Windows NT 10.0; WOW64) AppleWebKit/537.36 (KHTML, like Gecko) Chrome/65.0.3325.181 Safari/537.36',
  'accept' => 'text/html,application/xhtml+xml,application/xml;q=0.9,image/webp,image/apng,*/*;q=0.8',
  'accept-encoding' => 'gzip, deflate',
  'accept-language' => 'zh-CN,zh;q=0.9',
)
[ info ] [ PARAM ] array (
)
[ info ] [ LOG ] INIT File
---------------------------------------------------------------
[ 2018-04-26T00:37:21+08:00 ] 127.0.0.1 GET /tp5.1/public/index/Demo01/bindclosure
[ info ] php.me/tp5.1/public/index/Demo01/bindclosure [运行时间：0.027420s][吞吐率：36.47req/s] [内存消耗：952.97kb] [文件加载：45]
[ info ] [ LANG ] D:\WebServer\www\tp5.1\thinkphp/lang/zh-cn.php
[ info ] [ ROUTE ] array (
)
[ info ] [ HEADER ] array (
  'host' => 'php.me',
  'connection' => 'keep-alive',
  'cache-control' => 'max-age=0',
  'upgrade-insecure-requests' => '1',
  'user-agent' => 'Mozilla/5.0 (Windows NT 10.0; WOW64) AppleWebKit/537.36 (KHTML, like Gecko) Chrome/65.0.3325.181 Safari/537.36',
  'accept' => 'text/html,application/xhtml+xml,application/xml;q=0.9,image/webp,image/apng,*/*;q=0.8',
  'accept-encoding' => 'gzip, deflate',
  'accept-language' => 'zh-CN,zh;q=0.9',
)
[ info ] [ PARAM ] array (
)
[ info ] [ LOG ] INIT File
---------------------------------------------------------------
[ 2018-04-26T00:37:27+08:00 ] 127.0.0.1 GET /tp5.1/public/index/Demo01/bindclosure
[ info ] php.me/tp5.1/public/index/Demo01/bindclosure [运行时间：0.024250s][吞吐率：41.24req/s] [内存消耗：952.95kb] [文件加载：45]
[ info ] [ LANG ] D:\WebServer\www\tp5.1\thinkphp/lang/zh-cn.php
[ info ] [ ROUTE ] array (
)
[ info ] [ HEADER ] array (
  'host' => 'php.me',
  'connection' => 'keep-alive',
  'cache-control' => 'max-age=0',
  'upgrade-insecure-requests' => '1',
  'user-agent' => 'Mozilla/5.0 (Windows NT 10.0; WOW64) AppleWebKit/537.36 (KHTML, like Gecko) Chrome/65.0.3325.181 Safari/537.36',
  'accept' => 'text/html,application/xhtml+xml,application/xml;q=0.9,image/webp,image/apng,*/*;q=0.8',
  'accept-encoding' => 'gzip, deflate',
  'accept-language' => 'zh-CN,zh;q=0.9',
)
[ info ] [ PARAM ] array (
)
[ info ] [ LOG ] INIT File
---------------------------------------------------------------
[ 2018-04-26T00:48:50+08:00 ] 127.0.0.1 GET /tp5.1/public/
[ info ] php.me/tp5.1/public/ [运行时间：0.033584s][吞吐率：29.78req/s] [内存消耗：949.02kb] [文件加载：45]
[ info ] [ LANG ] D:\WebServer\www\tp5.1\thinkphp/lang/zh-cn.php
[ info ] [ ROUTE ] array (
)
[ info ] [ HEADER ] array (
  'host' => 'php.me',
  'connection' => 'keep-alive',
  'upgrade-insecure-requests' => '1',
  'user-agent' => 'Mozilla/5.0 (Windows NT 10.0; WOW64) AppleWebKit/537.36 (KHTML, like Gecko) Chrome/65.0.3325.181 Safari/537.36',
  'accept' => 'text/html,application/xhtml+xml,application/xml;q=0.9,image/webp,image/apng,*/*;q=0.8',
  'referer' => 'http://php.me/',
  'accept-encoding' => 'gzip, deflate',
  'accept-language' => 'zh-CN,zh;q=0.9',
)
[ info ] [ PARAM ] array (
)
[ info ] [ LOG ] INIT File
---------------------------------------------------------------
[ 2018-04-26T00:49:05+08:00 ] 127.0.0.1 GET /tp5.1/public/index/Demo02
[ info ] php.me/tp5.1/public/index/Demo02 [运行时间：0.079290s][吞吐率：12.61req/s] [内存消耗：999.40kb] [文件加载：49]
[ info ] [ LANG ] D:\WebServer\www\tp5.1\thinkphp/lang/zh-cn.php
[ info ] [ ROUTE ] array (
)
[ info ] [ HEADER ] array (
  'host' => 'php.me',
  'connection' => 'keep-alive',
  'upgrade-insecure-requests' => '1',
  'user-agent' => 'Mozilla/5.0 (Windows NT 10.0; WOW64) AppleWebKit/537.36 (KHTML, like Gecko) Chrome/65.0.3325.181 Safari/537.36',
  'accept' => 'text/html,application/xhtml+xml,application/xml;q=0.9,image/webp,image/apng,*/*;q=0.8',
  'accept-encoding' => 'gzip, deflate',
  'accept-language' => 'zh-CN,zh;q=0.9',
)
[ info ] [ PARAM ] array (
)
[ info ] [ LOG ] INIT File
---------------------------------------------------------------
[ 2018-04-26T00:49:10+08:00 ] 127.0.0.1 GET /tp5.1/public/index/Demo02/index
[ info ] php.me/tp5.1/public/index/Demo02/index [运行时间：0.032181s][吞吐率：31.07req/s] [内存消耗：999.41kb] [文件加载：49]
[ info ] [ LANG ] D:\WebServer\www\tp5.1\thinkphp/lang/zh-cn.php
[ info ] [ ROUTE ] array (
)
[ info ] [ HEADER ] array (
  'host' => 'php.me',
  'connection' => 'keep-alive',
  'upgrade-insecure-requests' => '1',
  'user-agent' => 'Mozilla/5.0 (Windows NT 10.0; WOW64) AppleWebKit/537.36 (KHTML, like Gecko) Chrome/65.0.3325.181 Safari/537.36',
  'accept' => 'text/html,application/xhtml+xml,application/xml;q=0.9,image/webp,image/apng,*/*;q=0.8',
  'accept-encoding' => 'gzip, deflate',
  'accept-language' => 'zh-CN,zh;q=0.9',
)
[ info ] [ PARAM ] array (
)
[ info ] [ LOG ] INIT File
---------------------------------------------------------------
[ 2018-04-26T00:49:15+08:00 ] 127.0.0.1 GET /tp5.1/public/index/Demo2/
[ info ] php.me/tp5.1/public/index/Demo2/ [运行时间：0.070171s][吞吐率：14.25req/s] [内存消耗：1,001.66kb] [文件加载：50]
[ info ] [ LANG ] D:\WebServer\www\tp5.1\thinkphp/lang/zh-cn.php
[ info ] [ ROUTE ] array (
)
[ info ] [ HEADER ] array (
  'host' => 'php.me',
  'connection' => 'keep-alive',
  'upgrade-insecure-requests' => '1',
  'user-agent' => 'Mozilla/5.0 (Windows NT 10.0; WOW64) AppleWebKit/537.36 (KHTML, like Gecko) Chrome/65.0.3325.181 Safari/537.36',
  'accept' => 'text/html,application/xhtml+xml,application/xml;q=0.9,image/webp,image/apng,*/*;q=0.8',
  'accept-encoding' => 'gzip, deflate',
  'accept-language' => 'zh-CN,zh;q=0.9',
)
[ info ] [ PARAM ] array (
)
[ info ] [ LOG ] INIT File
[ error ] [0]类型错误: Too few arguments to function app\common\Test::hello(), 0 passed in D:\WebServer\www\tp5.1\application\index\controller\Demo2.php on line 9 and exactly 1 expected[D:\WebServer\www\tp5.1\application\common\Test.php:7]
---------------------------------------------------------------
[ 2018-04-26T00:49:24+08:00 ] 127.0.0.1 GET /tp5.1/public/index/Demo2/
[ info ] php.me/tp5.1/public/index/Demo2/ [运行时间：0.040602s][吞吐率：24.63req/s] [内存消耗：1,001.86kb] [文件加载：50]
[ info ] [ LANG ] D:\WebServer\www\tp5.1\thinkphp/lang/zh-cn.php
[ info ] [ ROUTE ] array (
)
[ info ] [ HEADER ] array (
  'host' => 'php.me',
  'connection' => 'keep-alive',
  'cache-control' => 'max-age=0',
  'upgrade-insecure-requests' => '1',
  'user-agent' => 'Mozilla/5.0 (Windows NT 10.0; WOW64) AppleWebKit/537.36 (KHTML, like Gecko) Chrome/65.0.3325.181 Safari/537.36',
  'accept' => 'text/html,application/xhtml+xml,application/xml;q=0.9,image/webp,image/apng,*/*;q=0.8',
  'accept-encoding' => 'gzip, deflate',
  'accept-language' => 'zh-CN,zh;q=0.9',
)
[ info ] [ PARAM ] array (
)
[ info ] [ LOG ] INIT File
[ error ] [0]类型错误: Too few arguments to function app\common\Test::hello(), 0 passed in D:\WebServer\www\tp5.1\application\index\controller\Demo2.php on line 9 and exactly 1 expected[D:\WebServer\www\tp5.1\application\common\Test.php:7]
---------------------------------------------------------------
[ 2018-04-26T00:49:41+08:00 ] 127.0.0.1 GET /tp5.1/public/index/Demo2/
[ info ] php.me/tp5.1/public/index/Demo2/ [运行时间：0.036202s][吞吐率：27.62req/s] [内存消耗：1,001.86kb] [文件加载：50]
[ info ] [ LANG ] D:\WebServer\www\tp5.1\thinkphp/lang/zh-cn.php
[ info ] [ ROUTE ] array (
)
[ info ] [ HEADER ] array (
  'host' => 'php.me',
  'connection' => 'keep-alive',
  'cache-control' => 'max-age=0',
  'upgrade-insecure-requests' => '1',
  'user-agent' => 'Mozilla/5.0 (Windows NT 10.0; WOW64) AppleWebKit/537.36 (KHTML, like Gecko) Chrome/65.0.3325.181 Safari/537.36',
  'accept' => 'text/html,application/xhtml+xml,application/xml;q=0.9,image/webp,image/apng,*/*;q=0.8',
  'accept-encoding' => 'gzip, deflate',
  'accept-language' => 'zh-CN,zh;q=0.9',
)
[ info ] [ PARAM ] array (
)
[ info ] [ LOG ] INIT File
[ error ] [0]类型错误: Too few arguments to function app\common\Test::hello(), 0 passed in D:\WebServer\www\tp5.1\application\index\controller\Demo2.php on line 9 and exactly 1 expected[D:\WebServer\www\tp5.1\application\common\Test.php:7]
---------------------------------------------------------------
[ 2018-04-26T00:49:41+08:00 ] 127.0.0.1 GET /tp5.1/public/index/Demo2/
[ info ] php.me/tp5.1/public/index/Demo2/ [运行时间：0.026943s][吞吐率：37.12req/s] [内存消耗：949.23kb] [文件加载：46]
[ info ] [ LANG ] D:\WebServer\www\tp5.1\thinkphp/lang/zh-cn.php
[ info ] [ ROUTE ] array (
)
[ info ] [ HEADER ] array (
  'host' => 'php.me',
  'connection' => 'keep-alive',
  'cache-control' => 'max-age=0',
  'upgrade-insecure-requests' => '1',
  'user-agent' => 'Mozilla/5.0 (Windows NT 10.0; WOW64) AppleWebKit/537.36 (KHTML, like Gecko) Chrome/65.0.3325.181 Safari/537.36',
  'accept' => 'text/html,application/xhtml+xml,application/xml;q=0.9,image/webp,image/apng,*/*;q=0.8',
  'accept-encoding' => 'gzip, deflate',
  'accept-language' => 'zh-CN,zh;q=0.9',
)
[ info ] [ PARAM ] array (
)
[ info ] [ LOG ] INIT File
---------------------------------------------------------------
[ 2018-04-26T00:49:42+08:00 ] 127.0.0.1 GET /tp5.1/public/index/Demo2/
[ info ] php.me/tp5.1/public/index/Demo2/ [运行时间：0.029930s][吞吐率：33.41req/s] [内存消耗：949.23kb] [文件加载：46]
[ info ] [ LANG ] D:\WebServer\www\tp5.1\thinkphp/lang/zh-cn.php
[ info ] [ ROUTE ] array (
)
[ info ] [ HEADER ] array (
  'host' => 'php.me',
  'connection' => 'keep-alive',
  'cache-control' => 'max-age=0',
  'upgrade-insecure-requests' => '1',
  'user-agent' => 'Mozilla/5.0 (Windows NT 10.0; WOW64) AppleWebKit/537.36 (KHTML, like Gecko) Chrome/65.0.3325.181 Safari/537.36',
  'accept' => 'text/html,application/xhtml+xml,application/xml;q=0.9,image/webp,image/apng,*/*;q=0.8',
  'accept-encoding' => 'gzip, deflate',
  'accept-language' => 'zh-CN,zh;q=0.9',
)
[ info ] [ PARAM ] array (
)
[ info ] [ LOG ] INIT File
---------------------------------------------------------------
[ 2018-04-26T00:49:50+08:00 ] 127.0.0.1 GET /tp5.1/public/index/Demo2/
[ info ] php.me/tp5.1/public/index/Demo2/ [运行时间：0.027566s][吞吐率：36.28req/s] [内存消耗：949.23kb] [文件加载：46]
[ info ] [ LANG ] D:\WebServer\www\tp5.1\thinkphp/lang/zh-cn.php
[ info ] [ ROUTE ] array (
)
[ info ] [ HEADER ] array (
  'host' => 'php.me',
  'connection' => 'keep-alive',
  'cache-control' => 'max-age=0',
  'upgrade-insecure-requests' => '1',
  'user-agent' => 'Mozilla/5.0 (Windows NT 10.0; WOW64) AppleWebKit/537.36 (KHTML, like Gecko) Chrome/65.0.3325.181 Safari/537.36',
  'accept' => 'text/html,application/xhtml+xml,application/xml;q=0.9,image/webp,image/apng,*/*;q=0.8',
  'accept-encoding' => 'gzip, deflate',
  'accept-language' => 'zh-CN,zh;q=0.9',
)
[ info ] [ PARAM ] array (
)
[ info ] [ LOG ] INIT File
---------------------------------------------------------------
[ 2018-04-26T00:49:51+08:00 ] 127.0.0.1 GET /tp5.1/public/index/Demo2/
[ info ] php.me/tp5.1/public/index/Demo2/ [运行时间：0.023027s][吞吐率：43.43req/s] [内存消耗：949.23kb] [文件加载：46]
[ info ] [ LANG ] D:\WebServer\www\tp5.1\thinkphp/lang/zh-cn.php
[ info ] [ ROUTE ] array (
)
[ info ] [ HEADER ] array (
  'host' => 'php.me',
  'connection' => 'keep-alive',
  'cache-control' => 'max-age=0',
  'upgrade-insecure-requests' => '1',
  'user-agent' => 'Mozilla/5.0 (Windows NT 10.0; WOW64) AppleWebKit/537.36 (KHTML, like Gecko) Chrome/65.0.3325.181 Safari/537.36',
  'accept' => 'text/html,application/xhtml+xml,application/xml;q=0.9,image/webp,image/apng,*/*;q=0.8',
  'accept-encoding' => 'gzip, deflate',
  'accept-language' => 'zh-CN,zh;q=0.9',
)
[ info ] [ PARAM ] array (
)
[ info ] [ LOG ] INIT File
---------------------------------------------------------------
[ 2018-04-26T00:49:51+08:00 ] 127.0.0.1 GET /tp5.1/public/index/Demo2/
[ info ] php.me/tp5.1/public/index/Demo2/ [运行时间：0.022993s][吞吐率：43.49req/s] [内存消耗：949.23kb] [文件加载：46]
[ info ] [ LANG ] D:\WebServer\www\tp5.1\thinkphp/lang/zh-cn.php
[ info ] [ ROUTE ] array (
)
[ info ] [ HEADER ] array (
  'host' => 'php.me',
  'connection' => 'keep-alive',
  'cache-control' => 'max-age=0',
  'upgrade-insecure-requests' => '1',
  'user-agent' => 'Mozilla/5.0 (Windows NT 10.0; WOW64) AppleWebKit/537.36 (KHTML, like Gecko) Chrome/65.0.3325.181 Safari/537.36',
  'accept' => 'text/html,application/xhtml+xml,application/xml;q=0.9,image/webp,image/apng,*/*;q=0.8',
  'accept-encoding' => 'gzip, deflate',
  'accept-language' => 'zh-CN,zh;q=0.9',
)
[ info ] [ PARAM ] array (
)
[ info ] [ LOG ] INIT File
---------------------------------------------------------------
[ 2018-04-26T01:14:20+08:00 ] 127.0.0.1 GET /tp5.1/public/index/Demo2/
[ info ] php.me/tp5.1/public/index/Demo2/ [运行时间：0.030072s][吞吐率：33.25req/s] [内存消耗：950.26kb] [文件加载：47]
[ info ] [ LANG ] D:\WebServer\www\tp5.1\thinkphp/lang/zh-cn.php
[ info ] [ ROUTE ] array (
)
[ info ] [ HEADER ] array (
  'host' => 'php.me',
  'connection' => 'keep-alive',
  'cache-control' => 'max-age=0',
  'upgrade-insecure-requests' => '1',
  'user-agent' => 'Mozilla/5.0 (Windows NT 10.0; WOW64) AppleWebKit/537.36 (KHTML, like Gecko) Chrome/65.0.3325.181 Safari/537.36',
  'accept' => 'text/html,application/xhtml+xml,application/xml;q=0.9,image/webp,image/apng,*/*;q=0.8',
  'accept-encoding' => 'gzip, deflate',
  'accept-language' => 'zh-CN,zh;q=0.9',
)
[ info ] [ PARAM ] array (
)
[ info ] [ LOG ] INIT File
---------------------------------------------------------------
[ 2018-04-26T01:16:12+08:00 ] 127.0.0.1 GET /tp5.1/public/index/Demo2/
[ info ] php.me/tp5.1/public/index/Demo2/ [运行时间：0.045410s][吞吐率：22.02req/s] [内存消耗：950.27kb] [文件加载：47]
[ info ] [ LANG ] D:\WebServer\www\tp5.1\thinkphp/lang/zh-cn.php
[ info ] [ ROUTE ] array (
)
[ info ] [ HEADER ] array (
  'host' => 'php.me',
  'connection' => 'keep-alive',
  'cache-control' => 'max-age=0',
  'upgrade-insecure-requests' => '1',
  'user-agent' => 'Mozilla/5.0 (Windows NT 10.0; WOW64) AppleWebKit/537.36 (KHTML, like Gecko) Chrome/65.0.3325.181 Safari/537.36',
  'accept' => 'text/html,application/xhtml+xml,application/xml;q=0.9,image/webp,image/apng,*/*;q=0.8',
  'accept-encoding' => 'gzip, deflate',
  'accept-language' => 'zh-CN,zh;q=0.9',
)
[ info ] [ PARAM ] array (
)
[ info ] [ LOG ] INIT File
---------------------------------------------------------------
[ 2018-04-26T01:17:35+08:00 ] 127.0.0.1 GET /tp5.1/public/index/Demo2/
[ info ] php.me/tp5.1/public/index/Demo2/ [运行时间：0.035305s][吞吐率：28.32req/s] [内存消耗：1,002.92kb] [文件加载：51]
[ info ] [ LANG ] D:\WebServer\www\tp5.1\thinkphp/lang/zh-cn.php
[ info ] [ ROUTE ] array (
)
[ info ] [ HEADER ] array (
  'host' => 'php.me',
  'connection' => 'keep-alive',
  'cache-control' => 'max-age=0',
  'upgrade-insecure-requests' => '1',
  'user-agent' => 'Mozilla/5.0 (Windows NT 10.0; WOW64) AppleWebKit/537.36 (KHTML, like Gecko) Chrome/65.0.3325.181 Safari/537.36',
  'accept' => 'text/html,application/xhtml+xml,application/xml;q=0.9,image/webp,image/apng,*/*;q=0.8',
  'accept-encoding' => 'gzip, deflate',
  'accept-language' => 'zh-CN,zh;q=0.9',
)
[ info ] [ PARAM ] array (
)
[ info ] [ LOG ] INIT File
[ error ] [8192]Non-static method app\common\Test::hello() should not be called statically[D:\WebServer\www\tp5.1\application\index\controller\Demo2.php:14]
---------------------------------------------------------------
[ 2018-04-26T01:17:35+08:00 ] 127.0.0.1 GET /tp5.1/public/index/Demo2/
[ info ] php.me/tp5.1/public/index/Demo2/ [运行时间：0.032148s][吞吐率：31.11req/s] [内存消耗：1,002.92kb] [文件加载：51]
[ info ] [ LANG ] D:\WebServer\www\tp5.1\thinkphp/lang/zh-cn.php
[ info ] [ ROUTE ] array (
)
[ info ] [ HEADER ] array (
  'host' => 'php.me',
  'connection' => 'keep-alive',
  'cache-control' => 'max-age=0',
  'upgrade-insecure-requests' => '1',
  'user-agent' => 'Mozilla/5.0 (Windows NT 10.0; WOW64) AppleWebKit/537.36 (KHTML, like Gecko) Chrome/65.0.3325.181 Safari/537.36',
  'accept' => 'text/html,application/xhtml+xml,application/xml;q=0.9,image/webp,image/apng,*/*;q=0.8',
  'accept-encoding' => 'gzip, deflate',
  'accept-language' => 'zh-CN,zh;q=0.9',
)
[ info ] [ PARAM ] array (
)
[ info ] [ LOG ] INIT File
[ error ] [8192]Non-static method app\common\Test::hello() should not be called statically[D:\WebServer\www\tp5.1\application\index\controller\Demo2.php:14]
---------------------------------------------------------------
[ 2018-04-26T01:17:51+08:00 ] 127.0.0.1 GET /tp5.1/public/index/Demo2/
[ info ] php.me/tp5.1/public/index/Demo2/ [运行时间：0.032827s][吞吐率：30.46req/s] [内存消耗：1,000.75kb] [文件加载：49]
[ info ] [ LANG ] D:\WebServer\www\tp5.1\thinkphp/lang/zh-cn.php
[ info ] [ ROUTE ] array (
)
[ info ] [ HEADER ] array (
  'host' => 'php.me',
  'connection' => 'keep-alive',
  'cache-control' => 'max-age=0',
  'upgrade-insecure-requests' => '1',
  'user-agent' => 'Mozilla/5.0 (Windows NT 10.0; WOW64) AppleWebKit/537.36 (KHTML, like Gecko) Chrome/65.0.3325.181 Safari/537.36',
  'accept' => 'text/html,application/xhtml+xml,application/xml;q=0.9,image/webp,image/apng,*/*;q=0.8',
  'accept-encoding' => 'gzip, deflate',
  'accept-language' => 'zh-CN,zh;q=0.9',
)
[ info ] [ PARAM ] array (
)
[ info ] [ LOG ] INIT File
[ error ] [0]致命错误: Call to undefined function app\common\Test()[D:\WebServer\www\tp5.1\application\index\controller\Demo2.php:14]
---------------------------------------------------------------
[ 2018-04-26T01:17:52+08:00 ] 127.0.0.1 GET /tp5.1/public/index/Demo2/
[ info ] php.me/tp5.1/public/index/Demo2/ [运行时间：0.036732s][吞吐率：27.22req/s] [内存消耗：1,000.75kb] [文件加载：49]
[ info ] [ LANG ] D:\WebServer\www\tp5.1\thinkphp/lang/zh-cn.php
[ info ] [ ROUTE ] array (
)
[ info ] [ HEADER ] array (
  'host' => 'php.me',
  'connection' => 'keep-alive',
  'cache-control' => 'max-age=0',
  'upgrade-insecure-requests' => '1',
  'user-agent' => 'Mozilla/5.0 (Windows NT 10.0; WOW64) AppleWebKit/537.36 (KHTML, like Gecko) Chrome/65.0.3325.181 Safari/537.36',
  'accept' => 'text/html,application/xhtml+xml,application/xml;q=0.9,image/webp,image/apng,*/*;q=0.8',
  'accept-encoding' => 'gzip, deflate',
  'accept-language' => 'zh-CN,zh;q=0.9',
)
[ info ] [ PARAM ] array (
)
[ info ] [ LOG ] INIT File
[ error ] [0]致命错误: Call to undefined function app\common\Test()[D:\WebServer\www\tp5.1\application\index\controller\Demo2.php:14]
---------------------------------------------------------------
[ 2018-04-26T01:18:09+08:00 ] 127.0.0.1 GET /tp5.1/public/index/Demo2/
[ info ] php.me/tp5.1/public/index/Demo2/ [运行时间：0.026252s][吞吐率：38.09req/s] [内存消耗：950.21kb] [文件加载：47]
[ info ] [ LANG ] D:\WebServer\www\tp5.1\thinkphp/lang/zh-cn.php
[ info ] [ ROUTE ] array (
)
[ info ] [ HEADER ] array (
  'host' => 'php.me',
  'connection' => 'keep-alive',
  'cache-control' => 'max-age=0',
  'upgrade-insecure-requests' => '1',
  'user-agent' => 'Mozilla/5.0 (Windows NT 10.0; WOW64) AppleWebKit/537.36 (KHTML, like Gecko) Chrome/65.0.3325.181 Safari/537.36',
  'accept' => 'text/html,application/xhtml+xml,application/xml;q=0.9,image/webp,image/apng,*/*;q=0.8',
  'accept-encoding' => 'gzip, deflate',
  'accept-language' => 'zh-CN,zh;q=0.9',
)
[ info ] [ PARAM ] array (
)
[ info ] [ LOG ] INIT File
---------------------------------------------------------------
[ 2018-04-26T01:34:19+08:00 ] 127.0.0.1 GET /tp5.1/public/index/Demo3/test
[ info ] php.me/tp5.1/public/index/Demo3/test [运行时间：0.033288s][吞吐率：30.04req/s] [内存消耗：947.77kb] [文件加载：45]
[ info ] [ LANG ] D:\WebServer\www\tp5.1\thinkphp/lang/zh-cn.php
[ info ] [ ROUTE ] array (
)
[ info ] [ HEADER ] array (
  'host' => 'php.me',
  'connection' => 'keep-alive',
  'upgrade-insecure-requests' => '1',
  'user-agent' => 'Mozilla/5.0 (Windows NT 10.0; WOW64) AppleWebKit/537.36 (KHTML, like Gecko) Chrome/65.0.3325.181 Safari/537.36',
  'accept' => 'text/html,application/xhtml+xml,application/xml;q=0.9,image/webp,image/apng,*/*;q=0.8',
  'accept-encoding' => 'gzip, deflate',
  'accept-language' => 'zh-CN,zh;q=0.9',
)
[ info ] [ PARAM ] array (
)
[ info ] [ LOG ] INIT File
---------------------------------------------------------------
[ 2018-04-26T01:43:48+08:00 ] 127.0.0.1 GET /tp5.1/public/index/Demo3/test
[ info ] php.me/tp5.1/public/index/Demo3/test [运行时间：0.164787s][吞吐率：6.07req/s] [内存消耗：1,218.47kb] [文件加载：54]
[ info ] [ LANG ] D:\WebServer\www\tp5.1\thinkphp/lang/zh-cn.php
[ info ] [ ROUTE ] array (
)
[ info ] [ HEADER ] array (
  'host' => 'php.me',
  'connection' => 'keep-alive',
  'cache-control' => 'max-age=0',
  'upgrade-insecure-requests' => '1',
  'user-agent' => 'Mozilla/5.0 (Windows NT 10.0; WOW64) AppleWebKit/537.36 (KHTML, like Gecko) Chrome/65.0.3325.181 Safari/537.36',
  'accept' => 'text/html,application/xhtml+xml,application/xml;q=0.9,image/webp,image/apng,*/*;q=0.8',
  'accept-encoding' => 'gzip, deflate',
  'accept-language' => 'zh-CN,zh;q=0.9',
)
[ info ] [ PARAM ] array (
)
[ info ] [ LOG ] INIT File
---------------------------------------------------------------
[ 2018-04-26T01:44:55+08:00 ] 127.0.0.1 GET /tp5.1/public/index/Demo3/test/name/dengsuhcuan/age/12
[ info ] php.me/tp5.1/public/index/Demo3/test/name/dengsuhcuan/age/12 [运行时间：0.035232s][吞吐率：28.38req/s] [内存消耗：1,218.99kb] [文件加载：54]
[ info ] [ LANG ] D:\WebServer\www\tp5.1\thinkphp/lang/zh-cn.php
[ info ] [ ROUTE ] array (
)
[ info ] [ HEADER ] array (
  'host' => 'php.me',
  'connection' => 'keep-alive',
  'upgrade-insecure-requests' => '1',
  'user-agent' => 'Mozilla/5.0 (Windows NT 10.0; WOW64) AppleWebKit/537.36 (KHTML, like Gecko) Chrome/65.0.3325.181 Safari/537.36',
  'accept' => 'text/html,application/xhtml+xml,application/xml;q=0.9,image/webp,image/apng,*/*;q=0.8',
  'accept-encoding' => 'gzip, deflate',
  'accept-language' => 'zh-CN,zh;q=0.9',
)
[ info ] [ PARAM ] array (
)
[ info ] [ LOG ] INIT File
---------------------------------------------------------------
[ 2018-04-26T01:44:58+08:00 ] 127.0.0.1 GET /tp5.1/public/index/Demo3/test/name/dengsuhcuan/age/12
[ info ] php.me/tp5.1/public/index/Demo3/test/name/dengsuhcuan/age/12 [运行时间：0.044615s][吞吐率：22.41req/s] [内存消耗：1,219.32kb] [文件加载：54]
[ info ] [ LANG ] D:\WebServer\www\tp5.1\thinkphp/lang/zh-cn.php
[ info ] [ ROUTE ] array (
)
[ info ] [ HEADER ] array (
  'host' => 'php.me',
  'connection' => 'keep-alive',
  'cache-control' => 'max-age=0',
  'upgrade-insecure-requests' => '1',
  'user-agent' => 'Mozilla/5.0 (Windows NT 10.0; WOW64) AppleWebKit/537.36 (KHTML, like Gecko) Chrome/65.0.3325.181 Safari/537.36',
  'accept' => 'text/html,application/xhtml+xml,application/xml;q=0.9,image/webp,image/apng,*/*;q=0.8',
  'accept-encoding' => 'gzip, deflate',
  'accept-language' => 'zh-CN,zh;q=0.9',
)
[ info ] [ PARAM ] array (
)
[ info ] [ LOG ] INIT File
---------------------------------------------------------------
[ 2018-04-26T01:45:07+08:00 ] 127.0.0.1 GET /tp5.1/public/index/Demo3/test/?name=dengsuhcuan/age=12
[ info ] php.me/tp5.1/public/index/Demo3/test/?name=dengsuhcuan/age=12 [运行时间：0.034259s][吞吐率：29.19req/s] [内存消耗：1,219.08kb] [文件加载：54]
[ info ] [ LANG ] D:\WebServer\www\tp5.1\thinkphp/lang/zh-cn.php
[ info ] [ ROUTE ] array (
)
[ info ] [ HEADER ] array (
  'host' => 'php.me',
  'connection' => 'keep-alive',
  'upgrade-insecure-requests' => '1',
  'user-agent' => 'Mozilla/5.0 (Windows NT 10.0; WOW64) AppleWebKit/537.36 (KHTML, like Gecko) Chrome/65.0.3325.181 Safari/537.36',
  'accept' => 'text/html,application/xhtml+xml,application/xml;q=0.9,image/webp,image/apng,*/*;q=0.8',
  'accept-encoding' => 'gzip, deflate',
  'accept-language' => 'zh-CN,zh;q=0.9',
)
[ info ] [ PARAM ] array (
  'name' => 'dengsuhcuan/age=12',
)
[ info ] [ LOG ] INIT File
---------------------------------------------------------------
[ 2018-04-26T01:45:13+08:00 ] 127.0.0.1 GET /tp5.1/public/index/Demo3/test/?name=dengsuhcuan&age=12
[ info ] php.me/tp5.1/public/index/Demo3/test/?name=dengsuhcuan&age=12 [运行时间：0.033321s][吞吐率：30.01req/s] [内存消耗：1,219.09kb] [文件加载：54]
[ info ] [ LANG ] D:\WebServer\www\tp5.1\thinkphp/lang/zh-cn.php
[ info ] [ ROUTE ] array (
)
[ info ] [ HEADER ] array (
  'host' => 'php.me',
  'connection' => 'keep-alive',
  'upgrade-insecure-requests' => '1',
  'user-agent' => 'Mozilla/5.0 (Windows NT 10.0; WOW64) AppleWebKit/537.36 (KHTML, like Gecko) Chrome/65.0.3325.181 Safari/537.36',
  'accept' => 'text/html,application/xhtml+xml,application/xml;q=0.9,image/webp,image/apng,*/*;q=0.8',
  'accept-encoding' => 'gzip, deflate',
  'accept-language' => 'zh-CN,zh;q=0.9',
)
[ info ] [ PARAM ] array (
  'name' => 'dengsuhcuan',
  'age' => '12',
)
[ info ] [ LOG ] INIT File
---------------------------------------------------------------
[ 2018-04-26T01:45:45+08:00 ] 127.0.0.1 GET /tp5.1/public/index/Demo3/test/?name/dengsuhcuan/age/12
[ info ] php.me/tp5.1/public/index/Demo3/test/?name/dengsuhcuan/age/12 [运行时间：0.036957s][吞吐率：27.06req/s] [内存消耗：1,219.08kb] [文件加载：54]
[ info ] [ LANG ] D:\WebServer\www\tp5.1\thinkphp/lang/zh-cn.php
[ info ] [ ROUTE ] array (
)
[ info ] [ HEADER ] array (
  'host' => 'php.me',
  'connection' => 'keep-alive',
  'upgrade-insecure-requests' => '1',
  'user-agent' => 'Mozilla/5.0 (Windows NT 10.0; WOW64) AppleWebKit/537.36 (KHTML, like Gecko) Chrome/65.0.3325.181 Safari/537.36',
  'accept' => 'text/html,application/xhtml+xml,application/xml;q=0.9,image/webp,image/apng,*/*;q=0.8',
  'accept-encoding' => 'gzip, deflate',
  'accept-language' => 'zh-CN,zh;q=0.9',
)
[ info ] [ PARAM ] array (
  'name/dengsuhcuan/age/12' => '',
)
[ info ] [ LOG ] INIT File
---------------------------------------------------------------
[ 2018-04-26T01:46:02+08:00 ] 127.0.0.1 GET /tp5.1/public/index/Demo3/test/?name=dengsuhcuan&age=12
[ info ] php.me/tp5.1/public/index/Demo3/test/?name=dengsuhcuan&age=12 [运行时间：0.042343s][吞吐率：23.62req/s] [内存消耗：1,219.09kb] [文件加载：54]
[ info ] [ LANG ] D:\WebServer\www\tp5.1\thinkphp/lang/zh-cn.php
[ info ] [ ROUTE ] array (
)
[ info ] [ HEADER ] array (
  'host' => 'php.me',
  'connection' => 'keep-alive',
  'upgrade-insecure-requests' => '1',
  'user-agent' => 'Mozilla/5.0 (Windows NT 10.0; WOW64) AppleWebKit/537.36 (KHTML, like Gecko) Chrome/65.0.3325.181 Safari/537.36',
  'accept' => 'text/html,application/xhtml+xml,application/xml;q=0.9,image/webp,image/apng,*/*;q=0.8',
  'accept-encoding' => 'gzip, deflate',
  'accept-language' => 'zh-CN,zh;q=0.9',
)
[ info ] [ PARAM ] array (
  'name' => 'dengsuhcuan',
  'age' => '12',
)
[ info ] [ LOG ] INIT File
---------------------------------------------------------------
[ 2018-04-26T01:49:22+08:00 ] 127.0.0.1 GET /tp5.1/public/index/Demo3/test/?name=dengsuhcuan&age=12
[ info ] php.me/tp5.1/public/index/Demo3/test/?name=dengsuhcuan&age=12 [运行时间：0.045266s][吞吐率：22.09req/s] [内存消耗：1,243.22kb] [文件加载：56]
[ info ] [ LANG ] D:\WebServer\www\tp5.1\thinkphp/lang/zh-cn.php
[ info ] [ ROUTE ] array (
)
[ info ] [ HEADER ] array (
  'host' => 'php.me',
  'connection' => 'keep-alive',
  'cache-control' => 'max-age=0',
  'upgrade-insecure-requests' => '1',
  'user-agent' => 'Mozilla/5.0 (Windows NT 10.0; WOW64) AppleWebKit/537.36 (KHTML, like Gecko) Chrome/65.0.3325.181 Safari/537.36',
  'accept' => 'text/html,application/xhtml+xml,application/xml;q=0.9,image/webp,image/apng,*/*;q=0.8',
  'accept-encoding' => 'gzip, deflate',
  'accept-language' => 'zh-CN,zh;q=0.9',
)
[ info ] [ PARAM ] array (
  'name' => 'dengsuhcuan',
  'age' => '12',
)
[ info ] [ LOG ] INIT File
[ error ] [0]致命错误: Call to undefined method think\facade\Request::get()[D:\WebServer\www\tp5.1\application\index\controller\Demo3.php:19]
---------------------------------------------------------------
[ 2018-04-26T01:49:33+08:00 ] 127.0.0.1 GET /tp5.1/public/index/Demo3/test/?name=dengsuhcuan&age=12
[ info ] php.me/tp5.1/public/index/Demo3/test/?name=dengsuhcuan&age=12 [运行时间：0.043955s][吞吐率：22.75req/s] [内存消耗：1,210.40kb] [文件加载：53]
[ info ] [ LANG ] D:\WebServer\www\tp5.1\thinkphp/lang/zh-cn.php
[ info ] [ ROUTE ] array (
)
[ info ] [ HEADER ] array (
  'host' => 'php.me',
  'connection' => 'keep-alive',
  'cache-control' => 'max-age=0',
  'upgrade-insecure-requests' => '1',
  'user-agent' => 'Mozilla/5.0 (Windows NT 10.0; WOW64) AppleWebKit/537.36 (KHTML, like Gecko) Chrome/65.0.3325.181 Safari/537.36',
  'accept' => 'text/html,application/xhtml+xml,application/xml;q=0.9,image/webp,image/apng,*/*;q=0.8',
  'accept-encoding' => 'gzip, deflate',
  'accept-language' => 'zh-CN,zh;q=0.9',
)
[ info ] [ PARAM ] array (
  'name' => 'dengsuhcuan',
  'age' => '12',
)
[ info ] [ LOG ] INIT File
---------------------------------------------------------------
[ 2018-04-26T01:51:01+08:00 ] 127.0.0.1 GET /tp5.1/public/index/Demo3/test/?name=dengsuhcuan&age=12
[ info ] php.me/tp5.1/public/index/Demo3/test/?name=dengsuhcuan&age=12 [运行时间：0.035119s][吞吐率：28.47req/s] [内存消耗：1,243.22kb] [文件加载：56]
[ info ] [ LANG ] D:\WebServer\www\tp5.1\thinkphp/lang/zh-cn.php
[ info ] [ ROUTE ] array (
)
[ info ] [ HEADER ] array (
  'host' => 'php.me',
  'connection' => 'keep-alive',
  'cache-control' => 'max-age=0',
  'upgrade-insecure-requests' => '1',
  'user-agent' => 'Mozilla/5.0 (Windows NT 10.0; WOW64) AppleWebKit/537.36 (KHTML, like Gecko) Chrome/65.0.3325.181 Safari/537.36',
  'accept' => 'text/html,application/xhtml+xml,application/xml;q=0.9,image/webp,image/apng,*/*;q=0.8',
  'accept-encoding' => 'gzip, deflate',
  'accept-language' => 'zh-CN,zh;q=0.9',
)
[ info ] [ PARAM ] array (
  'name' => 'dengsuhcuan',
  'age' => '12',
)
[ info ] [ LOG ] INIT File
[ error ] [0]致命错误: Call to undefined method think\facade\Request::get()[D:\WebServer\www\tp5.1\application\index\controller\Demo3.php:19]
---------------------------------------------------------------
[ 2018-04-26T01:51:26+08:00 ] 127.0.0.1 GET /tp5.1/public/index/Demo3/test/?name=dengsuhcuan&age=12
[ info ] php.me/tp5.1/public/index/Demo3/test/?name=dengsuhcuan&age=12 [运行时间：0.031911s][吞吐率：31.34req/s] [内存消耗：1,219.17kb] [文件加载：54]
[ info ] [ LANG ] D:\WebServer\www\tp5.1\thinkphp/lang/zh-cn.php
[ info ] [ ROUTE ] array (
)
[ info ] [ HEADER ] array (
  'host' => 'php.me',
  'connection' => 'keep-alive',
  'cache-control' => 'max-age=0',
  'upgrade-insecure-requests' => '1',
  'user-agent' => 'Mozilla/5.0 (Windows NT 10.0; WOW64) AppleWebKit/537.36 (KHTML, like Gecko) Chrome/65.0.3325.181 Safari/537.36',
  'accept' => 'text/html,application/xhtml+xml,application/xml;q=0.9,image/webp,image/apng,*/*;q=0.8',
  'accept-encoding' => 'gzip, deflate',
  'accept-language' => 'zh-CN,zh;q=0.9',
)
[ info ] [ PARAM ] array (
  'name' => 'dengsuhcuan',
  'age' => '12',
)
[ info ] [ LOG ] INIT File
---------------------------------------------------------------
[ 2018-04-26T01:59:17+08:00 ] 127.0.0.1 GET /tp5.1/public/index/Demo3/test/?name=dengsuhcuan&age=12
[ info ] php.me/tp5.1/public/index/Demo3/test/?name=dengsuhcuan&age=12 [运行时间：0.052068s][吞吐率：19.21req/s] [内存消耗：1,219.73kb] [文件加载：54]
[ info ] [ LANG ] D:\WebServer\www\tp5.1\thinkphp/lang/zh-cn.php
[ info ] [ ROUTE ] array (
)
[ info ] [ HEADER ] array (
  'host' => 'php.me',
  'connection' => 'keep-alive',
  'cache-control' => 'max-age=0',
  'upgrade-insecure-requests' => '1',
  'user-agent' => 'Mozilla/5.0 (Windows NT 10.0; WOW64) AppleWebKit/537.36 (KHTML, like Gecko) Chrome/65.0.3325.181 Safari/537.36',
  'accept' => 'text/html,application/xhtml+xml,application/xml;q=0.9,image/webp,image/apng,*/*;q=0.8',
  'accept-encoding' => 'gzip, deflate',
  'accept-language' => 'zh-CN,zh;q=0.9',
)
[ info ] [ PARAM ] array (
  'name' => 'dengsuhcuan',
  'age' => '12',
)
[ info ] [ LOG ] INIT File
