---------------------------------------------------------------
[ 2018-04-29T16:16:07+08:00 ] 127.0.0.1 GET /tp5.1/public/
[ info ] php.me/tp5.1/public/ [运行时间：0.339298s][吞吐率：2.95req/s] [内存消耗：1,089.61kb] [文件加载：52]
[ info ] [ LANG ] D:\WebServer\www\tp5.1\thinkphp/lang/zh-cn.php
[ info ] [ ROUTE ] array (
)
[ info ] [ HEADER ] array (
  'host' => 'php.me',
  'connection' => 'keep-alive',
  'upgrade-insecure-requests' => '1',
  'user-agent' => 'Mozilla/5.0 (Windows NT 10.0; WOW64) AppleWebKit/537.36 (KHTML, like Gecko) Chrome/65.0.3325.181 Safari/537.36',
  'accept' => 'text/html,application/xhtml+xml,application/xml;q=0.9,image/webp,image/apng,*/*;q=0.8',
  'referer' => 'http://php.me/',
  'accept-encoding' => 'gzip, deflate',
  'accept-language' => 'zh-CN,zh;q=0.9,en-AU;q=0.8,en;q=0.7',
)
[ info ] [ PARAM ] array (
)
[ info ] [ CACHE ] INIT File
[ info ] [ LOG ] INIT File
---------------------------------------------------------------
[ 2018-04-29T16:57:06+08:00 ] 127.0.0.1 GET /tp5.1/public/
[ info ] php.me/tp5.1/public/ [运行时间：0.333590s][吞吐率：3.00req/s] [内存消耗：1,089.62kb] [文件加载：52]
[ info ] [ LANG ] D:\WebServer\www\tp5.1\thinkphp/lang/zh-cn.php
[ info ] [ ROUTE ] array (
)
[ info ] [ HEADER ] array (
  'host' => 'php.me',
  'connection' => 'keep-alive',
  'upgrade-insecure-requests' => '1',
  'user-agent' => 'Mozilla/5.0 (Windows NT 10.0; WOW64) AppleWebKit/537.36 (KHTML, like Gecko) Chrome/65.0.3325.181 Safari/537.36',
  'accept' => 'text/html,application/xhtml+xml,application/xml;q=0.9,image/webp,image/apng,*/*;q=0.8',
  'referer' => 'http://php.me/',
  'accept-encoding' => 'gzip, deflate',
  'accept-language' => 'zh-CN,zh;q=0.9,en-AU;q=0.8,en;q=0.7',
)
[ info ] [ PARAM ] array (
)
[ info ] [ CACHE ] INIT File
[ info ] [ LOG ] INIT File
---------------------------------------------------------------
[ 2018-04-29T17:03:55+08:00 ] 127.0.0.1 GET /tp5.1/public/
[ info ] php.me/tp5.1/public/ [运行时间：0.018080s][吞吐率：55.31req/s] [内存消耗：1,090.47kb] [文件加载：52]
[ info ] [ LANG ] D:\WebServer\www\tp5.1\thinkphp/lang/zh-cn.php
[ info ] [ ROUTE ] array (
)
[ info ] [ HEADER ] array (
  'host' => 'php.me',
  'connection' => 'keep-alive',
  'cache-control' => 'max-age=0',
  'upgrade-insecure-requests' => '1',
  'user-agent' => 'Mozilla/5.0 (Windows NT 10.0; WOW64) AppleWebKit/537.36 (KHTML, like Gecko) Chrome/65.0.3325.181 Safari/537.36',
  'accept' => 'text/html,application/xhtml+xml,application/xml;q=0.9,image/webp,image/apng,*/*;q=0.8',
  'referer' => 'http://php.me/',
  'accept-encoding' => 'gzip, deflate',
  'accept-language' => 'zh-CN,zh;q=0.9,en-AU;q=0.8,en;q=0.7',
  'cookie' => 'thinkphp_show_page_trace=0|0',
)
[ info ] [ PARAM ] array (
)
[ info ] [ CACHE ] INIT File
[ info ] [ LOG ] INIT File
---------------------------------------------------------------
[ 2018-04-29T17:07:32+08:00 ] 127.0.0.1 GET /tp5.1/public/
[ info ] php.me/tp5.1/public/ [运行时间：0.034114s][吞吐率：29.31req/s] [内存消耗：1,090.14kb] [文件加载：52]
[ info ] [ LANG ] D:\WebServer\www\tp5.1\thinkphp/lang/zh-cn.php
[ info ] [ ROUTE ] array (
)
[ info ] [ HEADER ] array (
  'host' => 'php.me',
  'connection' => 'keep-alive',
  'upgrade-insecure-requests' => '1',
  'user-agent' => 'Mozilla/5.0 (Windows NT 10.0; WOW64) AppleWebKit/537.36 (KHTML, like Gecko) Chrome/65.0.3325.181 Safari/537.36',
  'accept' => 'text/html,application/xhtml+xml,application/xml;q=0.9,image/webp,image/apng,*/*;q=0.8',
  'referer' => 'http://php.me/',
  'accept-encoding' => 'gzip, deflate',
  'accept-language' => 'zh-CN,zh;q=0.9,en-AU;q=0.8,en;q=0.7',
  'cookie' => 'thinkphp_show_page_trace=0|0',
)
[ info ] [ PARAM ] array (
)
[ info ] [ CACHE ] INIT File
[ info ] [ LOG ] INIT File
---------------------------------------------------------------
[ 2018-04-29T17:08:01+08:00 ] 127.0.0.1 GET /tp5.1/public/Demo5/update
[ info ] php.me/tp5.1/public/Demo5/update [运行时间：0.096245s][吞吐率：10.39req/s] [内存消耗：1,120.82kb] [文件加载：55]
[ info ] [ LANG ] D:\WebServer\www\tp5.1\thinkphp/lang/zh-cn.php
[ info ] [ ROUTE ] array (
)
[ info ] [ HEADER ] array (
  'host' => 'php.me',
  'connection' => 'keep-alive',
  'upgrade-insecure-requests' => '1',
  'user-agent' => 'Mozilla/5.0 (Windows NT 10.0; WOW64) AppleWebKit/537.36 (KHTML, like Gecko) Chrome/65.0.3325.181 Safari/537.36',
  'accept' => 'text/html,application/xhtml+xml,application/xml;q=0.9,image/webp,image/apng,*/*;q=0.8',
  'accept-encoding' => 'gzip, deflate',
  'accept-language' => 'zh-CN,zh;q=0.9,en-AU;q=0.8,en;q=0.7',
  'cookie' => 'thinkphp_show_page_trace=0|0',
)
[ info ] [ PARAM ] array (
)
[ info ] [ CACHE ] INIT File
[ info ] [ LOG ] INIT File
---------------------------------------------------------------
[ 2018-04-29T17:08:20+08:00 ] 127.0.0.1 GET /tp5.1/public/Demo5/index./update
[ info ] php.me/tp5.1/public/Demo5/index./update [运行时间：0.022817s][吞吐率：43.83req/s] [内存消耗：1,120.88kb] [文件加载：55]
[ info ] [ LANG ] D:\WebServer\www\tp5.1\thinkphp/lang/zh-cn.php
[ info ] [ ROUTE ] array (
)
[ info ] [ HEADER ] array (
  'host' => 'php.me',
  'connection' => 'keep-alive',
  'upgrade-insecure-requests' => '1',
  'user-agent' => 'Mozilla/5.0 (Windows NT 10.0; WOW64) AppleWebKit/537.36 (KHTML, like Gecko) Chrome/65.0.3325.181 Safari/537.36',
  'accept' => 'text/html,application/xhtml+xml,application/xml;q=0.9,image/webp,image/apng,*/*;q=0.8',
  'accept-encoding' => 'gzip, deflate',
  'accept-language' => 'zh-CN,zh;q=0.9,en-AU;q=0.8,en;q=0.7',
  'cookie' => 'thinkphp_show_page_trace=0|0; thinkphp_show_page_trace=0|0',
)
[ info ] [ PARAM ] array (
)
[ info ] [ CACHE ] INIT File
[ info ] [ LOG ] INIT File
---------------------------------------------------------------
[ 2018-04-29T17:08:43+08:00 ] 127.0.0.1 GET /tp5.1/public/index/Demo5/update
[ info ] php.me/tp5.1/public/index/Demo5/update [运行时间：0.234142s][吞吐率：4.27req/s] [内存消耗：1,930.91kb] [文件加载：57]
[ info ] [ LANG ] D:\WebServer\www\tp5.1\thinkphp/lang/zh-cn.php
[ info ] [ ROUTE ] array (
)
[ info ] [ HEADER ] array (
  'host' => 'php.me',
  'connection' => 'keep-alive',
  'upgrade-insecure-requests' => '1',
  'user-agent' => 'Mozilla/5.0 (Windows NT 10.0; WOW64) AppleWebKit/537.36 (KHTML, like Gecko) Chrome/65.0.3325.181 Safari/537.36',
  'accept' => 'text/html,application/xhtml+xml,application/xml;q=0.9,image/webp,image/apng,*/*;q=0.8',
  'accept-encoding' => 'gzip, deflate',
  'accept-language' => 'zh-CN,zh;q=0.9,en-AU;q=0.8,en;q=0.7',
  'cookie' => 'thinkphp_show_page_trace=0|0',
)
[ info ] [ PARAM ] array (
)
[ info ] [ DB ] INIT mysql
[ info ] [ CACHE ] INIT File
[ info ] [ LOG ] INIT File
[ sql ] [ DB ] CONNECT:[ UseTime:0.014434s ] mysql:host=127.0.0.1;dbname=test_01;charset=utf8
[ sql ] [ SQL ] SHOW COLUMNS FROM `users` [ RunTime:0.017330s ]
[ sql ] [ SQL ] UPDATE `users`  SET `username`='喜洋洋'  WHERE  `id` = 3 [ RunTime:0.007325s ]
---------------------------------------------------------------
[ 2018-04-29T17:09:47+08:00 ] 127.0.0.1 GET /tp5.1/public/index/Demo5/update
[ info ] php.me/tp5.1/public/index/Demo5/update [运行时间：0.063726s][吞吐率：15.69req/s] [内存消耗：1,931.59kb] [文件加载：57]
[ info ] [ LANG ] D:\WebServer\www\tp5.1\thinkphp/lang/zh-cn.php
[ info ] [ ROUTE ] array (
)
[ info ] [ HEADER ] array (
  'host' => 'php.me',
  'connection' => 'keep-alive',
  'cache-control' => 'max-age=0',
  'upgrade-insecure-requests' => '1',
  'user-agent' => 'Mozilla/5.0 (Windows NT 10.0; WOW64) AppleWebKit/537.36 (KHTML, like Gecko) Chrome/65.0.3325.181 Safari/537.36',
  'accept' => 'text/html,application/xhtml+xml,application/xml;q=0.9,image/webp,image/apng,*/*;q=0.8',
  'accept-encoding' => 'gzip, deflate',
  'accept-language' => 'zh-CN,zh;q=0.9,en-AU;q=0.8,en;q=0.7',
  'cookie' => 'thinkphp_show_page_trace=0|0; thinkphp_show_page_trace=0|0',
)
[ info ] [ PARAM ] array (
)
[ info ] [ DB ] INIT mysql
[ info ] [ CACHE ] INIT File
[ info ] [ LOG ] INIT File
[ sql ] [ DB ] CONNECT:[ UseTime:0.001117s ] mysql:host=127.0.0.1;dbname=test_01;charset=utf8
[ sql ] [ SQL ] SHOW COLUMNS FROM `users` [ RunTime:0.002937s ]
[ sql ] [ SQL ] UPDATE `users`  SET `username`='喜洋洋'  WHERE  `id` = 3 [ RunTime:0.004416s ]
---------------------------------------------------------------
[ 2018-04-29T17:10:06+08:00 ] 127.0.0.1 GET /tp5.1/public/index/Demo5/update
[ info ] php.me/tp5.1/public/index/Demo5/update [运行时间：0.077323s][吞吐率：12.93req/s] [内存消耗：1,931.56kb] [文件加载：57]
[ info ] [ LANG ] D:\WebServer\www\tp5.1\thinkphp/lang/zh-cn.php
[ info ] [ ROUTE ] array (
)
[ info ] [ HEADER ] array (
  'host' => 'php.me',
  'connection' => 'keep-alive',
  'cache-control' => 'max-age=0',
  'upgrade-insecure-requests' => '1',
  'user-agent' => 'Mozilla/5.0 (Windows NT 10.0; WOW64) AppleWebKit/537.36 (KHTML, like Gecko) Chrome/65.0.3325.181 Safari/537.36',
  'accept' => 'text/html,application/xhtml+xml,application/xml;q=0.9,image/webp,image/apng,*/*;q=0.8',
  'accept-encoding' => 'gzip, deflate',
  'accept-language' => 'zh-CN,zh;q=0.9,en-AU;q=0.8,en;q=0.7',
  'cookie' => 'thinkphp_show_page_trace=0|0; thinkphp_show_page_trace=0|0',
)
[ info ] [ PARAM ] array (
)
[ info ] [ DB ] INIT mysql
[ info ] [ CACHE ] INIT File
[ info ] [ LOG ] INIT File
[ sql ] [ DB ] CONNECT:[ UseTime:0.011548s ] mysql:host=127.0.0.1;dbname=test_01;charset=utf8
[ sql ] [ SQL ] SHOW COLUMNS FROM `users` [ RunTime:0.001999s ]
[ sql ] [ SQL ] UPDATE `users`  SET `username`='喜洋'  WHERE  `id` = 3 [ RunTime:0.003269s ]
---------------------------------------------------------------
[ 2018-04-29T17:22:47+08:00 ] 127.0.0.1 GET /tp5.1/public/index/Demo5/delete
[ info ] php.me/tp5.1/public/index/Demo5/delete [运行时间：0.062807s][吞吐率：15.92req/s] [内存消耗：1,930.77kb] [文件加载：57]
[ info ] [ LANG ] D:\WebServer\www\tp5.1\thinkphp/lang/zh-cn.php
[ info ] [ ROUTE ] array (
)
[ info ] [ HEADER ] array (
  'host' => 'php.me',
  'connection' => 'keep-alive',
  'upgrade-insecure-requests' => '1',
  'user-agent' => 'Mozilla/5.0 (Windows NT 10.0; WOW64) AppleWebKit/537.36 (KHTML, like Gecko) Chrome/65.0.3325.181 Safari/537.36',
  'accept' => 'text/html,application/xhtml+xml,application/xml;q=0.9,image/webp,image/apng,*/*;q=0.8',
  'accept-encoding' => 'gzip, deflate',
  'accept-language' => 'zh-CN,zh;q=0.9,en-AU;q=0.8,en;q=0.7',
  'cookie' => 'thinkphp_show_page_trace=0|0; thinkphp_show_page_trace=0|0',
)
[ info ] [ PARAM ] array (
)
[ info ] [ DB ] INIT mysql
[ info ] [ CACHE ] INIT File
[ info ] [ LOG ] INIT File
[ sql ] [ DB ] CONNECT:[ UseTime:0.001756s ] mysql:host=127.0.0.1;dbname=test_01;charset=utf8
[ sql ] [ SQL ] SHOW COLUMNS FROM `users` [ RunTime:0.004050s ]
[ sql ] [ SQL ] DELETE FROM `users` WHERE  `id` = 3 [ RunTime:0.009020s ]
---------------------------------------------------------------
[ 2018-04-29T17:23:49+08:00 ] 127.0.0.1 GET /tp5.1/public/index/Demo5/delete
[ info ] php.me/tp5.1/public/index/Demo5/delete [运行时间：0.056801s][吞吐率：17.61req/s] [内存消耗：1,931.45kb] [文件加载：57]
[ info ] [ LANG ] D:\WebServer\www\tp5.1\thinkphp/lang/zh-cn.php
[ info ] [ ROUTE ] array (
)
[ info ] [ HEADER ] array (
  'host' => 'php.me',
  'connection' => 'keep-alive',
  'cache-control' => 'max-age=0',
  'upgrade-insecure-requests' => '1',
  'user-agent' => 'Mozilla/5.0 (Windows NT 10.0; WOW64) AppleWebKit/537.36 (KHTML, like Gecko) Chrome/65.0.3325.181 Safari/537.36',
  'accept' => 'text/html,application/xhtml+xml,application/xml;q=0.9,image/webp,image/apng,*/*;q=0.8',
  'accept-encoding' => 'gzip, deflate',
  'accept-language' => 'zh-CN,zh;q=0.9,en-AU;q=0.8,en;q=0.7',
  'cookie' => 'thinkphp_show_page_trace=0|0; thinkphp_show_page_trace=0|0; PHPSESSID=211p4bs4140tqt1ab2b9hrmkg4',
)
[ info ] [ PARAM ] array (
)
[ info ] [ DB ] INIT mysql
[ info ] [ CACHE ] INIT File
[ info ] [ LOG ] INIT File
[ sql ] [ DB ] CONNECT:[ UseTime:0.011119s ] mysql:host=127.0.0.1;dbname=test_01;charset=utf8
[ sql ] [ SQL ] SHOW COLUMNS FROM `users` [ RunTime:0.001470s ]
[ sql ] [ SQL ] DELETE FROM `users` WHERE  `id` = 3 [ RunTime:0.000579s ]
---------------------------------------------------------------
[ 2018-04-29T17:41:58+08:00 ] 127.0.0.1 GET /tp5.1/public/index/Demo5/query
[ info ] php.me/tp5.1/public/index/Demo5/query [运行时间：0.108097s][吞吐率：9.25req/s] [内存消耗：1,962.39kb] [文件加载：63]
[ info ] [ LANG ] D:\WebServer\www\tp5.1\thinkphp/lang/zh-cn.php
[ info ] [ ROUTE ] array (
)
[ info ] [ HEADER ] array (
  'host' => 'php.me',
  'connection' => 'keep-alive',
  'upgrade-insecure-requests' => '1',
  'user-agent' => 'Mozilla/5.0 (Windows NT 10.0; WOW64) AppleWebKit/537.36 (KHTML, like Gecko) Chrome/65.0.3325.181 Safari/537.36',
  'accept' => 'text/html,application/xhtml+xml,application/xml;q=0.9,image/webp,image/apng,*/*;q=0.8',
  'accept-encoding' => 'gzip, deflate',
  'accept-language' => 'zh-CN,zh;q=0.9,en-AU;q=0.8,en;q=0.7',
  'cookie' => 'thinkphp_show_page_trace=0|0; thinkphp_show_page_trace=0|0; PHPSESSID=211p4bs4140tqt1ab2b9hrmkg4',
)
[ info ] [ PARAM ] array (
)
[ info ] [ DB ] INIT mysql
[ info ] [ CACHE ] INIT File
[ info ] [ LOG ] INIT File
[ sql ] [ DB ] CONNECT:[ UseTime:0.000959s ] mysql:host=127.0.0.1;dbname=test_01;charset=utf8
[ error ] [10501]SQLSTATE[42000]: Syntax error or access violation: 1064 You have an error in your SQL syntax; check the manual that corresponds to your MySQL server version for the right syntax to use near ''users'' at line 1[D:\WebServer\www\tp5.1\thinkphp\library\think\db\Connection.php:675]
---------------------------------------------------------------
[ 2018-04-29T17:42:06+08:00 ] 127.0.0.1 GET /tp5.1/public/index/Demo5/query
[ info ] php.me/tp5.1/public/index/Demo5/query [运行时间：0.046674s][吞吐率：21.43req/s] [内存消耗：1,962.78kb] [文件加载：63]
[ info ] [ LANG ] D:\WebServer\www\tp5.1\thinkphp/lang/zh-cn.php
[ info ] [ ROUTE ] array (
)
[ info ] [ HEADER ] array (
  'host' => 'php.me',
  'connection' => 'keep-alive',
  'cache-control' => 'max-age=0',
  'upgrade-insecure-requests' => '1',
  'user-agent' => 'Mozilla/5.0 (Windows NT 10.0; WOW64) AppleWebKit/537.36 (KHTML, like Gecko) Chrome/65.0.3325.181 Safari/537.36',
  'accept' => 'text/html,application/xhtml+xml,application/xml;q=0.9,image/webp,image/apng,*/*;q=0.8',
  'accept-encoding' => 'gzip, deflate',
  'accept-language' => 'zh-CN,zh;q=0.9,en-AU;q=0.8,en;q=0.7',
  'cookie' => 'thinkphp_show_page_trace=0|0; thinkphp_show_page_trace=0|0; PHPSESSID=211p4bs4140tqt1ab2b9hrmkg4',
)
[ info ] [ PARAM ] array (
)
[ info ] [ DB ] INIT mysql
[ info ] [ CACHE ] INIT File
[ info ] [ LOG ] INIT File
[ sql ] [ DB ] CONNECT:[ UseTime:0.010816s ] mysql:host=127.0.0.1;dbname=test_01;charset=utf8
[ error ] [10501]SQLSTATE[42000]: Syntax error or access violation: 1064 You have an error in your SQL syntax; check the manual that corresponds to your MySQL server version for the right syntax to use near ''users'' at line 1[D:\WebServer\www\tp5.1\thinkphp\library\think\db\Connection.php:675]
---------------------------------------------------------------
[ 2018-04-29T17:43:03+08:00 ] 127.0.0.1 GET /tp5.1/public/index/Demo5/query
[ info ] php.me/tp5.1/public/index/Demo5/query [运行时间：0.046062s][吞吐率：21.71req/s] [内存消耗：1,962.79kb] [文件加载：63]
[ info ] [ LANG ] D:\WebServer\www\tp5.1\thinkphp/lang/zh-cn.php
[ info ] [ ROUTE ] array (
)
[ info ] [ HEADER ] array (
  'host' => 'php.me',
  'connection' => 'keep-alive',
  'cache-control' => 'max-age=0',
  'upgrade-insecure-requests' => '1',
  'user-agent' => 'Mozilla/5.0 (Windows NT 10.0; WOW64) AppleWebKit/537.36 (KHTML, like Gecko) Chrome/65.0.3325.181 Safari/537.36',
  'accept' => 'text/html,application/xhtml+xml,application/xml;q=0.9,image/webp,image/apng,*/*;q=0.8',
  'accept-encoding' => 'gzip, deflate',
  'accept-language' => 'zh-CN,zh;q=0.9,en-AU;q=0.8,en;q=0.7',
  'cookie' => 'thinkphp_show_page_trace=0|0; thinkphp_show_page_trace=0|0; PHPSESSID=211p4bs4140tqt1ab2b9hrmkg4',
)
[ info ] [ PARAM ] array (
)
[ info ] [ DB ] INIT mysql
[ info ] [ CACHE ] INIT File
[ info ] [ LOG ] INIT File
[ sql ] [ DB ] CONNECT:[ UseTime:0.000840s ] mysql:host=127.0.0.1;dbname=test_01;charset=utf8
[ error ] [10501]SQLSTATE[42000]: Syntax error or access violation: 1064 You have an error in your SQL syntax; check the manual that corresponds to your MySQL server version for the right syntax to use near ''users'' at line 1[D:\WebServer\www\tp5.1\thinkphp\library\think\db\Connection.php:675]
---------------------------------------------------------------
[ 2018-04-29T17:43:05+08:00 ] 127.0.0.1 GET /tp5.1/public/index/Demo5/query
[ info ] php.me/tp5.1/public/index/Demo5/query [运行时间：0.050185s][吞吐率：19.93req/s] [内存消耗：1,962.79kb] [文件加载：63]
[ info ] [ LANG ] D:\WebServer\www\tp5.1\thinkphp/lang/zh-cn.php
[ info ] [ ROUTE ] array (
)
[ info ] [ HEADER ] array (
  'host' => 'php.me',
  'connection' => 'keep-alive',
  'cache-control' => 'max-age=0',
  'upgrade-insecure-requests' => '1',
  'user-agent' => 'Mozilla/5.0 (Windows NT 10.0; WOW64) AppleWebKit/537.36 (KHTML, like Gecko) Chrome/65.0.3325.181 Safari/537.36',
  'accept' => 'text/html,application/xhtml+xml,application/xml;q=0.9,image/webp,image/apng,*/*;q=0.8',
  'accept-encoding' => 'gzip, deflate',
  'accept-language' => 'zh-CN,zh;q=0.9,en-AU;q=0.8,en;q=0.7',
  'cookie' => 'thinkphp_show_page_trace=0|0; thinkphp_show_page_trace=0|0; PHPSESSID=211p4bs4140tqt1ab2b9hrmkg4',
)
[ info ] [ PARAM ] array (
)
[ info ] [ DB ] INIT mysql
[ info ] [ CACHE ] INIT File
[ info ] [ LOG ] INIT File
[ sql ] [ DB ] CONNECT:[ UseTime:0.010848s ] mysql:host=127.0.0.1;dbname=test_01;charset=utf8
[ error ] [10501]SQLSTATE[42000]: Syntax error or access violation: 1064 You have an error in your SQL syntax; check the manual that corresponds to your MySQL server version for the right syntax to use near ''users'' at line 1[D:\WebServer\www\tp5.1\thinkphp\library\think\db\Connection.php:675]
---------------------------------------------------------------
[ 2018-04-29T17:43:49+08:00 ] 127.0.0.1 GET /tp5.1/public/index/Demo5/query
[ info ] php.me/tp5.1/public/index/Demo5/query [运行时间：0.030098s][吞吐率：33.22req/s] [内存消耗：1,962.82kb] [文件加载：63]
[ info ] [ LANG ] D:\WebServer\www\tp5.1\thinkphp/lang/zh-cn.php
[ info ] [ ROUTE ] array (
)
[ info ] [ HEADER ] array (
  'host' => 'php.me',
  'connection' => 'keep-alive',
  'cache-control' => 'max-age=0',
  'upgrade-insecure-requests' => '1',
  'user-agent' => 'Mozilla/5.0 (Windows NT 10.0; WOW64) AppleWebKit/537.36 (KHTML, like Gecko) Chrome/65.0.3325.181 Safari/537.36',
  'accept' => 'text/html,application/xhtml+xml,application/xml;q=0.9,image/webp,image/apng,*/*;q=0.8',
  'accept-encoding' => 'gzip, deflate',
  'accept-language' => 'zh-CN,zh;q=0.9,en-AU;q=0.8,en;q=0.7',
  'cookie' => 'thinkphp_show_page_trace=0|0; thinkphp_show_page_trace=0|0; PHPSESSID=211p4bs4140tqt1ab2b9hrmkg4',
)
[ info ] [ PARAM ] array (
)
[ info ] [ DB ] INIT mysql
[ info ] [ CACHE ] INIT File
[ info ] [ LOG ] INIT File
[ sql ] [ DB ] CONNECT:[ UseTime:0.001155s ] mysql:host=127.0.0.1;dbname=test_01;charset=utf8
[ error ] [10501]SQLSTATE[42000]: Syntax error or access violation: 1064 You have an error in your SQL syntax; check the manual that corresponds to your MySQL server version for the right syntax to use near ''users' BY 'id'' at line 1[D:\WebServer\www\tp5.1\thinkphp\library\think\db\Connection.php:675]
---------------------------------------------------------------
[ 2018-04-29T17:43:58+08:00 ] 127.0.0.1 GET /tp5.1/public/index/Demo5/query
[ info ] php.me/tp5.1/public/index/Demo5/query [运行时间：0.077420s][吞吐率：12.92req/s] [内存消耗：1,969.36kb] [文件加载：58]
[ info ] [ LANG ] D:\WebServer\www\tp5.1\thinkphp/lang/zh-cn.php
[ info ] [ ROUTE ] array (
)
[ info ] [ HEADER ] array (
  'host' => 'php.me',
  'connection' => 'keep-alive',
  'cache-control' => 'max-age=0',
  'upgrade-insecure-requests' => '1',
  'user-agent' => 'Mozilla/5.0 (Windows NT 10.0; WOW64) AppleWebKit/537.36 (KHTML, like Gecko) Chrome/65.0.3325.181 Safari/537.36',
  'accept' => 'text/html,application/xhtml+xml,application/xml;q=0.9,image/webp,image/apng,*/*;q=0.8',
  'accept-encoding' => 'gzip, deflate',
  'accept-language' => 'zh-CN,zh;q=0.9,en-AU;q=0.8,en;q=0.7',
  'cookie' => 'thinkphp_show_page_trace=0|0; thinkphp_show_page_trace=0|0; PHPSESSID=211p4bs4140tqt1ab2b9hrmkg4',
)
[ info ] [ PARAM ] array (
)
[ info ] [ DB ] INIT mysql
[ info ] [ CACHE ] INIT File
[ info ] [ LOG ] INIT File
[ sql ] [ DB ] CONNECT:[ UseTime:0.001224s ] mysql:host=127.0.0.1;dbname=test_01;charset=utf8
[ sql ] [ SQL ] SELECT * FROM users [ RunTime:0.000694s ]
---------------------------------------------------------------
[ 2018-04-29T17:51:34+08:00 ] 127.0.0.1 GET /tp5.1/public/index/Demo5/execute
[ info ] php.me/tp5.1/public/index/Demo5/execute [运行时间：0.052376s][吞吐率：19.09req/s] [内存消耗：1,967.92kb] [文件加载：63]
[ info ] [ LANG ] D:\WebServer\www\tp5.1\thinkphp/lang/zh-cn.php
[ info ] [ ROUTE ] array (
)
[ info ] [ HEADER ] array (
  'host' => 'php.me',
  'connection' => 'keep-alive',
  'upgrade-insecure-requests' => '1',
  'user-agent' => 'Mozilla/5.0 (Windows NT 10.0; WOW64) AppleWebKit/537.36 (KHTML, like Gecko) Chrome/65.0.3325.181 Safari/537.36',
  'accept' => 'text/html,application/xhtml+xml,application/xml;q=0.9,image/webp,image/apng,*/*;q=0.8',
  'accept-encoding' => 'gzip, deflate',
  'accept-language' => 'zh-CN,zh;q=0.9,en-AU;q=0.8,en;q=0.7',
  'cookie' => 'thinkphp_show_page_trace=0|0; thinkphp_show_page_trace=0|0; PHPSESSID=211p4bs4140tqt1ab2b9hrmkg4',
)
[ info ] [ PARAM ] array (
)
[ info ] [ DB ] INIT mysql
[ info ] [ CACHE ] INIT File
[ info ] [ LOG ] INIT File
[ sql ] [ DB ] CONNECT:[ UseTime:0.001390s ] mysql:host=127.0.0.1;dbname=test_01;charset=utf8
[ error ] [10501]SQLSTATE[22007]: Invalid datetime format: 1292 Truncated incorrect DOUBLE value: 'id'[D:\WebServer\www\tp5.1\thinkphp\library\think\db\Connection.php:754]
---------------------------------------------------------------
[ 2018-04-29T17:51:46+08:00 ] 127.0.0.1 GET /tp5.1/public/index/Demo5/execute
[ info ] php.me/tp5.1/public/index/Demo5/execute [运行时间：0.039859s][吞吐率：25.09req/s] [内存消耗：1,962.61kb] [文件加载：63]
[ info ] [ LANG ] D:\WebServer\www\tp5.1\thinkphp/lang/zh-cn.php
[ info ] [ ROUTE ] array (
)
[ info ] [ HEADER ] array (
  'host' => 'php.me',
  'connection' => 'keep-alive',
  'cache-control' => 'max-age=0',
  'upgrade-insecure-requests' => '1',
  'user-agent' => 'Mozilla/5.0 (Windows NT 10.0; WOW64) AppleWebKit/537.36 (KHTML, like Gecko) Chrome/65.0.3325.181 Safari/537.36',
  'accept' => 'text/html,application/xhtml+xml,application/xml;q=0.9,image/webp,image/apng,*/*;q=0.8',
  'accept-encoding' => 'gzip, deflate',
  'accept-language' => 'zh-CN,zh;q=0.9,en-AU;q=0.8,en;q=0.7',
  'cookie' => 'thinkphp_show_page_trace=0|0; thinkphp_show_page_trace=0|0; PHPSESSID=211p4bs4140tqt1ab2b9hrmkg4',
)
[ info ] [ PARAM ] array (
)
[ info ] [ DB ] INIT mysql
[ info ] [ CACHE ] INIT File
[ info ] [ LOG ] INIT File
[ sql ] [ DB ] CONNECT:[ UseTime:0.010967s ] mysql:host=127.0.0.1;dbname=test_01;charset=utf8
[ error ] [10501]SQLSTATE[42S22]: Column not found: 1054 Unknown column '邓素川' in 'field list'[D:\WebServer\www\tp5.1\thinkphp\library\think\db\Connection.php:754]
---------------------------------------------------------------
[ 2018-04-29T17:51:53+08:00 ] 127.0.0.1 GET /tp5.1/public/index/Demo5/execute
[ info ] php.me/tp5.1/public/index/Demo5/execute [运行时间：0.040306s][吞吐率：24.81req/s] [内存消耗：1,927.78kb] [文件加载：57]
[ info ] [ LANG ] D:\WebServer\www\tp5.1\thinkphp/lang/zh-cn.php
[ info ] [ ROUTE ] array (
)
[ info ] [ HEADER ] array (
  'host' => 'php.me',
  'connection' => 'keep-alive',
  'cache-control' => 'max-age=0',
  'upgrade-insecure-requests' => '1',
  'user-agent' => 'Mozilla/5.0 (Windows NT 10.0; WOW64) AppleWebKit/537.36 (KHTML, like Gecko) Chrome/65.0.3325.181 Safari/537.36',
  'accept' => 'text/html,application/xhtml+xml,application/xml;q=0.9,image/webp,image/apng,*/*;q=0.8',
  'accept-encoding' => 'gzip, deflate',
  'accept-language' => 'zh-CN,zh;q=0.9,en-AU;q=0.8,en;q=0.7',
  'cookie' => 'thinkphp_show_page_trace=0|0; thinkphp_show_page_trace=0|0; PHPSESSID=211p4bs4140tqt1ab2b9hrmkg4',
)
[ info ] [ PARAM ] array (
)
[ info ] [ DB ] INIT mysql
[ info ] [ CACHE ] INIT File
[ info ] [ LOG ] INIT File
[ sql ] [ DB ] CONNECT:[ UseTime:0.011343s ] mysql:host=127.0.0.1;dbname=test_01;charset=utf8
[ sql ] [ SQL ] UPDATE users SET username = '邓素川' WHERE id = 2 [ RunTime:0.003843s ]
---------------------------------------------------------------
[ 2018-04-29T17:55:46+08:00 ] 127.0.0.1 GET /tp5.1/public/index/Demo5/execute
[ info ] php.me/tp5.1/public/index/Demo5/execute [运行时间：0.046608s][吞吐率：21.46req/s] [内存消耗：1,962.64kb] [文件加载：63]
[ info ] [ LANG ] D:\WebServer\www\tp5.1\thinkphp/lang/zh-cn.php
[ info ] [ ROUTE ] array (
)
[ info ] [ HEADER ] array (
  'host' => 'php.me',
  'connection' => 'keep-alive',
  'cache-control' => 'max-age=0',
  'upgrade-insecure-requests' => '1',
  'user-agent' => 'Mozilla/5.0 (Windows NT 10.0; WOW64) AppleWebKit/537.36 (KHTML, like Gecko) Chrome/65.0.3325.181 Safari/537.36',
  'accept' => 'text/html,application/xhtml+xml,application/xml;q=0.9,image/webp,image/apng,*/*;q=0.8',
  'accept-encoding' => 'gzip, deflate',
  'accept-language' => 'zh-CN,zh;q=0.9,en-AU;q=0.8,en;q=0.7',
  'cookie' => 'thinkphp_show_page_trace=0|0; thinkphp_show_page_trace=0|0; PHPSESSID=211p4bs4140tqt1ab2b9hrmkg4',
)
[ info ] [ PARAM ] array (
)
[ info ] [ DB ] INIT mysql
[ info ] [ CACHE ] INIT File
[ info ] [ LOG ] INIT File
[ sql ] [ DB ] CONNECT:[ UseTime:0.010448s ] mysql:host=127.0.0.1;dbname=test_01;charset=utf8
[ error ] [10501]SQLSTATE[42S22]: Column not found: 1054 Unknown column 'adbcefg' in 'field list'[D:\WebServer\www\tp5.1\thinkphp\library\think\db\Connection.php:754]
---------------------------------------------------------------
[ 2018-04-29T17:55:54+08:00 ] 127.0.0.1 GET /tp5.1/public/index/Demo5/execute
[ info ] php.me/tp5.1/public/index/Demo5/execute [运行时间：0.046911s][吞吐率：21.32req/s] [内存消耗：1,927.90kb] [文件加载：57]
[ info ] [ LANG ] D:\WebServer\www\tp5.1\thinkphp/lang/zh-cn.php
[ info ] [ ROUTE ] array (
)
[ info ] [ HEADER ] array (
  'host' => 'php.me',
  'connection' => 'keep-alive',
  'cache-control' => 'max-age=0',
  'upgrade-insecure-requests' => '1',
  'user-agent' => 'Mozilla/5.0 (Windows NT 10.0; WOW64) AppleWebKit/537.36 (KHTML, like Gecko) Chrome/65.0.3325.181 Safari/537.36',
  'accept' => 'text/html,application/xhtml+xml,application/xml;q=0.9,image/webp,image/apng,*/*;q=0.8',
  'accept-encoding' => 'gzip, deflate',
  'accept-language' => 'zh-CN,zh;q=0.9,en-AU;q=0.8,en;q=0.7',
  'cookie' => 'thinkphp_show_page_trace=0|0; thinkphp_show_page_trace=0|0; PHPSESSID=211p4bs4140tqt1ab2b9hrmkg4',
)
[ info ] [ PARAM ] array (
)
[ info ] [ DB ] INIT mysql
[ info ] [ CACHE ] INIT File
[ info ] [ LOG ] INIT File
[ sql ] [ DB ] CONNECT:[ UseTime:0.010980s ] mysql:host=127.0.0.1;dbname=test_01;charset=utf8
[ sql ] [ SQL ] INSERT users SET username='超级无敌大傻逼',password='adbcefg',age=23 [ RunTime:0.004247s ]
---------------------------------------------------------------
[ 2018-04-29T18:04:01+08:00 ] 127.0.0.1 GET /tp5.1/public/index/Demo6/get
[ info ] php.me/tp5.1/public/index/Demo6/get [运行时间：0.133402s][吞吐率：7.50req/s] [内存消耗：2,286.95kb] [文件加载：65]
[ info ] [ LANG ] D:\WebServer\www\tp5.1\thinkphp/lang/zh-cn.php
[ info ] [ ROUTE ] array (
)
[ info ] [ HEADER ] array (
  'host' => 'php.me',
  'connection' => 'keep-alive',
  'upgrade-insecure-requests' => '1',
  'user-agent' => 'Mozilla/5.0 (Windows NT 10.0; WOW64) AppleWebKit/537.36 (KHTML, like Gecko) Chrome/65.0.3325.181 Safari/537.36',
  'accept' => 'text/html,application/xhtml+xml,application/xml;q=0.9,image/webp,image/apng,*/*;q=0.8',
  'accept-encoding' => 'gzip, deflate',
  'accept-language' => 'zh-CN,zh;q=0.9,en-AU;q=0.8,en;q=0.7',
  'cookie' => 'thinkphp_show_page_trace=0|0; PHPSESSID=211p4bs4140tqt1ab2b9hrmkg4',
)
[ info ] [ PARAM ] array (
)
[ info ] [ DB ] INIT mysql
[ info ] [ CACHE ] INIT File
[ info ] [ LOG ] INIT File
[ sql ] [ DB ] CONNECT:[ UseTime:0.012145s ] mysql:host=127.0.0.1;dbname=test_01;charset=utf8
[ sql ] [ SQL ] SHOW COLUMNS FROM `users` [ RunTime:0.001284s ]
[ sql ] [ SQL ] SELECT * FROM `users` WHERE  `id` = 4 LIMIT 1 [ RunTime:0.000620s ]
---------------------------------------------------------------
[ 2018-04-29T18:05:46+08:00 ] 127.0.0.1 GET /tp5.1/public/index/Demo6/get
[ info ] php.me/tp5.1/public/index/Demo6/get [运行时间：0.059495s][吞吐率：16.81req/s] [内存消耗：2,273.88kb] [文件加载：64]
[ info ] [ LANG ] D:\WebServer\www\tp5.1\thinkphp/lang/zh-cn.php
[ info ] [ ROUTE ] array (
)
[ info ] [ HEADER ] array (
  'host' => 'php.me',
  'connection' => 'keep-alive',
  'cache-control' => 'max-age=0',
  'upgrade-insecure-requests' => '1',
  'user-agent' => 'Mozilla/5.0 (Windows NT 10.0; WOW64) AppleWebKit/537.36 (KHTML, like Gecko) Chrome/65.0.3325.181 Safari/537.36',
  'accept' => 'text/html,application/xhtml+xml,application/xml;q=0.9,image/webp,image/apng,*/*;q=0.8',
  'accept-encoding' => 'gzip, deflate',
  'accept-language' => 'zh-CN,zh;q=0.9,en-AU;q=0.8,en;q=0.7',
  'cookie' => 'thinkphp_show_page_trace=0|0; thinkphp_show_page_trace=0|0; PHPSESSID=211p4bs4140tqt1ab2b9hrmkg4',
)
[ info ] [ PARAM ] array (
)
[ info ] [ DB ] INIT mysql
[ info ] [ CACHE ] INIT File
[ info ] [ LOG ] INIT File
[ sql ] [ DB ] CONNECT:[ UseTime:0.000973s ] mysql:host=127.0.0.1;dbname=test_01;charset=utf8
[ sql ] [ SQL ] SHOW COLUMNS FROM `users` [ RunTime:0.000884s ]
[ sql ] [ SQL ] SELECT `id`,`username`,`age` FROM `users` WHERE  `id` = 4 LIMIT 1 [ RunTime:0.000668s ]
---------------------------------------------------------------
[ 2018-04-29T18:05:48+08:00 ] 127.0.0.1 GET /tp5.1/public/index/Demo6/get
[ info ] php.me/tp5.1/public/index/Demo6/get [运行时间：0.048568s][吞吐率：20.59req/s] [内存消耗：2,273.88kb] [文件加载：64]
[ info ] [ LANG ] D:\WebServer\www\tp5.1\thinkphp/lang/zh-cn.php
[ info ] [ ROUTE ] array (
)
[ info ] [ HEADER ] array (
  'host' => 'php.me',
  'connection' => 'keep-alive',
  'cache-control' => 'max-age=0',
  'upgrade-insecure-requests' => '1',
  'user-agent' => 'Mozilla/5.0 (Windows NT 10.0; WOW64) AppleWebKit/537.36 (KHTML, like Gecko) Chrome/65.0.3325.181 Safari/537.36',
  'accept' => 'text/html,application/xhtml+xml,application/xml;q=0.9,image/webp,image/apng,*/*;q=0.8',
  'accept-encoding' => 'gzip, deflate',
  'accept-language' => 'zh-CN,zh;q=0.9,en-AU;q=0.8,en;q=0.7',
  'cookie' => 'thinkphp_show_page_trace=0|0; thinkphp_show_page_trace=0|0; PHPSESSID=211p4bs4140tqt1ab2b9hrmkg4',
)
[ info ] [ PARAM ] array (
)
[ info ] [ DB ] INIT mysql
[ info ] [ CACHE ] INIT File
[ info ] [ LOG ] INIT File
[ sql ] [ DB ] CONNECT:[ UseTime:0.001353s ] mysql:host=127.0.0.1;dbname=test_01;charset=utf8
[ sql ] [ SQL ] SHOW COLUMNS FROM `users` [ RunTime:0.004607s ]
[ sql ] [ SQL ] SELECT `id`,`username`,`age` FROM `users` WHERE  `id` = 4 LIMIT 1 [ RunTime:0.000466s ]
---------------------------------------------------------------
[ 2018-04-29T18:06:07+08:00 ] 127.0.0.1 GET /tp5.1/public/index/Demo6/get
[ info ] php.me/tp5.1/public/index/Demo6/get [运行时间：0.058257s][吞吐率：17.17req/s] [内存消耗：2,287.29kb] [文件加载：65]
[ info ] [ LANG ] D:\WebServer\www\tp5.1\thinkphp/lang/zh-cn.php
[ info ] [ ROUTE ] array (
)
[ info ] [ HEADER ] array (
  'host' => 'php.me',
  'connection' => 'keep-alive',
  'cache-control' => 'max-age=0',
  'upgrade-insecure-requests' => '1',
  'user-agent' => 'Mozilla/5.0 (Windows NT 10.0; WOW64) AppleWebKit/537.36 (KHTML, like Gecko) Chrome/65.0.3325.181 Safari/537.36',
  'accept' => 'text/html,application/xhtml+xml,application/xml;q=0.9,image/webp,image/apng,*/*;q=0.8',
  'accept-encoding' => 'gzip, deflate',
  'accept-language' => 'zh-CN,zh;q=0.9,en-AU;q=0.8,en;q=0.7',
  'cookie' => 'thinkphp_show_page_trace=0|0; thinkphp_show_page_trace=0|0; PHPSESSID=211p4bs4140tqt1ab2b9hrmkg4',
)
[ info ] [ PARAM ] array (
)
[ info ] [ DB ] INIT mysql
[ info ] [ CACHE ] INIT File
[ info ] [ LOG ] INIT File
[ sql ] [ DB ] CONNECT:[ UseTime:0.011524s ] mysql:host=127.0.0.1;dbname=test_01;charset=utf8
[ sql ] [ SQL ] SHOW COLUMNS FROM `users` [ RunTime:0.002066s ]
[ sql ] [ SQL ] SELECT `id`,`username`,`age` FROM `users` WHERE  `id` = 4 LIMIT 1 [ RunTime:0.000523s ]
---------------------------------------------------------------
[ 2018-04-29T18:07:56+08:00 ] 127.0.0.1 GET /tp5.1/public/index/Demo6/get
[ info ] php.me/tp5.1/public/index/Demo6/get [运行时间：0.050554s][吞吐率：19.78req/s] [内存消耗：1,125.64kb] [文件加载：56]
[ info ] [ LANG ] D:\WebServer\www\tp5.1\thinkphp/lang/zh-cn.php
[ info ] [ ROUTE ] array (
)
[ info ] [ HEADER ] array (
  'host' => 'php.me',
  'connection' => 'keep-alive',
  'cache-control' => 'max-age=0',
  'upgrade-insecure-requests' => '1',
  'user-agent' => 'Mozilla/5.0 (Windows NT 10.0; WOW64) AppleWebKit/537.36 (KHTML, like Gecko) Chrome/65.0.3325.181 Safari/537.36',
  'accept' => 'text/html,application/xhtml+xml,application/xml;q=0.9,image/webp,image/apng,*/*;q=0.8',
  'accept-encoding' => 'gzip, deflate',
  'accept-language' => 'zh-CN,zh;q=0.9,en-AU;q=0.8,en;q=0.7',
  'cookie' => 'thinkphp_show_page_trace=0|0; thinkphp_show_page_trace=0|0; PHPSESSID=211p4bs4140tqt1ab2b9hrmkg4',
)
[ info ] [ PARAM ] array (
)
[ info ] [ CACHE ] INIT File
[ info ] [ LOG ] INIT File
[ error ] [0]致命错误: Class 'app\index\controller\Db' not found[D:\WebServer\www\tp5.1\application\index\controller\Demo6.php:19]
---------------------------------------------------------------
[ 2018-04-29T18:08:16+08:00 ] 127.0.0.1 GET /tp5.1/public/index/Demo6/get
[ info ] php.me/tp5.1/public/index/Demo6/get [运行时间：0.056774s][吞吐率：17.61req/s] [内存消耗：1,962.18kb] [文件加载：58]
[ info ] [ LANG ] D:\WebServer\www\tp5.1\thinkphp/lang/zh-cn.php
[ info ] [ ROUTE ] array (
)
[ info ] [ HEADER ] array (
  'host' => 'php.me',
  'connection' => 'keep-alive',
  'cache-control' => 'max-age=0',
  'upgrade-insecure-requests' => '1',
  'user-agent' => 'Mozilla/5.0 (Windows NT 10.0; WOW64) AppleWebKit/537.36 (KHTML, like Gecko) Chrome/65.0.3325.181 Safari/537.36',
  'accept' => 'text/html,application/xhtml+xml,application/xml;q=0.9,image/webp,image/apng,*/*;q=0.8',
  'accept-encoding' => 'gzip, deflate',
  'accept-language' => 'zh-CN,zh;q=0.9,en-AU;q=0.8,en;q=0.7',
  'cookie' => 'thinkphp_show_page_trace=0|0; thinkphp_show_page_trace=0|0; PHPSESSID=211p4bs4140tqt1ab2b9hrmkg4',
)
[ info ] [ PARAM ] array (
)
[ info ] [ DB ] INIT mysql
[ info ] [ CACHE ] INIT File
[ info ] [ LOG ] INIT File
[ sql ] [ DB ] CONNECT:[ UseTime:0.011816s ] mysql:host=127.0.0.1;dbname=test_01;charset=utf8
[ sql ] [ SQL ] SHOW COLUMNS FROM `users` [ RunTime:0.002098s ]
[ sql ] [ SQL ] SELECT `id`,`username`,`age` FROM `users` WHERE  `id` = 4 LIMIT 1 [ RunTime:0.000570s ]
---------------------------------------------------------------
[ 2018-04-29T18:11:32+08:00 ] 127.0.0.1 GET /tp5.1/public/index/Demo6/getAll
[ info ] php.me/tp5.1/public/index/Demo6/getAll [运行时间：0.058650s][吞吐率：17.05req/s] [内存消耗：2,260.03kb] [文件加载：68]
[ info ] [ LANG ] D:\WebServer\www\tp5.1\thinkphp/lang/zh-cn.php
[ info ] [ ROUTE ] array (
)
[ info ] [ HEADER ] array (
  'host' => 'php.me',
  'connection' => 'keep-alive',
  'upgrade-insecure-requests' => '1',
  'user-agent' => 'Mozilla/5.0 (Windows NT 10.0; WOW64) AppleWebKit/537.36 (KHTML, like Gecko) Chrome/65.0.3325.181 Safari/537.36',
  'accept' => 'text/html,application/xhtml+xml,application/xml;q=0.9,image/webp,image/apng,*/*;q=0.8',
  'accept-encoding' => 'gzip, deflate',
  'accept-language' => 'zh-CN,zh;q=0.9,en-AU;q=0.8,en;q=0.7',
  'cookie' => 'thinkphp_show_page_trace=0|0; thinkphp_show_page_trace=0|0; PHPSESSID=211p4bs4140tqt1ab2b9hrmkg4',
)
[ info ] [ PARAM ] array (
)
[ info ] [ DB ] INIT mysql
[ info ] [ CACHE ] INIT File
[ info ] [ LOG ] INIT File
[ error ] [0]method not exist:think\db\Query->findAll[D:\WebServer\www\tp5.1\thinkphp\library\think\db\Query.php:177]
---------------------------------------------------------------
[ 2018-04-29T18:12:03+08:00 ] 127.0.0.1 GET /tp5.1/public/index/Demo6/getAll
[ info ] php.me/tp5.1/public/index/Demo6/getAll [运行时间：0.044814s][吞吐率：22.31req/s] [内存消耗：2,260.36kb] [文件加载：68]
[ info ] [ LANG ] D:\WebServer\www\tp5.1\thinkphp/lang/zh-cn.php
[ info ] [ ROUTE ] array (
)
[ info ] [ HEADER ] array (
  'host' => 'php.me',
  'connection' => 'keep-alive',
  'cache-control' => 'max-age=0',
  'upgrade-insecure-requests' => '1',
  'user-agent' => 'Mozilla/5.0 (Windows NT 10.0; WOW64) AppleWebKit/537.36 (KHTML, like Gecko) Chrome/65.0.3325.181 Safari/537.36',
  'accept' => 'text/html,application/xhtml+xml,application/xml;q=0.9,image/webp,image/apng,*/*;q=0.8',
  'accept-encoding' => 'gzip, deflate',
  'accept-language' => 'zh-CN,zh;q=0.9,en-AU;q=0.8,en;q=0.7',
  'cookie' => 'thinkphp_show_page_trace=0|0; thinkphp_show_page_trace=0|0; PHPSESSID=211p4bs4140tqt1ab2b9hrmkg4',
)
[ info ] [ PARAM ] array (
)
[ info ] [ DB ] INIT mysql
[ info ] [ CACHE ] INIT File
[ info ] [ LOG ] INIT File
[ error ] [0]method not exist:think\db\Query->all[D:\WebServer\www\tp5.1\thinkphp\library\think\db\Query.php:177]
---------------------------------------------------------------
[ 2018-04-29T18:12:39+08:00 ] 127.0.0.1 GET /tp5.1/public/index/Demo6/getAll
[ info ] php.me/tp5.1/public/index/Demo6/getAll [运行时间：0.047348s][吞吐率：21.12req/s] [内存消耗：2,260.36kb] [文件加载：68]
[ info ] [ LANG ] D:\WebServer\www\tp5.1\thinkphp/lang/zh-cn.php
[ info ] [ ROUTE ] array (
)
[ info ] [ HEADER ] array (
  'host' => 'php.me',
  'connection' => 'keep-alive',
  'cache-control' => 'max-age=0',
  'upgrade-insecure-requests' => '1',
  'user-agent' => 'Mozilla/5.0 (Windows NT 10.0; WOW64) AppleWebKit/537.36 (KHTML, like Gecko) Chrome/65.0.3325.181 Safari/537.36',
  'accept' => 'text/html,application/xhtml+xml,application/xml;q=0.9,image/webp,image/apng,*/*;q=0.8',
  'accept-encoding' => 'gzip, deflate',
  'accept-language' => 'zh-CN,zh;q=0.9,en-AU;q=0.8,en;q=0.7',
  'cookie' => 'thinkphp_show_page_trace=0|0; thinkphp_show_page_trace=0|0; PHPSESSID=211p4bs4140tqt1ab2b9hrmkg4',
)
[ info ] [ PARAM ] array (
)
[ info ] [ DB ] INIT mysql
[ info ] [ CACHE ] INIT File
[ info ] [ LOG ] INIT File
[ error ] [0]method not exist:think\db\Query->all[D:\WebServer\www\tp5.1\thinkphp\library\think\db\Query.php:177]
---------------------------------------------------------------
[ 2018-04-29T18:12:40+08:00 ] 127.0.0.1 GET /tp5.1/public/index/Demo6/getAll
[ info ] php.me/tp5.1/public/index/Demo6/getAll [运行时间：0.104946s][吞吐率：9.53req/s] [内存消耗：2,324.59kb] [文件加载：67]
[ info ] [ LANG ] D:\WebServer\www\tp5.1\thinkphp/lang/zh-cn.php
[ info ] [ ROUTE ] array (
)
[ info ] [ HEADER ] array (
  'host' => 'php.me',
  'connection' => 'keep-alive',
  'cache-control' => 'max-age=0',
  'upgrade-insecure-requests' => '1',
  'user-agent' => 'Mozilla/5.0 (Windows NT 10.0; WOW64) AppleWebKit/537.36 (KHTML, like Gecko) Chrome/65.0.3325.181 Safari/537.36',
  'accept' => 'text/html,application/xhtml+xml,application/xml;q=0.9,image/webp,image/apng,*/*;q=0.8',
  'accept-encoding' => 'gzip, deflate',
  'accept-language' => 'zh-CN,zh;q=0.9,en-AU;q=0.8,en;q=0.7',
  'cookie' => 'thinkphp_show_page_trace=0|0; thinkphp_show_page_trace=0|0; PHPSESSID=211p4bs4140tqt1ab2b9hrmkg4',
)
[ info ] [ PARAM ] array (
)
[ info ] [ DB ] INIT mysql
[ info ] [ CACHE ] INIT File
[ info ] [ LOG ] INIT File
[ sql ] [ DB ] CONNECT:[ UseTime:0.011363s ] mysql:host=127.0.0.1;dbname=test_01;charset=utf8
[ sql ] [ SQL ] SHOW COLUMNS FROM `users` [ RunTime:0.001511s ]
[ sql ] [ SQL ] SELECT * FROM `users` WHERE  `id` = 4 [ RunTime:0.000389s ]
---------------------------------------------------------------
[ 2018-04-29T18:12:55+08:00 ] 127.0.0.1 GET /tp5.1/public/index/Demo6/getAll
[ info ] php.me/tp5.1/public/index/Demo6/getAll [运行时间：0.042553s][吞吐率：23.50req/s] [内存消耗：2,326.04kb] [文件加载：67]
[ info ] [ LANG ] D:\WebServer\www\tp5.1\thinkphp/lang/zh-cn.php
[ info ] [ ROUTE ] array (
)
[ info ] [ HEADER ] array (
  'host' => 'php.me',
  'connection' => 'keep-alive',
  'cache-control' => 'max-age=0',
  'upgrade-insecure-requests' => '1',
  'user-agent' => 'Mozilla/5.0 (Windows NT 10.0; WOW64) AppleWebKit/537.36 (KHTML, like Gecko) Chrome/65.0.3325.181 Safari/537.36',
  'accept' => 'text/html,application/xhtml+xml,application/xml;q=0.9,image/webp,image/apng,*/*;q=0.8',
  'accept-encoding' => 'gzip, deflate',
  'accept-language' => 'zh-CN,zh;q=0.9,en-AU;q=0.8,en;q=0.7',
  'cookie' => 'thinkphp_show_page_trace=0|0; thinkphp_show_page_trace=0|0; PHPSESSID=211p4bs4140tqt1ab2b9hrmkg4',
)
[ info ] [ PARAM ] array (
)
[ info ] [ DB ] INIT mysql
[ info ] [ CACHE ] INIT File
[ info ] [ LOG ] INIT File
[ sql ] [ DB ] CONNECT:[ UseTime:0.010619s ] mysql:host=127.0.0.1;dbname=test_01;charset=utf8
[ sql ] [ SQL ] SHOW COLUMNS FROM `users` [ RunTime:0.001013s ]
[ sql ] [ SQL ] SELECT * FROM `users` [ RunTime:0.000460s ]
---------------------------------------------------------------
[ 2018-04-29T18:14:53+08:00 ] 127.0.0.1 GET /tp5.1/public/index/Demo6/getAll
[ info ] php.me/tp5.1/public/index/Demo6/getAll [运行时间：0.062677s][吞吐率：15.95req/s] [内存消耗：2,324.46kb] [文件加载：67]
[ info ] [ LANG ] D:\WebServer\www\tp5.1\thinkphp/lang/zh-cn.php
[ info ] [ ROUTE ] array (
)
[ info ] [ HEADER ] array (
  'host' => 'php.me',
  'connection' => 'keep-alive',
  'cache-control' => 'max-age=0',
  'upgrade-insecure-requests' => '1',
  'user-agent' => 'Mozilla/5.0 (Windows NT 10.0; WOW64) AppleWebKit/537.36 (KHTML, like Gecko) Chrome/65.0.3325.181 Safari/537.36',
  'accept' => 'text/html,application/xhtml+xml,application/xml;q=0.9,image/webp,image/apng,*/*;q=0.8',
  'accept-encoding' => 'gzip, deflate',
  'accept-language' => 'zh-CN,zh;q=0.9,en-AU;q=0.8,en;q=0.7',
  'cookie' => 'thinkphp_show_page_trace=0|0; thinkphp_show_page_trace=0|0; PHPSESSID=211p4bs4140tqt1ab2b9hrmkg4',
)
[ info ] [ PARAM ] array (
)
[ info ] [ DB ] INIT mysql
[ info ] [ CACHE ] INIT File
[ info ] [ LOG ] INIT File
[ sql ] [ DB ] CONNECT:[ UseTime:0.010973s ] mysql:host=127.0.0.1;dbname=test_01;charset=utf8
[ sql ] [ SQL ] SHOW COLUMNS FROM `users` [ RunTime:0.001383s ]
[ sql ] [ SQL ] SELECT `id`,`username`,`age` FROM `users` WHERE  `id` IN (0) [ RunTime:0.001298s ]
---------------------------------------------------------------
[ 2018-04-29T18:15:04+08:00 ] 127.0.0.1 GET /tp5.1/public/index/Demo6/getAll
[ info ] php.me/tp5.1/public/index/Demo6/getAll [运行时间：0.052614s][吞吐率：19.01req/s] [内存消耗：2,329.72kb] [文件加载：67]
[ info ] [ LANG ] D:\WebServer\www\tp5.1\thinkphp/lang/zh-cn.php
[ info ] [ ROUTE ] array (
)
[ info ] [ HEADER ] array (
  'host' => 'php.me',
  'connection' => 'keep-alive',
  'cache-control' => 'max-age=0',
  'upgrade-insecure-requests' => '1',
  'user-agent' => 'Mozilla/5.0 (Windows NT 10.0; WOW64) AppleWebKit/537.36 (KHTML, like Gecko) Chrome/65.0.3325.181 Safari/537.36',
  'accept' => 'text/html,application/xhtml+xml,application/xml;q=0.9,image/webp,image/apng,*/*;q=0.8',
  'accept-encoding' => 'gzip, deflate',
  'accept-language' => 'zh-CN,zh;q=0.9,en-AU;q=0.8,en;q=0.7',
  'cookie' => 'thinkphp_show_page_trace=0|0; thinkphp_show_page_trace=0|0; PHPSESSID=211p4bs4140tqt1ab2b9hrmkg4',
)
[ info ] [ PARAM ] array (
)
[ info ] [ DB ] INIT mysql
[ info ] [ CACHE ] INIT File
[ info ] [ LOG ] INIT File
[ sql ] [ DB ] CONNECT:[ UseTime:0.001345s ] mysql:host=127.0.0.1;dbname=test_01;charset=utf8
[ sql ] [ SQL ] SHOW COLUMNS FROM `users` [ RunTime:0.000843s ]
[ sql ] [ SQL ] SELECT `id`,`username`,`age` FROM `users` WHERE  `id` IN (1,2,3,4,5,6,7,8) [ RunTime:0.000477s ]
---------------------------------------------------------------
[ 2018-04-29T18:15:15+08:00 ] 127.0.0.1 GET /tp5.1/public/index/Demo6/getAll
[ info ] php.me/tp5.1/public/index/Demo6/getAll [运行时间：0.061379s][吞吐率：16.29req/s] [内存消耗：2,324.46kb] [文件加载：67]
[ info ] [ LANG ] D:\WebServer\www\tp5.1\thinkphp/lang/zh-cn.php
[ info ] [ ROUTE ] array (
)
[ info ] [ HEADER ] array (
  'host' => 'php.me',
  'connection' => 'keep-alive',
  'cache-control' => 'max-age=0',
  'upgrade-insecure-requests' => '1',
  'user-agent' => 'Mozilla/5.0 (Windows NT 10.0; WOW64) AppleWebKit/537.36 (KHTML, like Gecko) Chrome/65.0.3325.181 Safari/537.36',
  'accept' => 'text/html,application/xhtml+xml,application/xml;q=0.9,image/webp,image/apng,*/*;q=0.8',
  'accept-encoding' => 'gzip, deflate',
  'accept-language' => 'zh-CN,zh;q=0.9,en-AU;q=0.8,en;q=0.7',
  'cookie' => 'thinkphp_show_page_trace=0|0; thinkphp_show_page_trace=0|0; PHPSESSID=211p4bs4140tqt1ab2b9hrmkg4',
)
[ info ] [ PARAM ] array (
)
[ info ] [ DB ] INIT mysql
[ info ] [ CACHE ] INIT File
[ info ] [ LOG ] INIT File
[ sql ] [ DB ] CONNECT:[ UseTime:0.011314s ] mysql:host=127.0.0.1;dbname=test_01;charset=utf8
[ sql ] [ SQL ] SHOW COLUMNS FROM `users` [ RunTime:0.000885s ]
[ sql ] [ SQL ] SELECT `id`,`username`,`age` FROM `users` WHERE  `id` IN (0) [ RunTime:0.000316s ]
---------------------------------------------------------------
[ 2018-04-29T18:15:22+08:00 ] 127.0.0.1 GET /tp5.1/public/index/Demo6/getAll
[ info ] php.me/tp5.1/public/index/Demo6/getAll [运行时间：0.051928s][吞吐率：19.26req/s] [内存消耗：2,324.49kb] [文件加载：67]
[ info ] [ LANG ] D:\WebServer\www\tp5.1\thinkphp/lang/zh-cn.php
[ info ] [ ROUTE ] array (
)
[ info ] [ HEADER ] array (
  'host' => 'php.me',
  'connection' => 'keep-alive',
  'cache-control' => 'max-age=0',
  'upgrade-insecure-requests' => '1',
  'user-agent' => 'Mozilla/5.0 (Windows NT 10.0; WOW64) AppleWebKit/537.36 (KHTML, like Gecko) Chrome/65.0.3325.181 Safari/537.36',
  'accept' => 'text/html,application/xhtml+xml,application/xml;q=0.9,image/webp,image/apng,*/*;q=0.8',
  'accept-encoding' => 'gzip, deflate',
  'accept-language' => 'zh-CN,zh;q=0.9,en-AU;q=0.8,en;q=0.7',
  'cookie' => 'thinkphp_show_page_trace=0|0; thinkphp_show_page_trace=0|0; PHPSESSID=211p4bs4140tqt1ab2b9hrmkg4',
)
[ info ] [ PARAM ] array (
)
[ info ] [ DB ] INIT mysql
[ info ] [ CACHE ] INIT File
[ info ] [ LOG ] INIT File
[ sql ] [ DB ] CONNECT:[ UseTime:0.010956s ] mysql:host=127.0.0.1;dbname=test_01;charset=utf8
[ sql ] [ SQL ] SHOW COLUMNS FROM `users` [ RunTime:0.000780s ]
[ sql ] [ SQL ] SELECT `id`,`username`,`age` FROM `users` WHERE  `id` IN (999) [ RunTime:0.000282s ]
---------------------------------------------------------------
[ 2018-04-29T18:15:24+08:00 ] 127.0.0.1 GET /tp5.1/public/index/Demo6/getAll
[ info ] php.me/tp5.1/public/index/Demo6/getAll [运行时间：0.044696s][吞吐率：22.37req/s] [内存消耗：2,324.49kb] [文件加载：67]
[ info ] [ LANG ] D:\WebServer\www\tp5.1\thinkphp/lang/zh-cn.php
[ info ] [ ROUTE ] array (
)
[ info ] [ HEADER ] array (
  'host' => 'php.me',
  'connection' => 'keep-alive',
  'cache-control' => 'max-age=0',
  'upgrade-insecure-requests' => '1',
  'user-agent' => 'Mozilla/5.0 (Windows NT 10.0; WOW64) AppleWebKit/537.36 (KHTML, like Gecko) Chrome/65.0.3325.181 Safari/537.36',
  'accept' => 'text/html,application/xhtml+xml,application/xml;q=0.9,image/webp,image/apng,*/*;q=0.8',
  'accept-encoding' => 'gzip, deflate',
  'accept-language' => 'zh-CN,zh;q=0.9,en-AU;q=0.8,en;q=0.7',
  'cookie' => 'thinkphp_show_page_trace=0|0; thinkphp_show_page_trace=0|0; PHPSESSID=211p4bs4140tqt1ab2b9hrmkg4',
)
[ info ] [ PARAM ] array (
)
[ info ] [ DB ] INIT mysql
[ info ] [ CACHE ] INIT File
[ info ] [ LOG ] INIT File
[ sql ] [ DB ] CONNECT:[ UseTime:0.011506s ] mysql:host=127.0.0.1;dbname=test_01;charset=utf8
[ sql ] [ SQL ] SHOW COLUMNS FROM `users` [ RunTime:0.000805s ]
[ sql ] [ SQL ] SELECT `id`,`username`,`age` FROM `users` WHERE  `id` IN (999) [ RunTime:0.000396s ]
---------------------------------------------------------------
[ 2018-04-29T18:15:33+08:00 ] 127.0.0.1 GET /tp5.1/public/index/Demo6/getAll
[ info ] php.me/tp5.1/public/index/Demo6/getAll [运行时间：0.053338s][吞吐率：18.75req/s] [内存消耗：2,326.04kb] [文件加载：67]
[ info ] [ LANG ] D:\WebServer\www\tp5.1\thinkphp/lang/zh-cn.php
[ info ] [ ROUTE ] array (
)
[ info ] [ HEADER ] array (
  'host' => 'php.me',
  'connection' => 'keep-alive',
  'cache-control' => 'max-age=0',
  'upgrade-insecure-requests' => '1',
  'user-agent' => 'Mozilla/5.0 (Windows NT 10.0; WOW64) AppleWebKit/537.36 (KHTML, like Gecko) Chrome/65.0.3325.181 Safari/537.36',
  'accept' => 'text/html,application/xhtml+xml,application/xml;q=0.9,image/webp,image/apng,*/*;q=0.8',
  'accept-encoding' => 'gzip, deflate',
  'accept-language' => 'zh-CN,zh;q=0.9,en-AU;q=0.8,en;q=0.7',
  'cookie' => 'thinkphp_show_page_trace=0|0; thinkphp_show_page_trace=0|0; PHPSESSID=211p4bs4140tqt1ab2b9hrmkg4',
)
[ info ] [ PARAM ] array (
)
[ info ] [ DB ] INIT mysql
[ info ] [ CACHE ] INIT File
[ info ] [ LOG ] INIT File
[ sql ] [ DB ] CONNECT:[ UseTime:0.011471s ] mysql:host=127.0.0.1;dbname=test_01;charset=utf8
[ sql ] [ SQL ] SHOW COLUMNS FROM `users` [ RunTime:0.000893s ]
[ sql ] [ SQL ] SELECT `id`,`username`,`age` FROM `users` WHERE  `id` IN (1,2,3) [ RunTime:0.000617s ]
---------------------------------------------------------------
[ 2018-04-29T18:16:38+08:00 ] 127.0.0.1 GET /tp5.1/public/index/Demo6/getAll
[ info ] php.me/tp5.1/public/index/Demo6/getAll [运行时间：0.050108s][吞吐率：19.96req/s] [内存消耗：2,324.79kb] [文件加载：67]
[ info ] [ LANG ] D:\WebServer\www\tp5.1\thinkphp/lang/zh-cn.php
[ info ] [ ROUTE ] array (
)
[ info ] [ HEADER ] array (
  'host' => 'php.me',
  'connection' => 'keep-alive',
  'cache-control' => 'max-age=0',
  'upgrade-insecure-requests' => '1',
  'user-agent' => 'Mozilla/5.0 (Windows NT 10.0; WOW64) AppleWebKit/537.36 (KHTML, like Gecko) Chrome/65.0.3325.181 Safari/537.36',
  'accept' => 'text/html,application/xhtml+xml,application/xml;q=0.9,image/webp,image/apng,*/*;q=0.8',
  'accept-encoding' => 'gzip, deflate',
  'accept-language' => 'zh-CN,zh;q=0.9,en-AU;q=0.8,en;q=0.7',
  'cookie' => 'thinkphp_show_page_trace=0|0; thinkphp_show_page_trace=0|0; PHPSESSID=211p4bs4140tqt1ab2b9hrmkg4',
)
[ info ] [ PARAM ] array (
)
[ info ] [ DB ] INIT mysql
[ info ] [ CACHE ] INIT File
[ info ] [ LOG ] INIT File
[ sql ] [ DB ] CONNECT:[ UseTime:0.001396s ] mysql:host=127.0.0.1;dbname=test_01;charset=utf8
[ sql ] [ SQL ] SHOW COLUMNS FROM `users` [ RunTime:0.002002s ]
[ sql ] [ SQL ] SELECT `id`,`username`,`age` FROM `users` [ RunTime:0.000783s ]
