---------------------------------------------------------------
[ 2018-04-30T23:59:20+08:00 ] 127.0.0.1 GET /tp5.1/public/
[ info ] php.me/tp5.1/public/ [运行时间：0.340554s][吞吐率：2.94req/s] [内存消耗：1,089.61kb] [文件加载：52]
[ info ] [ LANG ] D:\WebServer\www\tp5.1\thinkphp/lang/zh-cn.php
[ info ] [ ROUTE ] array (
)
[ info ] [ HEADER ] array (
  'host' => 'php.me',
  'connection' => 'keep-alive',
  'upgrade-insecure-requests' => '1',
  'user-agent' => 'Mozilla/5.0 (Windows NT 10.0; WOW64) AppleWebKit/537.36 (KHTML, like Gecko) Chrome/65.0.3325.181 Safari/537.36',
  'accept' => 'text/html,application/xhtml+xml,application/xml;q=0.9,image/webp,image/apng,*/*;q=0.8',
  'referer' => 'http://php.me/',
  'accept-encoding' => 'gzip, deflate',
  'accept-language' => 'zh-CN,zh;q=0.9,en-AU;q=0.8,en;q=0.7',
)
[ info ] [ PARAM ] array (
)
[ info ] [ CACHE ] INIT File
[ info ] [ LOG ] INIT File
---------------------------------------------------------------
[ 2018-04-30T23:59:31+08:00 ] 127.0.0.1 GET /tp5.1/public/Demo7
[ info ] php.me/tp5.1/public/Demo7 [运行时间：0.115645s][吞吐率：8.65req/s] [内存消耗：1,120.77kb] [文件加载：55]
[ info ] [ LANG ] D:\WebServer\www\tp5.1\thinkphp/lang/zh-cn.php
[ info ] [ ROUTE ] array (
)
[ info ] [ HEADER ] array (
  'host' => 'php.me',
  'connection' => 'keep-alive',
  'upgrade-insecure-requests' => '1',
  'user-agent' => 'Mozilla/5.0 (Windows NT 10.0; WOW64) AppleWebKit/537.36 (KHTML, like Gecko) Chrome/65.0.3325.181 Safari/537.36',
  'accept' => 'text/html,application/xhtml+xml,application/xml;q=0.9,image/webp,image/apng,*/*;q=0.8',
  'accept-encoding' => 'gzip, deflate',
  'accept-language' => 'zh-CN,zh;q=0.9,en-AU;q=0.8,en;q=0.7',
  'cookie' => 'thinkphp_show_page_trace=0|0',
)
[ info ] [ PARAM ] array (
)
[ info ] [ CACHE ] INIT File
[ info ] [ LOG ] INIT File
---------------------------------------------------------------
[ 2018-04-30T23:59:43+08:00 ] 127.0.0.1 GET /tp5.1/public/index/Demo7
[ info ] php.me/tp5.1/public/index/Demo7 [运行时间：0.172558s][吞吐率：5.80req/s] [内存消耗：1,428.73kb] [文件加载：62]
[ info ] [ LANG ] D:\WebServer\www\tp5.1\thinkphp/lang/zh-cn.php
[ info ] [ ROUTE ] array (
)
[ info ] [ HEADER ] array (
  'host' => 'php.me',
  'connection' => 'keep-alive',
  'upgrade-insecure-requests' => '1',
  'user-agent' => 'Mozilla/5.0 (Windows NT 10.0; WOW64) AppleWebKit/537.36 (KHTML, like Gecko) Chrome/65.0.3325.181 Safari/537.36',
  'accept' => 'text/html,application/xhtml+xml,application/xml;q=0.9,image/webp,image/apng,*/*;q=0.8',
  'accept-encoding' => 'gzip, deflate',
  'accept-language' => 'zh-CN,zh;q=0.9,en-AU;q=0.8,en;q=0.7',
  'cookie' => 'thinkphp_show_page_trace=0|0',
)
[ info ] [ PARAM ] array (
)
[ info ] [ CACHE ] INIT File
[ info ] [ LOG ] INIT File
---------------------------------------------------------------
[ 2018-04-30T23:59:49+08:00 ] 127.0.0.1 GET /tp5.1/public/index/Demo7/test1
[ info ] php.me/tp5.1/public/index/Demo7/test1 [运行时间：0.117418s][吞吐率：8.52req/s] [内存消耗：1,530.11kb] [文件加载：62]
[ info ] [ LANG ] D:\WebServer\www\tp5.1\thinkphp/lang/zh-cn.php
[ info ] [ ROUTE ] array (
)
[ info ] [ HEADER ] array (
  'host' => 'php.me',
  'connection' => 'keep-alive',
  'upgrade-insecure-requests' => '1',
  'user-agent' => 'Mozilla/5.0 (Windows NT 10.0; WOW64) AppleWebKit/537.36 (KHTML, like Gecko) Chrome/65.0.3325.181 Safari/537.36',
  'accept' => 'text/html,application/xhtml+xml,application/xml;q=0.9,image/webp,image/apng,*/*;q=0.8',
  'accept-encoding' => 'gzip, deflate',
  'accept-language' => 'zh-CN,zh;q=0.9,en-AU;q=0.8,en;q=0.7',
  'cookie' => 'thinkphp_show_page_trace=0|0; thinkphp_show_page_trace=0|0',
)
[ info ] [ PARAM ] array (
)
[ info ] [ CACHE ] INIT File
[ info ] [ LOG ] INIT File
---------------------------------------------------------------
[ 2018-04-30T23:59:52+08:00 ] 127.0.0.1 GET /tp5.1/public/index/Demo7/test2
[ info ] php.me/tp5.1/public/index/Demo7/test2 [运行时间：0.117400s][吞吐率：8.52req/s] [内存消耗：1,428.31kb] [文件加载：62]
[ info ] [ LANG ] D:\WebServer\www\tp5.1\thinkphp/lang/zh-cn.php
[ info ] [ ROUTE ] array (
)
[ info ] [ HEADER ] array (
  'host' => 'php.me',
  'connection' => 'keep-alive',
  'upgrade-insecure-requests' => '1',
  'user-agent' => 'Mozilla/5.0 (Windows NT 10.0; WOW64) AppleWebKit/537.36 (KHTML, like Gecko) Chrome/65.0.3325.181 Safari/537.36',
  'accept' => 'text/html,application/xhtml+xml,application/xml;q=0.9,image/webp,image/apng,*/*;q=0.8',
  'accept-encoding' => 'gzip, deflate',
  'accept-language' => 'zh-CN,zh;q=0.9,en-AU;q=0.8,en;q=0.7',
  'cookie' => 'thinkphp_show_page_trace=0|0; thinkphp_show_page_trace=0|0; thinkphp_show_page_trace=0|0',
)
[ info ] [ PARAM ] array (
)
[ info ] [ CACHE ] INIT File
[ info ] [ LOG ] INIT File
[ error ] [0]模板文件不存在:D:\WebServer\www\tp5.1\application/index/view\demo7\test2.html[D:\WebServer\www\tp5.1\thinkphp\library\think\view\driver\Think.php:80]
