---------------------------------------------------------------
[ 2018-06-06T23:47:26+08:00 ] 127.0.0.1 GET /
[ info ] zh.me/ [运行时间：0.680992s][吞吐率：1.47req/s] [内存消耗：3,276.78kb] [文件加载：75]
[ info ] [ LANG ] D:\WebServer\www\project\ZH\thinkphp/lang/zh-cn.php
[ info ] [ ROUTE ] array (
)
[ info ] [ HEADER ] array (
  'host' => 'zh.me',
  'connection' => 'keep-alive',
  'upgrade-insecure-requests' => '1',
  'user-agent' => 'Mozilla/5.0 (Windows NT 10.0; WOW64) AppleWebKit/537.36 (KHTML, like Gecko) Chrome/66.0.3359.181 Safari/537.36',
  'accept' => 'text/html,application/xhtml+xml,application/xml;q=0.9,image/webp,image/apng,*/*;q=0.8',
  'dnt' => '1',
  'accept-encoding' => 'gzip, deflate',
  'accept-language' => 'zh-CN,zh;q=0.9,en-AS;q=0.8,en-US;q=0.7,en-AU;q=0.6,en-XA;q=0.5,en;q=0.4',
)
[ info ] [ PARAM ] array (
)
[ info ] [ DB ] INIT mysql
[ info ] [ VIEW ] D:\WebServer\www\project\ZH\application/index/view\index\index.html [ array (
  0 => 'cateList',
  1 => 'pv',
  2 => 'comments',
  3 => 'empty',
  4 => 'articleCount',
  5 => 'artList',
  6 => 'title',
) ]
[ info ] [ SESSION ] INIT array (
  'id' => '',
  'var_session_id' => '',
  'prefix' => 'think',
  'type' => '',
  'auto_start' => true,
  'httponly' => true,
  'secure' => false,
)
[ info ] [ LOG ] INIT File
---------------------------------------------------------------
[ 2018-06-06T23:47:55+08:00 ] 127.0.0.1 GET /index/user/login.html
[ info ] zh.me/index/user/login.html [运行时间：0.138071s][吞吐率：7.24req/s] [内存消耗：2,863.33kb] [文件加载：75]
[ info ] [ LANG ] D:\WebServer\www\project\ZH\thinkphp/lang/zh-cn.php
[ info ] [ ROUTE ] array (
)
[ info ] [ HEADER ] array (
  'host' => 'zh.me',
  'connection' => 'keep-alive',
  'upgrade-insecure-requests' => '1',
  'user-agent' => 'Mozilla/5.0 (Windows NT 10.0; WOW64) AppleWebKit/537.36 (KHTML, like Gecko) Chrome/66.0.3359.181 Safari/537.36',
  'accept' => 'text/html,application/xhtml+xml,application/xml;q=0.9,image/webp,image/apng,*/*;q=0.8',
  'dnt' => '1',
  'referer' => 'http://zh.me/',
  'accept-encoding' => 'gzip, deflate',
  'accept-language' => 'zh-CN,zh;q=0.9,en-AS;q=0.8,en-US;q=0.7,en-AU;q=0.6,en-XA;q=0.5,en;q=0.4',
  'cookie' => 'PHPSESSID=ckoldh5oat7bp2d2olnatk72dc; Hm_lvt_5a0192f8207da980c77f112b59310c12=1528300047; Hm_lpvt_5a0192f8207da980c77f112b59310c12=1528300047',
)
[ info ] [ PARAM ] array (
)
[ info ] [ DB ] INIT mysql
[ info ] [ SESSION ] INIT array (
  'id' => '',
  'var_session_id' => '',
  'prefix' => 'think',
  'type' => '',
  'auto_start' => true,
  'httponly' => true,
  'secure' => false,
)
[ info ] [ VIEW ] D:\WebServer\www\project\ZH\application/index/view\user\login.html [ array (
  0 => 'cateList',
  1 => 'pv',
  2 => 'comments',
  3 => 'empty',
  4 => 'articleCount',
  5 => 'title',
) ]
[ info ] [ LOG ] INIT File
---------------------------------------------------------------
[ 2018-06-06T23:48:10+08:00 ] 127.0.0.1 POST /index/user/logincheck.html
[ info ] zh.me/index/user/logincheck.html [运行时间：0.149271s][吞吐率：6.70req/s] [内存消耗：2,960.21kb] [文件加载：74]
[ info ] [ LANG ] D:\WebServer\www\project\ZH\thinkphp/lang/zh-cn.php
[ info ] [ ROUTE ] array (
)
[ info ] [ HEADER ] array (
  'host' => 'zh.me',
  'connection' => 'keep-alive',
  'content-length' => '39',
  'accept' => 'application/json, text/javascript, */*; q=0.01',
  'origin' => 'http://zh.me',
  'x-requested-with' => 'XMLHttpRequest',
  'user-agent' => 'Mozilla/5.0 (Windows NT 10.0; WOW64) AppleWebKit/537.36 (KHTML, like Gecko) Chrome/66.0.3359.181 Safari/537.36',
  'content-type' => 'application/x-www-form-urlencoded; charset=UTF-8',
  'dnt' => '1',
  'referer' => 'http://zh.me/index/user/login.html',
  'accept-encoding' => 'gzip, deflate',
  'accept-language' => 'zh-CN,zh;q=0.9,en-AS;q=0.8,en-US;q=0.7,en-AU;q=0.6,en-XA;q=0.5,en;q=0.4',
  'cookie' => 'PHPSESSID=ckoldh5oat7bp2d2olnatk72dc; Hm_lvt_5a0192f8207da980c77f112b59310c12=1528300047; Hm_lpvt_5a0192f8207da980c77f112b59310c12=1528300076',
)
[ info ] [ PARAM ] array (
  'email' => 'admin@admin.com',
  'password' => '123456',
)
[ info ] [ DB ] INIT mysql
[ info ] [ LOG ] INIT File
---------------------------------------------------------------
[ 2018-06-06T23:48:15+08:00 ] 127.0.0.1 POST /index/user/logincheck.html
[ info ] zh.me/index/user/logincheck.html [运行时间：0.067362s][吞吐率：14.85req/s] [内存消耗：2,964.65kb] [文件加载：75]
[ info ] [ LANG ] D:\WebServer\www\project\ZH\thinkphp/lang/zh-cn.php
[ info ] [ ROUTE ] array (
)
[ info ] [ HEADER ] array (
  'host' => 'zh.me',
  'connection' => 'keep-alive',
  'content-length' => '42',
  'accept' => 'application/json, text/javascript, */*; q=0.01',
  'origin' => 'http://zh.me',
  'x-requested-with' => 'XMLHttpRequest',
  'user-agent' => 'Mozilla/5.0 (Windows NT 10.0; WOW64) AppleWebKit/537.36 (KHTML, like Gecko) Chrome/66.0.3359.181 Safari/537.36',
  'content-type' => 'application/x-www-form-urlencoded; charset=UTF-8',
  'dnt' => '1',
  'referer' => 'http://zh.me/index/user/login.html',
  'accept-encoding' => 'gzip, deflate',
  'accept-language' => 'zh-CN,zh;q=0.9,en-AS;q=0.8,en-US;q=0.7,en-AU;q=0.6,en-XA;q=0.5,en;q=0.4',
  'cookie' => 'PHPSESSID=ckoldh5oat7bp2d2olnatk72dc; Hm_lvt_5a0192f8207da980c77f112b59310c12=1528300047; Hm_lpvt_5a0192f8207da980c77f112b59310c12=1528300076',
)
[ info ] [ PARAM ] array (
  'email' => 'admin@admin.com',
  'password' => '123456789',
)
[ info ] [ DB ] INIT mysql
[ info ] [ SESSION ] INIT array (
  'id' => '',
  'var_session_id' => '',
  'prefix' => 'think',
  'type' => '',
  'auto_start' => true,
  'httponly' => true,
  'secure' => false,
)
[ info ] [ LOG ] INIT File
---------------------------------------------------------------
[ 2018-06-06T23:48:16+08:00 ] 127.0.0.1 GET /
[ info ] zh.me/ [运行时间：0.101165s][吞吐率：9.88req/s] [内存消耗：3,307.16kb] [文件加载：75]
[ info ] [ LANG ] D:\WebServer\www\project\ZH\thinkphp/lang/zh-cn.php
[ info ] [ ROUTE ] array (
)
[ info ] [ HEADER ] array (
  'host' => 'zh.me',
  'connection' => 'keep-alive',
  'upgrade-insecure-requests' => '1',
  'user-agent' => 'Mozilla/5.0 (Windows NT 10.0; WOW64) AppleWebKit/537.36 (KHTML, like Gecko) Chrome/66.0.3359.181 Safari/537.36',
  'accept' => 'text/html,application/xhtml+xml,application/xml;q=0.9,image/webp,image/apng,*/*;q=0.8',
  'dnt' => '1',
  'referer' => 'http://zh.me/index/user/login.html',
  'accept-encoding' => 'gzip, deflate',
  'accept-language' => 'zh-CN,zh;q=0.9,en-AS;q=0.8,en-US;q=0.7,en-AU;q=0.6,en-XA;q=0.5,en;q=0.4',
  'cookie' => 'PHPSESSID=ckoldh5oat7bp2d2olnatk72dc; Hm_lvt_5a0192f8207da980c77f112b59310c12=1528300047; Hm_lpvt_5a0192f8207da980c77f112b59310c12=1528300076',
)
[ info ] [ PARAM ] array (
)
[ info ] [ DB ] INIT mysql
[ info ] [ VIEW ] D:\WebServer\www\project\ZH\application/index/view\index\index.html [ array (
  0 => 'cateList',
  1 => 'pv',
  2 => 'comments',
  3 => 'empty',
  4 => 'articleCount',
  5 => 'artList',
  6 => 'title',
) ]
[ info ] [ SESSION ] INIT array (
  'id' => '',
  'var_session_id' => '',
  'prefix' => 'think',
  'type' => '',
  'auto_start' => true,
  'httponly' => true,
  'secure' => false,
)
[ info ] [ LOG ] INIT File
---------------------------------------------------------------
[ 2018-06-06T23:48:18+08:00 ] 127.0.0.1 GET /admin/userList.html
[ info ] zh.me/admin/userList.html [运行时间：0.106406s][吞吐率：9.40req/s] [内存消耗：2,529.73kb] [文件加载：71]
[ info ] [ LANG ] D:\WebServer\www\project\ZH\thinkphp/lang/zh-cn.php
[ info ] [ ROUTE ] array (
  'rule' => 'admin/userList',
  'route' => 'admin/user/userList',
  'option' => 
  array (
    'ext' => 'html',
  ),
  'var' => 
  array (
  ),
)
[ info ] [ HEADER ] array (
  'host' => 'zh.me',
  'connection' => 'keep-alive',
  'upgrade-insecure-requests' => '1',
  'user-agent' => 'Mozilla/5.0 (Windows NT 10.0; WOW64) AppleWebKit/537.36 (KHTML, like Gecko) Chrome/66.0.3359.181 Safari/537.36',
  'accept' => 'text/html,application/xhtml+xml,application/xml;q=0.9,image/webp,image/apng,*/*;q=0.8',
  'dnt' => '1',
  'referer' => 'http://zh.me/',
  'accept-encoding' => 'gzip, deflate',
  'accept-language' => 'zh-CN,zh;q=0.9,en-AS;q=0.8,en-US;q=0.7,en-AU;q=0.6,en-XA;q=0.5,en;q=0.4',
  'cookie' => 'PHPSESSID=ckoldh5oat7bp2d2olnatk72dc; Hm_lvt_5a0192f8207da980c77f112b59310c12=1528300047; Hm_lpvt_5a0192f8207da980c77f112b59310c12=1528300096',
)
[ info ] [ PARAM ] array (
)
[ info ] [ SESSION ] INIT array (
  'id' => '',
  'var_session_id' => '',
  'prefix' => 'think',
  'type' => '',
  'auto_start' => true,
  'httponly' => true,
  'secure' => false,
)
[ info ] [ DB ] INIT mysql
[ info ] [ VIEW ] D:\WebServer\www\project\ZH\application/admin/view\user\userList.html [ array (
  0 => 'title',
  1 => 'empty',
  2 => 'userList',
) ]
[ info ] [ LOG ] INIT File
