---------------------------------------------------------------
[ 2018-06-07T21:29:23+08:00 ] 127.0.0.1 GET /
[ info ] zh.me/ [运行时间：0.630322s][吞吐率：1.59req/s] [内存消耗：3,276.78kb] [文件加载：75]
[ info ] [ LANG ] D:\WebServer\www\project\ZH\thinkphp/lang/zh-cn.php
[ info ] [ ROUTE ] array (
)
[ info ] [ HEADER ] array (
  'host' => 'zh.me',
  'connection' => 'keep-alive',
  'upgrade-insecure-requests' => '1',
  'user-agent' => 'Mozilla/5.0 (Windows NT 10.0; WOW64) AppleWebKit/537.36 (KHTML, like Gecko) Chrome/66.0.3359.181 Safari/537.36',
  'accept' => 'text/html,application/xhtml+xml,application/xml;q=0.9,image/webp,image/apng,*/*;q=0.8',
  'dnt' => '1',
  'accept-encoding' => 'gzip, deflate',
  'accept-language' => 'zh-CN,zh;q=0.9,en-AS;q=0.8,en-US;q=0.7,en-AU;q=0.6,en-XA;q=0.5,en;q=0.4',
)
[ info ] [ PARAM ] array (
)
[ info ] [ DB ] INIT mysql
[ info ] [ VIEW ] D:\WebServer\www\project\ZH\application/index/view\index\index.html [ array (
  0 => 'cateList',
  1 => 'pv',
  2 => 'comments',
  3 => 'empty',
  4 => 'articleCount',
  5 => 'artList',
  6 => 'title',
) ]
[ info ] [ SESSION ] INIT array (
  'id' => '',
  'var_session_id' => '',
  'prefix' => 'think',
  'type' => '',
  'auto_start' => true,
  'httponly' => true,
  'secure' => false,
)
[ info ] [ LOG ] INIT File
---------------------------------------------------------------
[ 2018-06-07T21:29:23+08:00 ] 127.0.0.1 GET /
[ info ] zh.me/ [运行时间：0.113200s][吞吐率：8.83req/s] [内存消耗：3,276.79kb] [文件加载：75]
[ info ] [ LANG ] D:\WebServer\www\project\ZH\thinkphp/lang/zh-cn.php
[ info ] [ ROUTE ] array (
)
[ info ] [ HEADER ] array (
  'host' => 'zh.me',
  'connection' => 'keep-alive',
  'upgrade-insecure-requests' => '1',
  'user-agent' => 'Mozilla/5.0 (Windows NT 10.0; WOW64) AppleWebKit/537.36 (KHTML, like Gecko) Chrome/66.0.3359.181 Safari/537.36',
  'accept' => 'text/html,application/xhtml+xml,application/xml;q=0.9,image/webp,image/apng,*/*;q=0.8',
  'dnt' => '1',
  'accept-encoding' => 'gzip, deflate',
  'accept-language' => 'zh-CN,zh;q=0.9,en-AS;q=0.8,en-US;q=0.7,en-AU;q=0.6,en-XA;q=0.5,en;q=0.4',
)
[ info ] [ PARAM ] array (
)
[ info ] [ DB ] INIT mysql
[ info ] [ VIEW ] D:\WebServer\www\project\ZH\application/index/view\index\index.html [ array (
  0 => 'cateList',
  1 => 'pv',
  2 => 'comments',
  3 => 'empty',
  4 => 'articleCount',
  5 => 'artList',
  6 => 'title',
) ]
[ info ] [ SESSION ] INIT array (
  'id' => '',
  'var_session_id' => '',
  'prefix' => 'think',
  'type' => '',
  'auto_start' => true,
  'httponly' => true,
  'secure' => false,
)
[ info ] [ LOG ] INIT File
---------------------------------------------------------------
[ 2018-06-07T21:29:25+08:00 ] 127.0.0.1 GET /cate/2.html
[ info ] zh.me/cate/2.html [运行时间：0.102676s][吞吐率：9.74req/s] [内存消耗：3,011.14kb] [文件加载：74]
[ info ] [ LANG ] D:\WebServer\www\project\ZH\thinkphp/lang/zh-cn.php
[ info ] [ ROUTE ] array (
  'rule' => 'cate/:cate_id',
  'route' => 'index/index/index',
  'option' => 
  array (
    'ext' => 'html',
  ),
  'var' => 
  array (
    'cate_id' => '2',
  ),
)
[ info ] [ HEADER ] array (
  'host' => 'zh.me',
  'connection' => 'keep-alive',
  'upgrade-insecure-requests' => '1',
  'user-agent' => 'Mozilla/5.0 (Windows NT 10.0; WOW64) AppleWebKit/537.36 (KHTML, like Gecko) Chrome/66.0.3359.181 Safari/537.36',
  'accept' => 'text/html,application/xhtml+xml,application/xml;q=0.9,image/webp,image/apng,*/*;q=0.8',
  'dnt' => '1',
  'referer' => 'http://zh.me/',
  'accept-encoding' => 'gzip, deflate',
  'accept-language' => 'zh-CN,zh;q=0.9,en-AS;q=0.8,en-US;q=0.7,en-AU;q=0.6,en-XA;q=0.5,en;q=0.4',
  'cookie' => 'PHPSESSID=dm7g1745qoqbstmf1cvepslq29; Hm_lvt_5a0192f8207da980c77f112b59310c12=1528378165; Hm_lpvt_5a0192f8207da980c77f112b59310c12=1528378165',
)
[ info ] [ PARAM ] array (
  'cate_id' => '2',
)
[ info ] [ DB ] INIT mysql
[ info ] [ VIEW ] D:\WebServer\www\project\ZH\application/index/view\index\index.html [ array (
  0 => 'cateList',
  1 => 'pv',
  2 => 'comments',
  3 => 'empty',
  4 => 'articleCount',
  5 => 'cateName',
  6 => 'artList',
  7 => 'title',
) ]
[ info ] [ SESSION ] INIT array (
  'id' => '',
  'var_session_id' => '',
  'prefix' => 'think',
  'type' => '',
  'auto_start' => true,
  'httponly' => true,
  'secure' => false,
)
[ info ] [ LOG ] INIT File
