---------------------------------------------------------------
[ 2018-06-11T09:21:55+08:00 ] 127.0.0.1 GET /
[ info ] zh.me/ [运行时间：0.605045s][吞吐率：1.65req/s] [内存消耗：3,276.78kb] [文件加载：75]
[ info ] [ LANG ] D:\WebServer\www\project\ZH\thinkphp/lang/zh-cn.php
[ info ] [ ROUTE ] array (
)
[ info ] [ HEADER ] array (
  'host' => 'zh.me',
  'connection' => 'keep-alive',
  'upgrade-insecure-requests' => '1',
  'user-agent' => 'Mozilla/5.0 (Windows NT 10.0; WOW64) AppleWebKit/537.36 (KHTML, like Gecko) Chrome/66.0.3359.181 Safari/537.36',
  'accept' => 'text/html,application/xhtml+xml,application/xml;q=0.9,image/webp,image/apng,*/*;q=0.8',
  'dnt' => '1',
  'accept-encoding' => 'gzip, deflate',
  'accept-language' => 'zh-CN,zh;q=0.9,en-AS;q=0.8,en-US;q=0.7,en-AU;q=0.6,en-XA;q=0.5,en;q=0.4',
)
[ info ] [ PARAM ] array (
)
[ info ] [ DB ] INIT mysql
[ info ] [ VIEW ] D:\WebServer\www\project\ZH\application/index/view\index\index.html [ array (
  0 => 'cateList',
  1 => 'pv',
  2 => 'comments',
  3 => 'empty',
  4 => 'articleCount',
  5 => 'artList',
  6 => 'title',
) ]
[ info ] [ SESSION ] INIT array (
  'id' => '',
  'var_session_id' => '',
  'prefix' => 'think',
  'type' => '',
  'auto_start' => true,
  'httponly' => true,
  'secure' => false,
)
[ info ] [ LOG ] INIT File
---------------------------------------------------------------
[ 2018-06-11T09:21:55+08:00 ] 127.0.0.1 GET /
[ info ] zh.me/ [运行时间：0.110723s][吞吐率：9.03req/s] [内存消耗：3,276.79kb] [文件加载：75]
[ info ] [ LANG ] D:\WebServer\www\project\ZH\thinkphp/lang/zh-cn.php
[ info ] [ ROUTE ] array (
)
[ info ] [ HEADER ] array (
  'host' => 'zh.me',
  'connection' => 'keep-alive',
  'upgrade-insecure-requests' => '1',
  'user-agent' => 'Mozilla/5.0 (Windows NT 10.0; WOW64) AppleWebKit/537.36 (KHTML, like Gecko) Chrome/66.0.3359.181 Safari/537.36',
  'accept' => 'text/html,application/xhtml+xml,application/xml;q=0.9,image/webp,image/apng,*/*;q=0.8',
  'dnt' => '1',
  'accept-encoding' => 'gzip, deflate',
  'accept-language' => 'zh-CN,zh;q=0.9,en-AS;q=0.8,en-US;q=0.7,en-AU;q=0.6,en-XA;q=0.5,en;q=0.4',
)
[ info ] [ PARAM ] array (
)
[ info ] [ DB ] INIT mysql
[ info ] [ VIEW ] D:\WebServer\www\project\ZH\application/index/view\index\index.html [ array (
  0 => 'cateList',
  1 => 'pv',
  2 => 'comments',
  3 => 'empty',
  4 => 'articleCount',
  5 => 'artList',
  6 => 'title',
) ]
[ info ] [ SESSION ] INIT array (
  'id' => '',
  'var_session_id' => '',
  'prefix' => 'think',
  'type' => '',
  'auto_start' => true,
  'httponly' => true,
  'secure' => false,
)
[ info ] [ LOG ] INIT File
---------------------------------------------------------------
[ 2018-06-11T09:22:08+08:00 ] 127.0.0.1 GET /index/cc/getname
[ info ] zh.me/index/cc/getname [运行时间：0.101353s][吞吐率：9.87req/s] [内存消耗：1,032.59kb] [文件加载：49]
[ info ] [ LANG ] D:\WebServer\www\project\ZH\thinkphp/lang/zh-cn.php
[ info ] [ ROUTE ] array (
)
[ info ] [ HEADER ] array (
  'host' => 'zh.me',
  'connection' => 'keep-alive',
  'upgrade-insecure-requests' => '1',
  'user-agent' => 'Mozilla/5.0 (Windows NT 10.0; WOW64) AppleWebKit/537.36 (KHTML, like Gecko) Chrome/66.0.3359.181 Safari/537.36',
  'accept' => 'text/html,application/xhtml+xml,application/xml;q=0.9,image/webp,image/apng,*/*;q=0.8',
  'dnt' => '1',
  'accept-encoding' => 'gzip, deflate',
  'accept-language' => 'zh-CN,zh;q=0.9,en-AS;q=0.8,en-US;q=0.7,en-AU;q=0.6,en-XA;q=0.5,en;q=0.4',
  'cookie' => 'PHPSESSID=qnqv7df823eurjpu12auso1lgj; Hm_lvt_5a0192f8207da980c77f112b59310c12=1528680117; Hm_lpvt_5a0192f8207da980c77f112b59310c12=1528680117',
)
[ info ] [ PARAM ] array (
)
[ info ] [ LOG ] INIT File
---------------------------------------------------------------
[ 2018-06-11T09:22:18+08:00 ] 127.0.0.1 GET /index/CC/getname
[ info ] zh.me/index/CC/getname [运行时间：0.034150s][吞吐率：29.28req/s] [内存消耗：1,032.59kb] [文件加载：49]
[ info ] [ LANG ] D:\WebServer\www\project\ZH\thinkphp/lang/zh-cn.php
[ info ] [ ROUTE ] array (
)
[ info ] [ HEADER ] array (
  'host' => 'zh.me',
  'connection' => 'keep-alive',
  'upgrade-insecure-requests' => '1',
  'user-agent' => 'Mozilla/5.0 (Windows NT 10.0; WOW64) AppleWebKit/537.36 (KHTML, like Gecko) Chrome/66.0.3359.181 Safari/537.36',
  'accept' => 'text/html,application/xhtml+xml,application/xml;q=0.9,image/webp,image/apng,*/*;q=0.8',
  'dnt' => '1',
  'accept-encoding' => 'gzip, deflate',
  'accept-language' => 'zh-CN,zh;q=0.9,en-AS;q=0.8,en-US;q=0.7,en-AU;q=0.6,en-XA;q=0.5,en;q=0.4',
  'cookie' => 'PHPSESSID=qnqv7df823eurjpu12auso1lgj; Hm_lvt_5a0192f8207da980c77f112b59310c12=1528680117; Hm_lpvt_5a0192f8207da980c77f112b59310c12=1528680129',
)
[ info ] [ PARAM ] array (
)
[ info ] [ LOG ] INIT File
---------------------------------------------------------------
[ 2018-06-11T09:22:21+08:00 ] 127.0.0.1 GET /index/cc/getname
[ info ] zh.me/index/cc/getname [运行时间：0.031109s][吞吐率：32.15req/s] [内存消耗：1,032.59kb] [文件加载：49]
[ info ] [ LANG ] D:\WebServer\www\project\ZH\thinkphp/lang/zh-cn.php
[ info ] [ ROUTE ] array (
)
[ info ] [ HEADER ] array (
  'host' => 'zh.me',
  'connection' => 'keep-alive',
  'upgrade-insecure-requests' => '1',
  'user-agent' => 'Mozilla/5.0 (Windows NT 10.0; WOW64) AppleWebKit/537.36 (KHTML, like Gecko) Chrome/66.0.3359.181 Safari/537.36',
  'accept' => 'text/html,application/xhtml+xml,application/xml;q=0.9,image/webp,image/apng,*/*;q=0.8',
  'dnt' => '1',
  'accept-encoding' => 'gzip, deflate',
  'accept-language' => 'zh-CN,zh;q=0.9,en-AS;q=0.8,en-US;q=0.7,en-AU;q=0.6,en-XA;q=0.5,en;q=0.4',
  'cookie' => 'PHPSESSID=qnqv7df823eurjpu12auso1lgj; Hm_lvt_5a0192f8207da980c77f112b59310c12=1528680117; Hm_lpvt_5a0192f8207da980c77f112b59310c12=1528680139',
)
[ info ] [ PARAM ] array (
)
[ info ] [ LOG ] INIT File
