---------------------------------------------------------------
[ 2018-06-13T22:49:10+08:00 ] 127.0.0.1 GET /
[ info ] zh.me/ [运行时间：0.789028s][吞吐率：1.27req/s] [内存消耗：3,276.78kb] [文件加载：75]
[ info ] [ LANG ] D:\WebServer\www\project\ZH\thinkphp/lang/zh-cn.php
[ info ] [ ROUTE ] array (
)
[ info ] [ HEADER ] array (
  'host' => 'zh.me',
  'connection' => 'keep-alive',
  'upgrade-insecure-requests' => '1',
  'user-agent' => 'Mozilla/5.0 (Windows NT 10.0; WOW64) AppleWebKit/537.36 (KHTML, like Gecko) Chrome/66.0.3359.181 Safari/537.36',
  'accept' => 'text/html,application/xhtml+xml,application/xml;q=0.9,image/webp,image/apng,*/*;q=0.8',
  'dnt' => '1',
  'accept-encoding' => 'gzip, deflate',
  'accept-language' => 'zh-CN,zh;q=0.9,en-AS;q=0.8,en-US;q=0.7,en-AU;q=0.6,en-XA;q=0.5,en;q=0.4',
)
[ info ] [ PARAM ] array (
)
[ info ] [ DB ] INIT mysql
[ info ] [ VIEW ] D:\WebServer\www\project\ZH\application/index/view\index\index.html [ array (
  0 => 'cateList',
  1 => 'pv',
  2 => 'comments',
  3 => 'empty',
  4 => 'articleCount',
  5 => 'artList',
  6 => 'title',
) ]
[ info ] [ SESSION ] INIT array (
  'id' => '',
  'var_session_id' => '',
  'prefix' => 'think',
  'type' => '',
  'auto_start' => true,
  'httponly' => true,
  'secure' => false,
)
[ info ] [ LOG ] INIT File
---------------------------------------------------------------
[ 2018-06-13T22:49:10+08:00 ] 127.0.0.1 GET /
[ info ] zh.me/ [运行时间：0.094956s][吞吐率：10.53req/s] [内存消耗：3,276.79kb] [文件加载：75]
[ info ] [ LANG ] D:\WebServer\www\project\ZH\thinkphp/lang/zh-cn.php
[ info ] [ ROUTE ] array (
)
[ info ] [ HEADER ] array (
  'host' => 'zh.me',
  'connection' => 'keep-alive',
  'upgrade-insecure-requests' => '1',
  'user-agent' => 'Mozilla/5.0 (Windows NT 10.0; WOW64) AppleWebKit/537.36 (KHTML, like Gecko) Chrome/66.0.3359.181 Safari/537.36',
  'accept' => 'text/html,application/xhtml+xml,application/xml;q=0.9,image/webp,image/apng,*/*;q=0.8',
  'dnt' => '1',
  'accept-encoding' => 'gzip, deflate',
  'accept-language' => 'zh-CN,zh;q=0.9,en-AS;q=0.8,en-US;q=0.7,en-AU;q=0.6,en-XA;q=0.5,en;q=0.4',
)
[ info ] [ PARAM ] array (
)
[ info ] [ DB ] INIT mysql
[ info ] [ VIEW ] D:\WebServer\www\project\ZH\application/index/view\index\index.html [ array (
  0 => 'cateList',
  1 => 'pv',
  2 => 'comments',
  3 => 'empty',
  4 => 'articleCount',
  5 => 'artList',
  6 => 'title',
) ]
[ info ] [ SESSION ] INIT array (
  'id' => '',
  'var_session_id' => '',
  'prefix' => 'think',
  'type' => '',
  'auto_start' => true,
  'httponly' => true,
  'secure' => false,
)
[ info ] [ LOG ] INIT File
---------------------------------------------------------------
[ 2018-06-13T22:49:12+08:00 ] 127.0.0.1 GET /index/user/login.html
[ info ] zh.me/index/user/login.html [运行时间：0.104135s][吞吐率：9.60req/s] [内存消耗：2,863.33kb] [文件加载：75]
[ info ] [ LANG ] D:\WebServer\www\project\ZH\thinkphp/lang/zh-cn.php
[ info ] [ ROUTE ] array (
)
[ info ] [ HEADER ] array (
  'host' => 'zh.me',
  'connection' => 'keep-alive',
  'upgrade-insecure-requests' => '1',
  'user-agent' => 'Mozilla/5.0 (Windows NT 10.0; WOW64) AppleWebKit/537.36 (KHTML, like Gecko) Chrome/66.0.3359.181 Safari/537.36',
  'accept' => 'text/html,application/xhtml+xml,application/xml;q=0.9,image/webp,image/apng,*/*;q=0.8',
  'dnt' => '1',
  'referer' => 'http://zh.me/',
  'accept-encoding' => 'gzip, deflate',
  'accept-language' => 'zh-CN,zh;q=0.9,en-AS;q=0.8,en-US;q=0.7,en-AU;q=0.6,en-XA;q=0.5,en;q=0.4',
  'cookie' => 'PHPSESSID=4qoj1ohoscn643a2a79o5qi5v6; Hm_lvt_5a0192f8207da980c77f112b59310c12=1528901351; Hm_lpvt_5a0192f8207da980c77f112b59310c12=1528901351',
)
[ info ] [ PARAM ] array (
)
[ info ] [ DB ] INIT mysql
[ info ] [ SESSION ] INIT array (
  'id' => '',
  'var_session_id' => '',
  'prefix' => 'think',
  'type' => '',
  'auto_start' => true,
  'httponly' => true,
  'secure' => false,
)
[ info ] [ VIEW ] D:\WebServer\www\project\ZH\application/index/view\user\login.html [ array (
  0 => 'cateList',
  1 => 'pv',
  2 => 'comments',
  3 => 'empty',
  4 => 'articleCount',
  5 => 'title',
) ]
[ info ] [ LOG ] INIT File
---------------------------------------------------------------
[ 2018-06-13T22:49:23+08:00 ] 127.0.0.1 POST /index/user/logincheck.html
[ info ] zh.me/index/user/logincheck.html [运行时间：0.125370s][吞吐率：7.98req/s] [内存消耗：2,964.65kb] [文件加载：75]
[ info ] [ LANG ] D:\WebServer\www\project\ZH\thinkphp/lang/zh-cn.php
[ info ] [ ROUTE ] array (
)
[ info ] [ HEADER ] array (
  'host' => 'zh.me',
  'connection' => 'keep-alive',
  'content-length' => '42',
  'accept' => 'application/json, text/javascript, */*; q=0.01',
  'origin' => 'http://zh.me',
  'x-requested-with' => 'XMLHttpRequest',
  'user-agent' => 'Mozilla/5.0 (Windows NT 10.0; WOW64) AppleWebKit/537.36 (KHTML, like Gecko) Chrome/66.0.3359.181 Safari/537.36',
  'content-type' => 'application/x-www-form-urlencoded; charset=UTF-8',
  'dnt' => '1',
  'referer' => 'http://zh.me/index/user/login.html',
  'accept-encoding' => 'gzip, deflate',
  'accept-language' => 'zh-CN,zh;q=0.9,en-AS;q=0.8,en-US;q=0.7,en-AU;q=0.6,en-XA;q=0.5,en;q=0.4',
  'cookie' => 'PHPSESSID=4qoj1ohoscn643a2a79o5qi5v6; Hm_lvt_5a0192f8207da980c77f112b59310c12=1528901351; Hm_lpvt_5a0192f8207da980c77f112b59310c12=1528901353',
)
[ info ] [ PARAM ] array (
  'email' => 'admin@admin.com',
  'password' => '123456789',
)
[ info ] [ DB ] INIT mysql
[ info ] [ SESSION ] INIT array (
  'id' => '',
  'var_session_id' => '',
  'prefix' => 'think',
  'type' => '',
  'auto_start' => true,
  'httponly' => true,
  'secure' => false,
)
[ info ] [ LOG ] INIT File
---------------------------------------------------------------
[ 2018-06-13T22:49:23+08:00 ] 127.0.0.1 GET /
[ info ] zh.me/ [运行时间：0.127854s][吞吐率：7.82req/s] [内存消耗：3,307.16kb] [文件加载：75]
[ info ] [ LANG ] D:\WebServer\www\project\ZH\thinkphp/lang/zh-cn.php
[ info ] [ ROUTE ] array (
)
[ info ] [ HEADER ] array (
  'host' => 'zh.me',
  'connection' => 'keep-alive',
  'upgrade-insecure-requests' => '1',
  'user-agent' => 'Mozilla/5.0 (Windows NT 10.0; WOW64) AppleWebKit/537.36 (KHTML, like Gecko) Chrome/66.0.3359.181 Safari/537.36',
  'accept' => 'text/html,application/xhtml+xml,application/xml;q=0.9,image/webp,image/apng,*/*;q=0.8',
  'dnt' => '1',
  'referer' => 'http://zh.me/index/user/login.html',
  'accept-encoding' => 'gzip, deflate',
  'accept-language' => 'zh-CN,zh;q=0.9,en-AS;q=0.8,en-US;q=0.7,en-AU;q=0.6,en-XA;q=0.5,en;q=0.4',
  'cookie' => 'PHPSESSID=4qoj1ohoscn643a2a79o5qi5v6; Hm_lvt_5a0192f8207da980c77f112b59310c12=1528901351; Hm_lpvt_5a0192f8207da980c77f112b59310c12=1528901353',
)
[ info ] [ PARAM ] array (
)
[ info ] [ DB ] INIT mysql
[ info ] [ VIEW ] D:\WebServer\www\project\ZH\application/index/view\index\index.html [ array (
  0 => 'cateList',
  1 => 'pv',
  2 => 'comments',
  3 => 'empty',
  4 => 'articleCount',
  5 => 'artList',
  6 => 'title',
) ]
[ info ] [ SESSION ] INIT array (
  'id' => '',
  'var_session_id' => '',
  'prefix' => 'think',
  'type' => '',
  'auto_start' => true,
  'httponly' => true,
  'secure' => false,
)
[ info ] [ LOG ] INIT File
---------------------------------------------------------------
[ 2018-06-13T22:49:29+08:00 ] 127.0.0.1 GET /admin/userList.html
[ info ] zh.me/admin/userList.html [运行时间：0.167180s][吞吐率：5.98req/s] [内存消耗：2,529.73kb] [文件加载：71]
[ info ] [ LANG ] D:\WebServer\www\project\ZH\thinkphp/lang/zh-cn.php
[ info ] [ ROUTE ] array (
  'rule' => 'admin/userList',
  'route' => 'admin/user/userList',
  'option' => 
  array (
    'ext' => 'html',
  ),
  'var' => 
  array (
  ),
)
[ info ] [ HEADER ] array (
  'host' => 'zh.me',
  'connection' => 'keep-alive',
  'upgrade-insecure-requests' => '1',
  'user-agent' => 'Mozilla/5.0 (Windows NT 10.0; WOW64) AppleWebKit/537.36 (KHTML, like Gecko) Chrome/66.0.3359.181 Safari/537.36',
  'accept' => 'text/html,application/xhtml+xml,application/xml;q=0.9,image/webp,image/apng,*/*;q=0.8',
  'dnt' => '1',
  'referer' => 'http://zh.me/',
  'accept-encoding' => 'gzip, deflate',
  'accept-language' => 'zh-CN,zh;q=0.9,en-AS;q=0.8,en-US;q=0.7,en-AU;q=0.6,en-XA;q=0.5,en;q=0.4',
  'cookie' => 'PHPSESSID=4qoj1ohoscn643a2a79o5qi5v6; Hm_lvt_5a0192f8207da980c77f112b59310c12=1528901351; Hm_lpvt_5a0192f8207da980c77f112b59310c12=1528901364',
)
[ info ] [ PARAM ] array (
)
[ info ] [ SESSION ] INIT array (
  'id' => '',
  'var_session_id' => '',
  'prefix' => 'think',
  'type' => '',
  'auto_start' => true,
  'httponly' => true,
  'secure' => false,
)
[ info ] [ DB ] INIT mysql
[ info ] [ VIEW ] D:\WebServer\www\project\ZH\application/admin/view\user\userList.html [ array (
  0 => 'title',
  1 => 'empty',
  2 => 'userList',
) ]
[ info ] [ LOG ] INIT File
---------------------------------------------------------------
[ 2018-06-13T22:49:33+08:00 ] 127.0.0.1 GET /admin/article.html
[ info ] zh.me/admin/article.html [运行时间：0.097334s][吞吐率：10.27req/s] [内存消耗：2,800.16kb] [文件加载：73]
[ info ] [ LANG ] D:\WebServer\www\project\ZH\thinkphp/lang/zh-cn.php
[ info ] [ ROUTE ] array (
  'rule' => 'admin/article',
  'route' => 'admin/article/articleList',
  'option' => 
  array (
    'ext' => 'html',
  ),
  'var' => 
  array (
  ),
)
[ info ] [ HEADER ] array (
  'host' => 'zh.me',
  'connection' => 'keep-alive',
  'upgrade-insecure-requests' => '1',
  'user-agent' => 'Mozilla/5.0 (Windows NT 10.0; WOW64) AppleWebKit/537.36 (KHTML, like Gecko) Chrome/66.0.3359.181 Safari/537.36',
  'accept' => 'text/html,application/xhtml+xml,application/xml;q=0.9,image/webp,image/apng,*/*;q=0.8',
  'dnt' => '1',
  'referer' => 'http://zh.me/admin/userList.html',
  'accept-encoding' => 'gzip, deflate',
  'accept-language' => 'zh-CN,zh;q=0.9,en-AS;q=0.8,en-US;q=0.7,en-AU;q=0.6,en-XA;q=0.5,en;q=0.4',
  'cookie' => 'PHPSESSID=4qoj1ohoscn643a2a79o5qi5v6; Hm_lvt_5a0192f8207da980c77f112b59310c12=1528901351; Hm_lpvt_5a0192f8207da980c77f112b59310c12=1528901370',
)
[ info ] [ PARAM ] array (
)
[ info ] [ SESSION ] INIT array (
  'id' => '',
  'var_session_id' => '',
  'prefix' => 'think',
  'type' => '',
  'auto_start' => true,
  'httponly' => true,
  'secure' => false,
)
[ info ] [ DB ] INIT mysql
[ info ] [ VIEW ] D:\WebServer\www\project\ZH\application/admin/view\article\articleList.html [ array (
  0 => 'title',
  1 => 'empty',
  2 => 'articleList',
) ]
[ info ] [ LOG ] INIT File
---------------------------------------------------------------
[ 2018-06-13T22:49:37+08:00 ] 127.0.0.1 GET /index/index/index.html?keyword=Bootstrap%20%E5%BE%BD%E7%AB%A0%EF%BC%88Badges%EF%BC%89
[ info ] zh.me/index/index/index.html?keyword=Bootstrap%20%E5%BE%BD%E7%AB%A0%EF%BC%88Badges%EF%BC%89 [运行时间：0.140599s][吞吐率：7.11req/s] [内存消耗：1,012.25kb] [文件加载：47]
[ info ] [ LANG ] D:\WebServer\www\project\ZH\thinkphp/lang/zh-cn.php
[ info ] [ ROUTE ] array (
)
[ info ] [ HEADER ] array (
  'host' => 'zh.me',
  'connection' => 'keep-alive',
  'upgrade-insecure-requests' => '1',
  'user-agent' => 'Mozilla/5.0 (Windows NT 10.0; WOW64) AppleWebKit/537.36 (KHTML, like Gecko) Chrome/66.0.3359.181 Safari/537.36',
  'accept' => 'text/html,application/xhtml+xml,application/xml;q=0.9,image/webp,image/apng,*/*;q=0.8',
  'dnt' => '1',
  'referer' => 'http://zh.me/admin/article.html',
  'accept-encoding' => 'gzip, deflate',
  'accept-language' => 'zh-CN,zh;q=0.9,en-AS;q=0.8,en-US;q=0.7,en-AU;q=0.6,en-XA;q=0.5,en;q=0.4',
  'cookie' => 'PHPSESSID=4qoj1ohoscn643a2a79o5qi5v6; Hm_lvt_5a0192f8207da980c77f112b59310c12=1528901351; Hm_lpvt_5a0192f8207da980c77f112b59310c12=1528901373',
)
[ info ] [ PARAM ] array (
  'keyword' => 'Bootstrap 徽章（Badges）',
)
[ info ] [ LOG ] INIT File
---------------------------------------------------------------
[ 2018-06-13T22:49:40+08:00 ] 127.0.0.1 GET /index/index/index.html?keyword=Windows%2010%20ARM%E7%AC%94%E8%AE%B0%E6%9C%AC%E7%94%A8%E6%88%B7%E5%BC%80%E5%BF%831
[ info ] zh.me/index/index/index.html?keyword=Windows%2010%20ARM%E7%AC%94%E8%AE%B0%E6%9C%AC%E7%94%A8%E6%88%B7%E5%BC%80%E5%BF%831 [运行时间：0.018309s][吞吐率：54.62req/s] [内存消耗：1,012.30kb] [文件加载：47]
[ info ] [ LANG ] D:\WebServer\www\project\ZH\thinkphp/lang/zh-cn.php
[ info ] [ ROUTE ] array (
)
[ info ] [ HEADER ] array (
  'host' => 'zh.me',
  'connection' => 'keep-alive',
  'upgrade-insecure-requests' => '1',
  'user-agent' => 'Mozilla/5.0 (Windows NT 10.0; WOW64) AppleWebKit/537.36 (KHTML, like Gecko) Chrome/66.0.3359.181 Safari/537.36',
  'accept' => 'text/html,application/xhtml+xml,application/xml;q=0.9,image/webp,image/apng,*/*;q=0.8',
  'dnt' => '1',
  'referer' => 'http://zh.me/admin/article.html',
  'accept-encoding' => 'gzip, deflate',
  'accept-language' => 'zh-CN,zh;q=0.9,en-AS;q=0.8,en-US;q=0.7,en-AU;q=0.6,en-XA;q=0.5,en;q=0.4',
  'cookie' => 'PHPSESSID=4qoj1ohoscn643a2a79o5qi5v6; Hm_lvt_5a0192f8207da980c77f112b59310c12=1528901351; Hm_lpvt_5a0192f8207da980c77f112b59310c12=1528901378',
)
[ info ] [ PARAM ] array (
  'keyword' => 'Windows 10 ARM笔记本用户开心1',
)
[ info ] [ LOG ] INIT File
---------------------------------------------------------------
[ 2018-06-13T22:49:45+08:00 ] 127.0.0.1 GET /
[ info ] zh.me/ [运行时间：0.137733s][吞吐率：7.26req/s] [内存消耗：3,307.15kb] [文件加载：75]
[ info ] [ LANG ] D:\WebServer\www\project\ZH\thinkphp/lang/zh-cn.php
[ info ] [ ROUTE ] array (
)
[ info ] [ HEADER ] array (
  'host' => 'zh.me',
  'connection' => 'keep-alive',
  'upgrade-insecure-requests' => '1',
  'user-agent' => 'Mozilla/5.0 (Windows NT 10.0; WOW64) AppleWebKit/537.36 (KHTML, like Gecko) Chrome/66.0.3359.181 Safari/537.36',
  'accept' => 'text/html,application/xhtml+xml,application/xml;q=0.9,image/webp,image/apng,*/*;q=0.8',
  'dnt' => '1',
  'referer' => 'http://zh.me/admin/article.html',
  'accept-encoding' => 'gzip, deflate',
  'accept-language' => 'zh-CN,zh;q=0.9,en-AS;q=0.8,en-US;q=0.7,en-AU;q=0.6,en-XA;q=0.5,en;q=0.4',
  'cookie' => 'PHPSESSID=4qoj1ohoscn643a2a79o5qi5v6; Hm_lvt_5a0192f8207da980c77f112b59310c12=1528901351; Hm_lpvt_5a0192f8207da980c77f112b59310c12=1528901381',
)
[ info ] [ PARAM ] array (
)
[ info ] [ DB ] INIT mysql
[ info ] [ VIEW ] D:\WebServer\www\project\ZH\application/index/view\index\index.html [ array (
  0 => 'cateList',
  1 => 'pv',
  2 => 'comments',
  3 => 'empty',
  4 => 'articleCount',
  5 => 'artList',
  6 => 'title',
) ]
[ info ] [ SESSION ] INIT array (
  'id' => '',
  'var_session_id' => '',
  'prefix' => 'think',
  'type' => '',
  'auto_start' => true,
  'httponly' => true,
  'secure' => false,
)
[ info ] [ LOG ] INIT File
---------------------------------------------------------------
[ 2018-06-13T22:49:47+08:00 ] 127.0.0.1 GET /cate/1.html
[ info ] zh.me/cate/1.html [运行时间：0.114623s][吞吐率：8.72req/s] [内存消耗：2,996.07kb] [文件加载：74]
[ info ] [ LANG ] D:\WebServer\www\project\ZH\thinkphp/lang/zh-cn.php
[ info ] [ ROUTE ] array (
  'rule' => 'cate/:cate_id',
  'route' => 'index/index/index',
  'option' => 
  array (
    'ext' => 'html',
  ),
  'var' => 
  array (
    'cate_id' => '1',
  ),
)
[ info ] [ HEADER ] array (
  'host' => 'zh.me',
  'connection' => 'keep-alive',
  'upgrade-insecure-requests' => '1',
  'user-agent' => 'Mozilla/5.0 (Windows NT 10.0; WOW64) AppleWebKit/537.36 (KHTML, like Gecko) Chrome/66.0.3359.181 Safari/537.36',
  'accept' => 'text/html,application/xhtml+xml,application/xml;q=0.9,image/webp,image/apng,*/*;q=0.8',
  'dnt' => '1',
  'referer' => 'http://zh.me/',
  'accept-encoding' => 'gzip, deflate',
  'accept-language' => 'zh-CN,zh;q=0.9,en-AS;q=0.8,en-US;q=0.7,en-AU;q=0.6,en-XA;q=0.5,en;q=0.4',
  'cookie' => 'PHPSESSID=4qoj1ohoscn643a2a79o5qi5v6; Hm_lvt_5a0192f8207da980c77f112b59310c12=1528901351; Hm_lpvt_5a0192f8207da980c77f112b59310c12=1528901386',
)
[ info ] [ PARAM ] array (
  'cate_id' => '1',
)
[ info ] [ DB ] INIT mysql
[ info ] [ VIEW ] D:\WebServer\www\project\ZH\application/index/view\index\index.html [ array (
  0 => 'cateList',
  1 => 'pv',
  2 => 'comments',
  3 => 'empty',
  4 => 'articleCount',
  5 => 'cateName',
  6 => 'artList',
  7 => 'title',
) ]
[ info ] [ SESSION ] INIT array (
  'id' => '',
  'var_session_id' => '',
  'prefix' => 'think',
  'type' => '',
  'auto_start' => true,
  'httponly' => true,
  'secure' => false,
)
[ info ] [ LOG ] INIT File
---------------------------------------------------------------
[ 2018-06-13T22:49:56+08:00 ] 127.0.0.1 GET /admin/article/del?id=47
[ info ] zh.me/admin/article/del?id=47 [运行时间：0.222824s][吞吐率：4.49req/s] [内存消耗：2,594.75kb] [文件加载：75]
[ info ] [ LANG ] D:\WebServer\www\project\ZH\thinkphp/lang/zh-cn.php
[ info ] [ ROUTE ] array (
)
[ info ] [ HEADER ] array (
  'host' => 'zh.me',
  'connection' => 'keep-alive',
  'upgrade-insecure-requests' => '1',
  'user-agent' => 'Mozilla/5.0 (Windows NT 10.0; WOW64) AppleWebKit/537.36 (KHTML, like Gecko) Chrome/66.0.3359.181 Safari/537.36',
  'accept' => 'text/html,application/xhtml+xml,application/xml;q=0.9,image/webp,image/apng,*/*;q=0.8',
  'dnt' => '1',
  'referer' => 'http://zh.me/admin/article.html',
  'accept-encoding' => 'gzip, deflate',
  'accept-language' => 'zh-CN,zh;q=0.9,en-AS;q=0.8,en-US;q=0.7,en-AU;q=0.6,en-XA;q=0.5,en;q=0.4',
  'cookie' => 'PHPSESSID=4qoj1ohoscn643a2a79o5qi5v6; Hm_lvt_5a0192f8207da980c77f112b59310c12=1528901351; Hm_lpvt_5a0192f8207da980c77f112b59310c12=1528901388',
)
[ info ] [ PARAM ] array (
  'id' => '47',
)
[ info ] [ DB ] INIT mysql
[ info ] [ CACHE ] INIT File
[ info ] [ VIEW ] D:\WebServer\www\project\ZH\thinkphp/tpl/dispatch_jump.tpl [ array (
  0 => 'code',
  1 => 'msg',
  2 => 'data',
  3 => 'url',
  4 => 'wait',
) ]
[ info ] [ LOG ] INIT File
---------------------------------------------------------------
[ 2018-06-13T22:49:59+08:00 ] 127.0.0.1 GET /admin/article.html
[ info ] zh.me/admin/article.html [运行时间：0.088036s][吞吐率：11.36req/s] [内存消耗：2,749.08kb] [文件加载：73]
[ info ] [ LANG ] D:\WebServer\www\project\ZH\thinkphp/lang/zh-cn.php
[ info ] [ ROUTE ] array (
  'rule' => 'admin/article',
  'route' => 'admin/article/articleList',
  'option' => 
  array (
    'ext' => 'html',
  ),
  'var' => 
  array (
  ),
)
[ info ] [ HEADER ] array (
  'host' => 'zh.me',
  'connection' => 'keep-alive',
  'upgrade-insecure-requests' => '1',
  'user-agent' => 'Mozilla/5.0 (Windows NT 10.0; WOW64) AppleWebKit/537.36 (KHTML, like Gecko) Chrome/66.0.3359.181 Safari/537.36',
  'accept' => 'text/html,application/xhtml+xml,application/xml;q=0.9,image/webp,image/apng,*/*;q=0.8',
  'dnt' => '1',
  'referer' => 'http://zh.me/admin/article/del?id=47',
  'accept-encoding' => 'gzip, deflate',
  'accept-language' => 'zh-CN,zh;q=0.9,en-AS;q=0.8,en-US;q=0.7,en-AU;q=0.6,en-XA;q=0.5,en;q=0.4',
  'cookie' => 'PHPSESSID=4qoj1ohoscn643a2a79o5qi5v6; Hm_lvt_5a0192f8207da980c77f112b59310c12=1528901351; Hm_lpvt_5a0192f8207da980c77f112b59310c12=1528901397',
)
[ info ] [ PARAM ] array (
)
[ info ] [ SESSION ] INIT array (
  'id' => '',
  'var_session_id' => '',
  'prefix' => 'think',
  'type' => '',
  'auto_start' => true,
  'httponly' => true,
  'secure' => false,
)
[ info ] [ DB ] INIT mysql
[ info ] [ VIEW ] D:\WebServer\www\project\ZH\application/admin/view\article\articleList.html [ array (
  0 => 'title',
  1 => 'empty',
  2 => 'articleList',
) ]
[ info ] [ LOG ] INIT File
---------------------------------------------------------------
[ 2018-06-13T22:50:24+08:00 ] 127.0.0.1 GET /cate/1.html
[ info ] zh.me/cate/1.html [运行时间：0.105047s][吞吐率：9.52req/s] [内存消耗：2,851.04kb] [文件加载：74]
[ info ] [ LANG ] D:\WebServer\www\project\ZH\thinkphp/lang/zh-cn.php
[ info ] [ ROUTE ] array (
  'rule' => 'cate/:cate_id',
  'route' => 'index/index/index',
  'option' => 
  array (
    'ext' => 'html',
  ),
  'var' => 
  array (
    'cate_id' => '1',
  ),
)
[ info ] [ HEADER ] array (
  'host' => 'zh.me',
  'connection' => 'keep-alive',
  'cache-control' => 'max-age=0',
  'upgrade-insecure-requests' => '1',
  'user-agent' => 'Mozilla/5.0 (Windows NT 10.0; WOW64) AppleWebKit/537.36 (KHTML, like Gecko) Chrome/66.0.3359.181 Safari/537.36',
  'accept' => 'text/html,application/xhtml+xml,application/xml;q=0.9,image/webp,image/apng,*/*;q=0.8',
  'dnt' => '1',
  'referer' => 'http://zh.me/',
  'accept-encoding' => 'gzip, deflate',
  'accept-language' => 'zh-CN,zh;q=0.9,en-AS;q=0.8,en-US;q=0.7,en-AU;q=0.6,en-XA;q=0.5,en;q=0.4',
  'cookie' => 'PHPSESSID=4qoj1ohoscn643a2a79o5qi5v6; Hm_lvt_5a0192f8207da980c77f112b59310c12=1528901351; Hm_lpvt_5a0192f8207da980c77f112b59310c12=1528901400',
)
[ info ] [ PARAM ] array (
  'cate_id' => '1',
)
[ info ] [ DB ] INIT mysql
[ info ] [ VIEW ] D:\WebServer\www\project\ZH\application/index/view\index\index.html [ array (
  0 => 'cateList',
  1 => 'pv',
  2 => 'comments',
  3 => 'empty',
  4 => 'articleCount',
  5 => 'cateName',
  6 => 'artList',
  7 => 'title',
) ]
[ info ] [ SESSION ] INIT array (
  'id' => '',
  'var_session_id' => '',
  'prefix' => 'think',
  'type' => '',
  'auto_start' => true,
  'httponly' => true,
  'secure' => false,
)
[ info ] [ LOG ] INIT File
---------------------------------------------------------------
[ 2018-06-13T22:50:45+08:00 ] 127.0.0.1 GET /admin/article/del?id=41
[ info ] zh.me/admin/article/del?id=41 [运行时间：0.123466s][吞吐率：8.10req/s] [内存消耗：2,561.75kb] [文件加载：75]
[ info ] [ LANG ] D:\WebServer\www\project\ZH\thinkphp/lang/zh-cn.php
[ info ] [ ROUTE ] array (
)
[ info ] [ HEADER ] array (
  'host' => 'zh.me',
  'connection' => 'keep-alive',
  'upgrade-insecure-requests' => '1',
  'user-agent' => 'Mozilla/5.0 (Windows NT 10.0; WOW64) AppleWebKit/537.36 (KHTML, like Gecko) Chrome/66.0.3359.181 Safari/537.36',
  'accept' => 'text/html,application/xhtml+xml,application/xml;q=0.9,image/webp,image/apng,*/*;q=0.8',
  'dnt' => '1',
  'referer' => 'http://zh.me/admin/article.html',
  'accept-encoding' => 'gzip, deflate',
  'accept-language' => 'zh-CN,zh;q=0.9,en-AS;q=0.8,en-US;q=0.7,en-AU;q=0.6,en-XA;q=0.5,en;q=0.4',
  'cookie' => 'PHPSESSID=4qoj1ohoscn643a2a79o5qi5v6; Hm_lvt_5a0192f8207da980c77f112b59310c12=1528901351; Hm_lpvt_5a0192f8207da980c77f112b59310c12=1528901425',
)
[ info ] [ PARAM ] array (
  'id' => '41',
)
[ info ] [ DB ] INIT mysql
[ info ] [ CACHE ] INIT File
[ info ] [ VIEW ] D:\WebServer\www\project\ZH\thinkphp/tpl/dispatch_jump.tpl [ array (
  0 => 'code',
  1 => 'msg',
  2 => 'data',
  3 => 'url',
  4 => 'wait',
) ]
[ info ] [ LOG ] INIT File
---------------------------------------------------------------
[ 2018-06-13T22:50:48+08:00 ] 127.0.0.1 GET /admin/article.html
[ info ] zh.me/admin/article.html [运行时间：0.072608s][吞吐率：13.77req/s] [内存消耗：2,743.06kb] [文件加载：73]
[ info ] [ LANG ] D:\WebServer\www\project\ZH\thinkphp/lang/zh-cn.php
[ info ] [ ROUTE ] array (
  'rule' => 'admin/article',
  'route' => 'admin/article/articleList',
  'option' => 
  array (
    'ext' => 'html',
  ),
  'var' => 
  array (
  ),
)
[ info ] [ HEADER ] array (
  'host' => 'zh.me',
  'connection' => 'keep-alive',
  'upgrade-insecure-requests' => '1',
  'user-agent' => 'Mozilla/5.0 (Windows NT 10.0; WOW64) AppleWebKit/537.36 (KHTML, like Gecko) Chrome/66.0.3359.181 Safari/537.36',
  'accept' => 'text/html,application/xhtml+xml,application/xml;q=0.9,image/webp,image/apng,*/*;q=0.8',
  'dnt' => '1',
  'referer' => 'http://zh.me/admin/article/del?id=41',
  'accept-encoding' => 'gzip, deflate',
  'accept-language' => 'zh-CN,zh;q=0.9,en-AS;q=0.8,en-US;q=0.7,en-AU;q=0.6,en-XA;q=0.5,en;q=0.4',
  'cookie' => 'PHPSESSID=4qoj1ohoscn643a2a79o5qi5v6; Hm_lvt_5a0192f8207da980c77f112b59310c12=1528901351; Hm_lpvt_5a0192f8207da980c77f112b59310c12=1528901446',
)
[ info ] [ PARAM ] array (
)
[ info ] [ SESSION ] INIT array (
  'id' => '',
  'var_session_id' => '',
  'prefix' => 'think',
  'type' => '',
  'auto_start' => true,
  'httponly' => true,
  'secure' => false,
)
[ info ] [ DB ] INIT mysql
[ info ] [ VIEW ] D:\WebServer\www\project\ZH\application/admin/view\article\articleList.html [ array (
  0 => 'title',
  1 => 'empty',
  2 => 'articleList',
) ]
[ info ] [ LOG ] INIT File
---------------------------------------------------------------
[ 2018-06-13T22:51:01+08:00 ] 127.0.0.1 GET /admin/user/loginOut.html
[ info ] zh.me/admin/user/loginOut.html [运行时间：0.023572s][吞吐率：42.42req/s] [内存消耗：1,254.66kb] [文件加载：57]
[ info ] [ LANG ] D:\WebServer\www\project\ZH\thinkphp/lang/zh-cn.php
[ info ] [ ROUTE ] array (
)
[ info ] [ HEADER ] array (
  'host' => 'zh.me',
  'connection' => 'keep-alive',
  'upgrade-insecure-requests' => '1',
  'user-agent' => 'Mozilla/5.0 (Windows NT 10.0; WOW64) AppleWebKit/537.36 (KHTML, like Gecko) Chrome/66.0.3359.181 Safari/537.36',
  'accept' => 'text/html,application/xhtml+xml,application/xml;q=0.9,image/webp,image/apng,*/*;q=0.8',
  'dnt' => '1',
  'referer' => 'http://zh.me/admin/article.html',
  'accept-encoding' => 'gzip, deflate',
  'accept-language' => 'zh-CN,zh;q=0.9,en-AS;q=0.8,en-US;q=0.7,en-AU;q=0.6,en-XA;q=0.5,en;q=0.4',
  'cookie' => 'PHPSESSID=4qoj1ohoscn643a2a79o5qi5v6; Hm_lvt_5a0192f8207da980c77f112b59310c12=1528901351; Hm_lpvt_5a0192f8207da980c77f112b59310c12=1528901449',
)
[ info ] [ PARAM ] array (
)
[ info ] [ SESSION ] INIT array (
  'id' => '',
  'var_session_id' => '',
  'prefix' => 'think',
  'type' => '',
  'auto_start' => true,
  'httponly' => true,
  'secure' => false,
)
[ info ] [ VIEW ] D:\WebServer\www\project\ZH\thinkphp/tpl/dispatch_jump.tpl [ array (
  0 => 'code',
  1 => 'msg',
  2 => 'data',
  3 => 'url',
  4 => 'wait',
) ]
[ info ] [ LOG ] INIT File
---------------------------------------------------------------
[ 2018-06-13T22:51:04+08:00 ] 127.0.0.1 GET /
[ info ] zh.me/ [运行时间：0.074743s][吞吐率：13.38req/s] [内存消耗：3,120.36kb] [文件加载：75]
[ info ] [ LANG ] D:\WebServer\www\project\ZH\thinkphp/lang/zh-cn.php
[ info ] [ ROUTE ] array (
)
[ info ] [ HEADER ] array (
  'host' => 'zh.me',
  'connection' => 'keep-alive',
  'upgrade-insecure-requests' => '1',
  'user-agent' => 'Mozilla/5.0 (Windows NT 10.0; WOW64) AppleWebKit/537.36 (KHTML, like Gecko) Chrome/66.0.3359.181 Safari/537.36',
  'accept' => 'text/html,application/xhtml+xml,application/xml;q=0.9,image/webp,image/apng,*/*;q=0.8',
  'dnt' => '1',
  'referer' => 'http://zh.me/admin/user/loginOut.html',
  'accept-encoding' => 'gzip, deflate',
  'accept-language' => 'zh-CN,zh;q=0.9,en-AS;q=0.8,en-US;q=0.7,en-AU;q=0.6,en-XA;q=0.5,en;q=0.4',
  'cookie' => 'PHPSESSID=4qoj1ohoscn643a2a79o5qi5v6; Hm_lvt_5a0192f8207da980c77f112b59310c12=1528901351; Hm_lpvt_5a0192f8207da980c77f112b59310c12=1528901462',
)
[ info ] [ PARAM ] array (
)
[ info ] [ DB ] INIT mysql
[ info ] [ VIEW ] D:\WebServer\www\project\ZH\application/index/view\index\index.html [ array (
  0 => 'cateList',
  1 => 'pv',
  2 => 'comments',
  3 => 'empty',
  4 => 'articleCount',
  5 => 'artList',
  6 => 'title',
) ]
[ info ] [ SESSION ] INIT array (
  'id' => '',
  'var_session_id' => '',
  'prefix' => 'think',
  'type' => '',
  'auto_start' => true,
  'httponly' => true,
  'secure' => false,
)
[ info ] [ LOG ] INIT File
---------------------------------------------------------------
[ 2018-06-13T22:51:09+08:00 ] 127.0.0.1 GET /cate/1.html
[ info ] zh.me/cate/1.html [运行时间：0.086355s][吞吐率：11.58req/s] [内存消耗：2,831.45kb] [文件加载：74]
[ info ] [ LANG ] D:\WebServer\www\project\ZH\thinkphp/lang/zh-cn.php
[ info ] [ ROUTE ] array (
  'rule' => 'cate/:cate_id',
  'route' => 'index/index/index',
  'option' => 
  array (
    'ext' => 'html',
  ),
  'var' => 
  array (
    'cate_id' => '1',
  ),
)
[ info ] [ HEADER ] array (
  'host' => 'zh.me',
  'connection' => 'keep-alive',
  'upgrade-insecure-requests' => '1',
  'user-agent' => 'Mozilla/5.0 (Windows NT 10.0; WOW64) AppleWebKit/537.36 (KHTML, like Gecko) Chrome/66.0.3359.181 Safari/537.36',
  'accept' => 'text/html,application/xhtml+xml,application/xml;q=0.9,image/webp,image/apng,*/*;q=0.8',
  'dnt' => '1',
  'referer' => 'http://zh.me/',
  'accept-encoding' => 'gzip, deflate',
  'accept-language' => 'zh-CN,zh;q=0.9,en-AS;q=0.8,en-US;q=0.7,en-AU;q=0.6,en-XA;q=0.5,en;q=0.4',
  'cookie' => 'PHPSESSID=4qoj1ohoscn643a2a79o5qi5v6; Hm_lvt_5a0192f8207da980c77f112b59310c12=1528901351; Hm_lpvt_5a0192f8207da980c77f112b59310c12=1528901465',
)
[ info ] [ PARAM ] array (
  'cate_id' => '1',
)
[ info ] [ DB ] INIT mysql
[ info ] [ VIEW ] D:\WebServer\www\project\ZH\application/index/view\index\index.html [ array (
  0 => 'cateList',
  1 => 'pv',
  2 => 'comments',
  3 => 'empty',
  4 => 'articleCount',
  5 => 'cateName',
  6 => 'artList',
  7 => 'title',
) ]
[ info ] [ SESSION ] INIT array (
  'id' => '',
  'var_session_id' => '',
  'prefix' => 'think',
  'type' => '',
  'auto_start' => true,
  'httponly' => true,
  'secure' => false,
)
[ info ] [ LOG ] INIT File
---------------------------------------------------------------
[ 2018-06-13T22:51:10+08:00 ] 127.0.0.1 GET /cate/2.html
[ info ] zh.me/cate/2.html [运行时间：0.075098s][吞吐率：13.32req/s] [内存消耗：2,962.11kb] [文件加载：74]
[ info ] [ LANG ] D:\WebServer\www\project\ZH\thinkphp/lang/zh-cn.php
[ info ] [ ROUTE ] array (
  'rule' => 'cate/:cate_id',
  'route' => 'index/index/index',
  'option' => 
  array (
    'ext' => 'html',
  ),
  'var' => 
  array (
    'cate_id' => '2',
  ),
)
[ info ] [ HEADER ] array (
  'host' => 'zh.me',
  'connection' => 'keep-alive',
  'upgrade-insecure-requests' => '1',
  'user-agent' => 'Mozilla/5.0 (Windows NT 10.0; WOW64) AppleWebKit/537.36 (KHTML, like Gecko) Chrome/66.0.3359.181 Safari/537.36',
  'accept' => 'text/html,application/xhtml+xml,application/xml;q=0.9,image/webp,image/apng,*/*;q=0.8',
  'dnt' => '1',
  'referer' => 'http://zh.me/cate/1.html',
  'accept-encoding' => 'gzip, deflate',
  'accept-language' => 'zh-CN,zh;q=0.9,en-AS;q=0.8,en-US;q=0.7,en-AU;q=0.6,en-XA;q=0.5,en;q=0.4',
  'cookie' => 'PHPSESSID=4qoj1ohoscn643a2a79o5qi5v6; Hm_lvt_5a0192f8207da980c77f112b59310c12=1528901351; Hm_lpvt_5a0192f8207da980c77f112b59310c12=1528901470',
)
[ info ] [ PARAM ] array (
  'cate_id' => '2',
)
[ info ] [ DB ] INIT mysql
[ info ] [ VIEW ] D:\WebServer\www\project\ZH\application/index/view\index\index.html [ array (
  0 => 'cateList',
  1 => 'pv',
  2 => 'comments',
  3 => 'empty',
  4 => 'articleCount',
  5 => 'cateName',
  6 => 'artList',
  7 => 'title',
) ]
[ info ] [ SESSION ] INIT array (
  'id' => '',
  'var_session_id' => '',
  'prefix' => 'think',
  'type' => '',
  'auto_start' => true,
  'httponly' => true,
  'secure' => false,
)
[ info ] [ LOG ] INIT File
---------------------------------------------------------------
[ 2018-06-13T22:51:11+08:00 ] 127.0.0.1 GET /cate/3.html
[ info ] zh.me/cate/3.html [运行时间：0.068249s][吞吐率：14.65req/s] [内存消耗：2,942.09kb] [文件加载：74]
[ info ] [ LANG ] D:\WebServer\www\project\ZH\thinkphp/lang/zh-cn.php
[ info ] [ ROUTE ] array (
  'rule' => 'cate/:cate_id',
  'route' => 'index/index/index',
  'option' => 
  array (
    'ext' => 'html',
  ),
  'var' => 
  array (
    'cate_id' => '3',
  ),
)
[ info ] [ HEADER ] array (
  'host' => 'zh.me',
  'connection' => 'keep-alive',
  'upgrade-insecure-requests' => '1',
  'user-agent' => 'Mozilla/5.0 (Windows NT 10.0; WOW64) AppleWebKit/537.36 (KHTML, like Gecko) Chrome/66.0.3359.181 Safari/537.36',
  'accept' => 'text/html,application/xhtml+xml,application/xml;q=0.9,image/webp,image/apng,*/*;q=0.8',
  'dnt' => '1',
  'referer' => 'http://zh.me/cate/2.html',
  'accept-encoding' => 'gzip, deflate',
  'accept-language' => 'zh-CN,zh;q=0.9,en-AS;q=0.8,en-US;q=0.7,en-AU;q=0.6,en-XA;q=0.5,en;q=0.4',
  'cookie' => 'PHPSESSID=4qoj1ohoscn643a2a79o5qi5v6; Hm_lvt_5a0192f8207da980c77f112b59310c12=1528901351; Hm_lpvt_5a0192f8207da980c77f112b59310c12=1528901471',
)
[ info ] [ PARAM ] array (
  'cate_id' => '3',
)
[ info ] [ DB ] INIT mysql
[ info ] [ VIEW ] D:\WebServer\www\project\ZH\application/index/view\index\index.html [ array (
  0 => 'cateList',
  1 => 'pv',
  2 => 'comments',
  3 => 'empty',
  4 => 'articleCount',
  5 => 'cateName',
  6 => 'artList',
  7 => 'title',
) ]
[ info ] [ SESSION ] INIT array (
  'id' => '',
  'var_session_id' => '',
  'prefix' => 'think',
  'type' => '',
  'auto_start' => true,
  'httponly' => true,
  'secure' => false,
)
[ info ] [ LOG ] INIT File
---------------------------------------------------------------
[ 2018-06-13T22:51:12+08:00 ] 127.0.0.1 GET /cate/4.html
[ info ] zh.me/cate/4.html [运行时间：0.104257s][吞吐率：9.59req/s] [内存消耗：2,850.13kb] [文件加载：74]
[ info ] [ LANG ] D:\WebServer\www\project\ZH\thinkphp/lang/zh-cn.php
[ info ] [ ROUTE ] array (
  'rule' => 'cate/:cate_id',
  'route' => 'index/index/index',
  'option' => 
  array (
    'ext' => 'html',
  ),
  'var' => 
  array (
    'cate_id' => '4',
  ),
)
[ info ] [ HEADER ] array (
  'host' => 'zh.me',
  'connection' => 'keep-alive',
  'upgrade-insecure-requests' => '1',
  'user-agent' => 'Mozilla/5.0 (Windows NT 10.0; WOW64) AppleWebKit/537.36 (KHTML, like Gecko) Chrome/66.0.3359.181 Safari/537.36',
  'accept' => 'text/html,application/xhtml+xml,application/xml;q=0.9,image/webp,image/apng,*/*;q=0.8',
  'dnt' => '1',
  'referer' => 'http://zh.me/cate/3.html',
  'accept-encoding' => 'gzip, deflate',
  'accept-language' => 'zh-CN,zh;q=0.9,en-AS;q=0.8,en-US;q=0.7,en-AU;q=0.6,en-XA;q=0.5,en;q=0.4',
  'cookie' => 'PHPSESSID=4qoj1ohoscn643a2a79o5qi5v6; Hm_lvt_5a0192f8207da980c77f112b59310c12=1528901351; Hm_lpvt_5a0192f8207da980c77f112b59310c12=1528901472',
)
[ info ] [ PARAM ] array (
  'cate_id' => '4',
)
[ info ] [ DB ] INIT mysql
[ info ] [ VIEW ] D:\WebServer\www\project\ZH\application/index/view\index\index.html [ array (
  0 => 'cateList',
  1 => 'pv',
  2 => 'comments',
  3 => 'empty',
  4 => 'articleCount',
  5 => 'cateName',
  6 => 'artList',
  7 => 'title',
) ]
[ info ] [ SESSION ] INIT array (
  'id' => '',
  'var_session_id' => '',
  'prefix' => 'think',
  'type' => '',
  'auto_start' => true,
  'httponly' => true,
  'secure' => false,
)
[ info ] [ LOG ] INIT File
---------------------------------------------------------------
[ 2018-06-13T22:51:15+08:00 ] 127.0.0.1 GET /keyword/Python+3+%E6%95%99%E7%A8%8B.html
[ info ] zh.me/keyword/Python+3+%E6%95%99%E7%A8%8B.html [运行时间：0.103134s][吞吐率：9.70req/s] [内存消耗：2,831.72kb] [文件加载：74]
[ info ] [ LANG ] D:\WebServer\www\project\ZH\thinkphp/lang/zh-cn.php
[ info ] [ ROUTE ] array (
  'rule' => 'keyword/:keyword',
  'route' => 'index/index/index',
  'option' => 
  array (
    'ext' => 'html',
  ),
  'var' => 
  array (
    'keyword' => 'Python+3+教程',
  ),
)
[ info ] [ HEADER ] array (
  'host' => 'zh.me',
  'connection' => 'keep-alive',
  'upgrade-insecure-requests' => '1',
  'user-agent' => 'Mozilla/5.0 (Windows NT 10.0; WOW64) AppleWebKit/537.36 (KHTML, like Gecko) Chrome/66.0.3359.181 Safari/537.36',
  'accept' => 'text/html,application/xhtml+xml,application/xml;q=0.9,image/webp,image/apng,*/*;q=0.8',
  'dnt' => '1',
  'referer' => 'http://zh.me/cate/4.html',
  'accept-encoding' => 'gzip, deflate',
  'accept-language' => 'zh-CN,zh;q=0.9,en-AS;q=0.8,en-US;q=0.7,en-AU;q=0.6,en-XA;q=0.5,en;q=0.4',
  'cookie' => 'PHPSESSID=4qoj1ohoscn643a2a79o5qi5v6; Hm_lvt_5a0192f8207da980c77f112b59310c12=1528901351; Hm_lpvt_5a0192f8207da980c77f112b59310c12=1528901473',
)
[ info ] [ PARAM ] array (
  'keyword' => 'Python+3+教程',
)
[ info ] [ DB ] INIT mysql
[ info ] [ VIEW ] D:\WebServer\www\project\ZH\application/index/view\index\index.html [ array (
  0 => 'cateList',
  1 => 'pv',
  2 => 'comments',
  3 => 'empty',
  4 => 'articleCount',
  5 => 'artList',
  6 => 'title',
) ]
[ info ] [ SESSION ] INIT array (
  'id' => '',
  'var_session_id' => '',
  'prefix' => 'think',
  'type' => '',
  'auto_start' => true,
  'httponly' => true,
  'secure' => false,
)
[ info ] [ LOG ] INIT File
---------------------------------------------------------------
[ 2018-06-13T22:51:16+08:00 ] 127.0.0.1 GET /keyword/Bootstrap+%E5%BE%BD%E7%AB%A0%EF%BC%88Badges%EF%BC%89.html
[ info ] zh.me/keyword/Bootstrap+%E5%BE%BD%E7%AB%A0%EF%BC%88Badges%EF%BC%89.html [运行时间：0.068312s][吞吐率：14.64req/s] [内存消耗：2,831.89kb] [文件加载：74]
[ info ] [ LANG ] D:\WebServer\www\project\ZH\thinkphp/lang/zh-cn.php
[ info ] [ ROUTE ] array (
  'rule' => 'keyword/:keyword',
  'route' => 'index/index/index',
  'option' => 
  array (
    'ext' => 'html',
  ),
  'var' => 
  array (
    'keyword' => 'Bootstrap+徽章（Badges）',
  ),
)
[ info ] [ HEADER ] array (
  'host' => 'zh.me',
  'connection' => 'keep-alive',
  'upgrade-insecure-requests' => '1',
  'user-agent' => 'Mozilla/5.0 (Windows NT 10.0; WOW64) AppleWebKit/537.36 (KHTML, like Gecko) Chrome/66.0.3359.181 Safari/537.36',
  'accept' => 'text/html,application/xhtml+xml,application/xml;q=0.9,image/webp,image/apng,*/*;q=0.8',
  'dnt' => '1',
  'referer' => 'http://zh.me/keyword/Python+3+%E6%95%99%E7%A8%8B.html',
  'accept-encoding' => 'gzip, deflate',
  'accept-language' => 'zh-CN,zh;q=0.9,en-AS;q=0.8,en-US;q=0.7,en-AU;q=0.6,en-XA;q=0.5,en;q=0.4',
  'cookie' => 'PHPSESSID=4qoj1ohoscn643a2a79o5qi5v6; Hm_lvt_5a0192f8207da980c77f112b59310c12=1528901351; Hm_lpvt_5a0192f8207da980c77f112b59310c12=1528901476',
)
[ info ] [ PARAM ] array (
  'keyword' => 'Bootstrap+徽章（Badges）',
)
[ info ] [ DB ] INIT mysql
[ info ] [ VIEW ] D:\WebServer\www\project\ZH\application/index/view\index\index.html [ array (
  0 => 'cateList',
  1 => 'pv',
  2 => 'comments',
  3 => 'empty',
  4 => 'articleCount',
  5 => 'artList',
  6 => 'title',
) ]
[ info ] [ SESSION ] INIT array (
  'id' => '',
  'var_session_id' => '',
  'prefix' => 'think',
  'type' => '',
  'auto_start' => true,
  'httponly' => true,
  'secure' => false,
)
[ info ] [ LOG ] INIT File
---------------------------------------------------------------
[ 2018-06-13T22:51:17+08:00 ] 127.0.0.1 GET /keyword/IT%E4%B9%8B%E5%AE%B6%E7%BD%91%E5%8F%8B%E5%88%86%E4%BA%AB%EF%BC%9A%E7%9C%8B%E9%94%A4%E5%AD%90%E7%A7%91%E6%8A%80%E5%9D%9A%E6%9E%9CR1%E5%8F%91%E5%B8%83%E4%BC%9A%E6%9C%89%E6%84%9F.html
[ info ] zh.me/keyword/IT%E4%B9%8B%E5%AE%B6%E7%BD%91%E5%8F%8B%E5%88%86%E4%BA%AB%EF%BC%9A%E7%9C%8B%E9%94%A4%E5%AD%90%E7%A7%91%E6%8A%80%E5%9D%9A%E6%9E%9CR1%E5%8F%91%E5%B8%83%E4%BC%9A%E6%9C%89%E6%84%9F.html [运行时间：0.080415s][吞吐率：12.44req/s] [内存消耗：2,851.02kb] [文件加载：74]
[ info ] [ LANG ] D:\WebServer\www\project\ZH\thinkphp/lang/zh-cn.php
[ info ] [ ROUTE ] array (
  'rule' => 'keyword/:keyword',
  'route' => 'index/index/index',
  'option' => 
  array (
    'ext' => 'html',
  ),
  'var' => 
  array (
    'keyword' => 'IT之家网友分享：看锤子科技坚果R1发布会有感',
  ),
)
[ info ] [ HEADER ] array (
  'host' => 'zh.me',
  'connection' => 'keep-alive',
  'upgrade-insecure-requests' => '1',
  'user-agent' => 'Mozilla/5.0 (Windows NT 10.0; WOW64) AppleWebKit/537.36 (KHTML, like Gecko) Chrome/66.0.3359.181 Safari/537.36',
  'accept' => 'text/html,application/xhtml+xml,application/xml;q=0.9,image/webp,image/apng,*/*;q=0.8',
  'dnt' => '1',
  'referer' => 'http://zh.me/keyword/Bootstrap+%E5%BE%BD%E7%AB%A0%EF%BC%88Badges%EF%BC%89.html',
  'accept-encoding' => 'gzip, deflate',
  'accept-language' => 'zh-CN,zh;q=0.9,en-AS;q=0.8,en-US;q=0.7,en-AU;q=0.6,en-XA;q=0.5,en;q=0.4',
  'cookie' => 'PHPSESSID=4qoj1ohoscn643a2a79o5qi5v6; Hm_lvt_5a0192f8207da980c77f112b59310c12=1528901351; Hm_lpvt_5a0192f8207da980c77f112b59310c12=1528901477',
)
[ info ] [ PARAM ] array (
  'keyword' => 'IT之家网友分享：看锤子科技坚果R1发布会有感',
)
[ info ] [ DB ] INIT mysql
[ info ] [ VIEW ] D:\WebServer\www\project\ZH\application/index/view\index\index.html [ array (
  0 => 'cateList',
  1 => 'pv',
  2 => 'comments',
  3 => 'empty',
  4 => 'articleCount',
  5 => 'artList',
  6 => 'title',
) ]
[ info ] [ SESSION ] INIT array (
  'id' => '',
  'var_session_id' => '',
  'prefix' => 'think',
  'type' => '',
  'auto_start' => true,
  'httponly' => true,
  'secure' => false,
)
[ info ] [ LOG ] INIT File
---------------------------------------------------------------
[ 2018-06-13T22:51:19+08:00 ] 127.0.0.1 GET /cate/3.html
[ info ] zh.me/cate/3.html [运行时间：0.073012s][吞吐率：13.70req/s] [内存消耗：2,943.04kb] [文件加载：74]
[ info ] [ LANG ] D:\WebServer\www\project\ZH\thinkphp/lang/zh-cn.php
[ info ] [ ROUTE ] array (
  'rule' => 'cate/:cate_id',
  'route' => 'index/index/index',
  'option' => 
  array (
    'ext' => 'html',
  ),
  'var' => 
  array (
    'cate_id' => '3',
  ),
)
[ info ] [ HEADER ] array (
  'host' => 'zh.me',
  'connection' => 'keep-alive',
  'upgrade-insecure-requests' => '1',
  'user-agent' => 'Mozilla/5.0 (Windows NT 10.0; WOW64) AppleWebKit/537.36 (KHTML, like Gecko) Chrome/66.0.3359.181 Safari/537.36',
  'accept' => 'text/html,application/xhtml+xml,application/xml;q=0.9,image/webp,image/apng,*/*;q=0.8',
  'dnt' => '1',
  'referer' => 'http://zh.me/keyword/IT%E4%B9%8B%E5%AE%B6%E7%BD%91%E5%8F%8B%E5%88%86%E4%BA%AB%EF%BC%9A%E7%9C%8B%E9%94%A4%E5%AD%90%E7%A7%91%E6%8A%80%E5%9D%9A%E6%9E%9CR1%E5%8F%91%E5%B8%83%E4%BC%9A%E6%9C%89%E6%84%9F.html',
  'accept-encoding' => 'gzip, deflate',
  'accept-language' => 'zh-CN,zh;q=0.9,en-AS;q=0.8,en-US;q=0.7,en-AU;q=0.6,en-XA;q=0.5,en;q=0.4',
  'cookie' => 'PHPSESSID=4qoj1ohoscn643a2a79o5qi5v6; Hm_lvt_5a0192f8207da980c77f112b59310c12=1528901351; Hm_lpvt_5a0192f8207da980c77f112b59310c12=1528901478',
)
[ info ] [ PARAM ] array (
  'cate_id' => '3',
)
[ info ] [ DB ] INIT mysql
[ info ] [ VIEW ] D:\WebServer\www\project\ZH\application/index/view\index\index.html [ array (
  0 => 'cateList',
  1 => 'pv',
  2 => 'comments',
  3 => 'empty',
  4 => 'articleCount',
  5 => 'cateName',
  6 => 'artList',
  7 => 'title',
) ]
[ info ] [ SESSION ] INIT array (
  'id' => '',
  'var_session_id' => '',
  'prefix' => 'think',
  'type' => '',
  'auto_start' => true,
  'httponly' => true,
  'secure' => false,
)
[ info ] [ LOG ] INIT File
---------------------------------------------------------------
[ 2018-06-13T22:51:20+08:00 ] 127.0.0.1 GET /cate/2.html
[ info ] zh.me/cate/2.html [运行时间：0.084147s][吞吐率：11.88req/s] [内存消耗：2,962.11kb] [文件加载：74]
[ info ] [ LANG ] D:\WebServer\www\project\ZH\thinkphp/lang/zh-cn.php
[ info ] [ ROUTE ] array (
  'rule' => 'cate/:cate_id',
  'route' => 'index/index/index',
  'option' => 
  array (
    'ext' => 'html',
  ),
  'var' => 
  array (
    'cate_id' => '2',
  ),
)
[ info ] [ HEADER ] array (
  'host' => 'zh.me',
  'connection' => 'keep-alive',
  'upgrade-insecure-requests' => '1',
  'user-agent' => 'Mozilla/5.0 (Windows NT 10.0; WOW64) AppleWebKit/537.36 (KHTML, like Gecko) Chrome/66.0.3359.181 Safari/537.36',
  'accept' => 'text/html,application/xhtml+xml,application/xml;q=0.9,image/webp,image/apng,*/*;q=0.8',
  'dnt' => '1',
  'referer' => 'http://zh.me/cate/3.html',
  'accept-encoding' => 'gzip, deflate',
  'accept-language' => 'zh-CN,zh;q=0.9,en-AS;q=0.8,en-US;q=0.7,en-AU;q=0.6,en-XA;q=0.5,en;q=0.4',
  'cookie' => 'PHPSESSID=4qoj1ohoscn643a2a79o5qi5v6; Hm_lvt_5a0192f8207da980c77f112b59310c12=1528901351; Hm_lpvt_5a0192f8207da980c77f112b59310c12=1528901480',
)
[ info ] [ PARAM ] array (
  'cate_id' => '2',
)
[ info ] [ DB ] INIT mysql
[ info ] [ VIEW ] D:\WebServer\www\project\ZH\application/index/view\index\index.html [ array (
  0 => 'cateList',
  1 => 'pv',
  2 => 'comments',
  3 => 'empty',
  4 => 'articleCount',
  5 => 'cateName',
  6 => 'artList',
  7 => 'title',
) ]
[ info ] [ SESSION ] INIT array (
  'id' => '',
  'var_session_id' => '',
  'prefix' => 'think',
  'type' => '',
  'auto_start' => true,
  'httponly' => true,
  'secure' => false,
)
[ info ] [ LOG ] INIT File
---------------------------------------------------------------
[ 2018-06-13T22:51:21+08:00 ] 127.0.0.1 GET /keyword/Bootstrap+%E5%BE%BD%E7%AB%A0%EF%BC%88Badges%EF%BC%89.html
[ info ] zh.me/keyword/Bootstrap+%E5%BE%BD%E7%AB%A0%EF%BC%88Badges%EF%BC%89.html [运行时间：0.071782s][吞吐率：13.93req/s] [内存消耗：2,831.87kb] [文件加载：74]
[ info ] [ LANG ] D:\WebServer\www\project\ZH\thinkphp/lang/zh-cn.php
[ info ] [ ROUTE ] array (
  'rule' => 'keyword/:keyword',
  'route' => 'index/index/index',
  'option' => 
  array (
    'ext' => 'html',
  ),
  'var' => 
  array (
    'keyword' => 'Bootstrap+徽章（Badges）',
  ),
)
[ info ] [ HEADER ] array (
  'host' => 'zh.me',
  'connection' => 'keep-alive',
  'upgrade-insecure-requests' => '1',
  'user-agent' => 'Mozilla/5.0 (Windows NT 10.0; WOW64) AppleWebKit/537.36 (KHTML, like Gecko) Chrome/66.0.3359.181 Safari/537.36',
  'accept' => 'text/html,application/xhtml+xml,application/xml;q=0.9,image/webp,image/apng,*/*;q=0.8',
  'dnt' => '1',
  'referer' => 'http://zh.me/cate/2.html',
  'accept-encoding' => 'gzip, deflate',
  'accept-language' => 'zh-CN,zh;q=0.9,en-AS;q=0.8,en-US;q=0.7,en-AU;q=0.6,en-XA;q=0.5,en;q=0.4',
  'cookie' => 'PHPSESSID=4qoj1ohoscn643a2a79o5qi5v6; Hm_lvt_5a0192f8207da980c77f112b59310c12=1528901351; Hm_lpvt_5a0192f8207da980c77f112b59310c12=1528901480',
)
[ info ] [ PARAM ] array (
  'keyword' => 'Bootstrap+徽章（Badges）',
)
[ info ] [ DB ] INIT mysql
[ info ] [ VIEW ] D:\WebServer\www\project\ZH\application/index/view\index\index.html [ array (
  0 => 'cateList',
  1 => 'pv',
  2 => 'comments',
  3 => 'empty',
  4 => 'articleCount',
  5 => 'artList',
  6 => 'title',
) ]
[ info ] [ SESSION ] INIT array (
  'id' => '',
  'var_session_id' => '',
  'prefix' => 'think',
  'type' => '',
  'auto_start' => true,
  'httponly' => true,
  'secure' => false,
)
[ info ] [ LOG ] INIT File
---------------------------------------------------------------
[ 2018-06-13T22:51:23+08:00 ] 127.0.0.1 GET /keyword/Python+3+%E6%95%99%E7%A8%8B.html
[ info ] zh.me/keyword/Python+3+%E6%95%99%E7%A8%8B.html [运行时间：0.073049s][吞吐率：13.69req/s] [内存消耗：2,831.90kb] [文件加载：74]
[ info ] [ LANG ] D:\WebServer\www\project\ZH\thinkphp/lang/zh-cn.php
[ info ] [ ROUTE ] array (
  'rule' => 'keyword/:keyword',
  'route' => 'index/index/index',
  'option' => 
  array (
    'ext' => 'html',
  ),
  'var' => 
  array (
    'keyword' => 'Python+3+教程',
  ),
)
[ info ] [ HEADER ] array (
  'host' => 'zh.me',
  'connection' => 'keep-alive',
  'upgrade-insecure-requests' => '1',
  'user-agent' => 'Mozilla/5.0 (Windows NT 10.0; WOW64) AppleWebKit/537.36 (KHTML, like Gecko) Chrome/66.0.3359.181 Safari/537.36',
  'accept' => 'text/html,application/xhtml+xml,application/xml;q=0.9,image/webp,image/apng,*/*;q=0.8',
  'dnt' => '1',
  'referer' => 'http://zh.me/keyword/Bootstrap+%E5%BE%BD%E7%AB%A0%EF%BC%88Badges%EF%BC%89.html',
  'accept-encoding' => 'gzip, deflate',
  'accept-language' => 'zh-CN,zh;q=0.9,en-AS;q=0.8,en-US;q=0.7,en-AU;q=0.6,en-XA;q=0.5,en;q=0.4',
  'cookie' => 'PHPSESSID=4qoj1ohoscn643a2a79o5qi5v6; Hm_lvt_5a0192f8207da980c77f112b59310c12=1528901351; Hm_lpvt_5a0192f8207da980c77f112b59310c12=1528901482',
)
[ info ] [ PARAM ] array (
  'keyword' => 'Python+3+教程',
)
[ info ] [ DB ] INIT mysql
[ info ] [ VIEW ] D:\WebServer\www\project\ZH\application/index/view\index\index.html [ array (
  0 => 'cateList',
  1 => 'pv',
  2 => 'comments',
  3 => 'empty',
  4 => 'articleCount',
  5 => 'artList',
  6 => 'title',
) ]
[ info ] [ SESSION ] INIT array (
  'id' => '',
  'var_session_id' => '',
  'prefix' => 'think',
  'type' => '',
  'auto_start' => true,
  'httponly' => true,
  'secure' => false,
)
[ info ] [ LOG ] INIT File
---------------------------------------------------------------
[ 2018-06-13T22:51:25+08:00 ] 127.0.0.1 GET /cate/3.html
[ info ] zh.me/cate/3.html [运行时间：0.088739s][吞吐率：11.27req/s] [内存消耗：2,942.62kb] [文件加载：74]
[ info ] [ LANG ] D:\WebServer\www\project\ZH\thinkphp/lang/zh-cn.php
[ info ] [ ROUTE ] array (
  'rule' => 'cate/:cate_id',
  'route' => 'index/index/index',
  'option' => 
  array (
    'ext' => 'html',
  ),
  'var' => 
  array (
    'cate_id' => '3',
  ),
)
[ info ] [ HEADER ] array (
  'host' => 'zh.me',
  'connection' => 'keep-alive',
  'upgrade-insecure-requests' => '1',
  'user-agent' => 'Mozilla/5.0 (Windows NT 10.0; WOW64) AppleWebKit/537.36 (KHTML, like Gecko) Chrome/66.0.3359.181 Safari/537.36',
  'accept' => 'text/html,application/xhtml+xml,application/xml;q=0.9,image/webp,image/apng,*/*;q=0.8',
  'dnt' => '1',
  'referer' => 'http://zh.me/keyword/Python+3+%E6%95%99%E7%A8%8B.html',
  'accept-encoding' => 'gzip, deflate',
  'accept-language' => 'zh-CN,zh;q=0.9,en-AS;q=0.8,en-US;q=0.7,en-AU;q=0.6,en-XA;q=0.5,en;q=0.4',
  'cookie' => 'PHPSESSID=4qoj1ohoscn643a2a79o5qi5v6; Hm_lvt_5a0192f8207da980c77f112b59310c12=1528901351; Hm_lpvt_5a0192f8207da980c77f112b59310c12=1528901483',
)
[ info ] [ PARAM ] array (
  'cate_id' => '3',
)
[ info ] [ DB ] INIT mysql
[ info ] [ VIEW ] D:\WebServer\www\project\ZH\application/index/view\index\index.html [ array (
  0 => 'cateList',
  1 => 'pv',
  2 => 'comments',
  3 => 'empty',
  4 => 'articleCount',
  5 => 'cateName',
  6 => 'artList',
  7 => 'title',
) ]
[ info ] [ SESSION ] INIT array (
  'id' => '',
  'var_session_id' => '',
  'prefix' => 'think',
  'type' => '',
  'auto_start' => true,
  'httponly' => true,
  'secure' => false,
)
[ info ] [ LOG ] INIT File
---------------------------------------------------------------
[ 2018-06-13T22:51:26+08:00 ] 127.0.0.1 GET /keyword/Python+3+%E6%95%99%E7%A8%8B.html
[ info ] zh.me/keyword/Python+3+%E6%95%99%E7%A8%8B.html [运行时间：0.072405s][吞吐率：13.81req/s] [内存消耗：2,831.72kb] [文件加载：74]
[ info ] [ LANG ] D:\WebServer\www\project\ZH\thinkphp/lang/zh-cn.php
[ info ] [ ROUTE ] array (
  'rule' => 'keyword/:keyword',
  'route' => 'index/index/index',
  'option' => 
  array (
    'ext' => 'html',
  ),
  'var' => 
  array (
    'keyword' => 'Python+3+教程',
  ),
)
[ info ] [ HEADER ] array (
  'host' => 'zh.me',
  'connection' => 'keep-alive',
  'upgrade-insecure-requests' => '1',
  'user-agent' => 'Mozilla/5.0 (Windows NT 10.0; WOW64) AppleWebKit/537.36 (KHTML, like Gecko) Chrome/66.0.3359.181 Safari/537.36',
  'accept' => 'text/html,application/xhtml+xml,application/xml;q=0.9,image/webp,image/apng,*/*;q=0.8',
  'dnt' => '1',
  'referer' => 'http://zh.me/cate/3.html',
  'accept-encoding' => 'gzip, deflate',
  'accept-language' => 'zh-CN,zh;q=0.9,en-AS;q=0.8,en-US;q=0.7,en-AU;q=0.6,en-XA;q=0.5,en;q=0.4',
  'cookie' => 'PHPSESSID=4qoj1ohoscn643a2a79o5qi5v6; Hm_lvt_5a0192f8207da980c77f112b59310c12=1528901351; Hm_lpvt_5a0192f8207da980c77f112b59310c12=1528901486',
)
[ info ] [ PARAM ] array (
  'keyword' => 'Python+3+教程',
)
[ info ] [ DB ] INIT mysql
[ info ] [ VIEW ] D:\WebServer\www\project\ZH\application/index/view\index\index.html [ array (
  0 => 'cateList',
  1 => 'pv',
  2 => 'comments',
  3 => 'empty',
  4 => 'articleCount',
  5 => 'artList',
  6 => 'title',
) ]
[ info ] [ SESSION ] INIT array (
  'id' => '',
  'var_session_id' => '',
  'prefix' => 'think',
  'type' => '',
  'auto_start' => true,
  'httponly' => true,
  'secure' => false,
)
[ info ] [ LOG ] INIT File
---------------------------------------------------------------
[ 2018-06-13T22:51:28+08:00 ] 127.0.0.1 GET /
[ info ] zh.me/ [运行时间：0.080550s][吞吐率：12.41req/s] [内存消耗：3,120.38kb] [文件加载：75]
[ info ] [ LANG ] D:\WebServer\www\project\ZH\thinkphp/lang/zh-cn.php
[ info ] [ ROUTE ] array (
)
[ info ] [ HEADER ] array (
  'host' => 'zh.me',
  'connection' => 'keep-alive',
  'upgrade-insecure-requests' => '1',
  'user-agent' => 'Mozilla/5.0 (Windows NT 10.0; WOW64) AppleWebKit/537.36 (KHTML, like Gecko) Chrome/66.0.3359.181 Safari/537.36',
  'accept' => 'text/html,application/xhtml+xml,application/xml;q=0.9,image/webp,image/apng,*/*;q=0.8',
  'dnt' => '1',
  'referer' => 'http://zh.me/keyword/Python+3+%E6%95%99%E7%A8%8B.html',
  'accept-encoding' => 'gzip, deflate',
  'accept-language' => 'zh-CN,zh;q=0.9,en-AS;q=0.8,en-US;q=0.7,en-AU;q=0.6,en-XA;q=0.5,en;q=0.4',
  'cookie' => 'PHPSESSID=4qoj1ohoscn643a2a79o5qi5v6; Hm_lvt_5a0192f8207da980c77f112b59310c12=1528901351; Hm_lpvt_5a0192f8207da980c77f112b59310c12=1528901487',
)
[ info ] [ PARAM ] array (
)
[ info ] [ DB ] INIT mysql
[ info ] [ VIEW ] D:\WebServer\www\project\ZH\application/index/view\index\index.html [ array (
  0 => 'cateList',
  1 => 'pv',
  2 => 'comments',
  3 => 'empty',
  4 => 'articleCount',
  5 => 'artList',
  6 => 'title',
) ]
[ info ] [ SESSION ] INIT array (
  'id' => '',
  'var_session_id' => '',
  'prefix' => 'think',
  'type' => '',
  'auto_start' => true,
  'httponly' => true,
  'secure' => false,
)
[ info ] [ LOG ] INIT File
---------------------------------------------------------------
[ 2018-06-13T22:51:37+08:00 ] 127.0.0.1 GET /cate/1.html
[ info ] zh.me/cate/1.html [运行时间：0.072532s][吞吐率：13.79req/s] [内存消耗：2,831.45kb] [文件加载：74]
[ info ] [ LANG ] D:\WebServer\www\project\ZH\thinkphp/lang/zh-cn.php
[ info ] [ ROUTE ] array (
  'rule' => 'cate/:cate_id',
  'route' => 'index/index/index',
  'option' => 
  array (
    'ext' => 'html',
  ),
  'var' => 
  array (
    'cate_id' => '1',
  ),
)
[ info ] [ HEADER ] array (
  'host' => 'zh.me',
  'connection' => 'keep-alive',
  'upgrade-insecure-requests' => '1',
  'user-agent' => 'Mozilla/5.0 (Windows NT 10.0; WOW64) AppleWebKit/537.36 (KHTML, like Gecko) Chrome/66.0.3359.181 Safari/537.36',
  'accept' => 'text/html,application/xhtml+xml,application/xml;q=0.9,image/webp,image/apng,*/*;q=0.8',
  'dnt' => '1',
  'referer' => 'http://zh.me/',
  'accept-encoding' => 'gzip, deflate',
  'accept-language' => 'zh-CN,zh;q=0.9,en-AS;q=0.8,en-US;q=0.7,en-AU;q=0.6,en-XA;q=0.5,en;q=0.4',
  'cookie' => 'PHPSESSID=4qoj1ohoscn643a2a79o5qi5v6; Hm_lvt_5a0192f8207da980c77f112b59310c12=1528901351; Hm_lpvt_5a0192f8207da980c77f112b59310c12=1528901489',
)
[ info ] [ PARAM ] array (
  'cate_id' => '1',
)
[ info ] [ DB ] INIT mysql
[ info ] [ VIEW ] D:\WebServer\www\project\ZH\application/index/view\index\index.html [ array (
  0 => 'cateList',
  1 => 'pv',
  2 => 'comments',
  3 => 'empty',
  4 => 'articleCount',
  5 => 'cateName',
  6 => 'artList',
  7 => 'title',
) ]
[ info ] [ SESSION ] INIT array (
  'id' => '',
  'var_session_id' => '',
  'prefix' => 'think',
  'type' => '',
  'auto_start' => true,
  'httponly' => true,
  'secure' => false,
)
[ info ] [ LOG ] INIT File
---------------------------------------------------------------
[ 2018-06-13T22:51:38+08:00 ] 127.0.0.1 GET /cate/2.html
[ info ] zh.me/cate/2.html [运行时间：0.086881s][吞吐率：11.51req/s] [内存消耗：2,962.11kb] [文件加载：74]
[ info ] [ LANG ] D:\WebServer\www\project\ZH\thinkphp/lang/zh-cn.php
[ info ] [ ROUTE ] array (
  'rule' => 'cate/:cate_id',
  'route' => 'index/index/index',
  'option' => 
  array (
    'ext' => 'html',
  ),
  'var' => 
  array (
    'cate_id' => '2',
  ),
)
[ info ] [ HEADER ] array (
  'host' => 'zh.me',
  'connection' => 'keep-alive',
  'upgrade-insecure-requests' => '1',
  'user-agent' => 'Mozilla/5.0 (Windows NT 10.0; WOW64) AppleWebKit/537.36 (KHTML, like Gecko) Chrome/66.0.3359.181 Safari/537.36',
  'accept' => 'text/html,application/xhtml+xml,application/xml;q=0.9,image/webp,image/apng,*/*;q=0.8',
  'dnt' => '1',
  'referer' => 'http://zh.me/cate/1.html',
  'accept-encoding' => 'gzip, deflate',
  'accept-language' => 'zh-CN,zh;q=0.9,en-AS;q=0.8,en-US;q=0.7,en-AU;q=0.6,en-XA;q=0.5,en;q=0.4',
  'cookie' => 'PHPSESSID=4qoj1ohoscn643a2a79o5qi5v6; Hm_lvt_5a0192f8207da980c77f112b59310c12=1528901351; Hm_lpvt_5a0192f8207da980c77f112b59310c12=1528901498',
)
[ info ] [ PARAM ] array (
  'cate_id' => '2',
)
[ info ] [ DB ] INIT mysql
[ info ] [ VIEW ] D:\WebServer\www\project\ZH\application/index/view\index\index.html [ array (
  0 => 'cateList',
  1 => 'pv',
  2 => 'comments',
  3 => 'empty',
  4 => 'articleCount',
  5 => 'cateName',
  6 => 'artList',
  7 => 'title',
) ]
[ info ] [ SESSION ] INIT array (
  'id' => '',
  'var_session_id' => '',
  'prefix' => 'think',
  'type' => '',
  'auto_start' => true,
  'httponly' => true,
  'secure' => false,
)
[ info ] [ LOG ] INIT File
---------------------------------------------------------------
[ 2018-06-13T22:51:39+08:00 ] 127.0.0.1 GET /cate/3.html
[ info ] zh.me/cate/3.html [运行时间：0.088047s][吞吐率：11.36req/s] [内存消耗：2,942.09kb] [文件加载：74]
[ info ] [ LANG ] D:\WebServer\www\project\ZH\thinkphp/lang/zh-cn.php
[ info ] [ ROUTE ] array (
  'rule' => 'cate/:cate_id',
  'route' => 'index/index/index',
  'option' => 
  array (
    'ext' => 'html',
  ),
  'var' => 
  array (
    'cate_id' => '3',
  ),
)
[ info ] [ HEADER ] array (
  'host' => 'zh.me',
  'connection' => 'keep-alive',
  'upgrade-insecure-requests' => '1',
  'user-agent' => 'Mozilla/5.0 (Windows NT 10.0; WOW64) AppleWebKit/537.36 (KHTML, like Gecko) Chrome/66.0.3359.181 Safari/537.36',
  'accept' => 'text/html,application/xhtml+xml,application/xml;q=0.9,image/webp,image/apng,*/*;q=0.8',
  'dnt' => '1',
  'referer' => 'http://zh.me/cate/2.html',
  'accept-encoding' => 'gzip, deflate',
  'accept-language' => 'zh-CN,zh;q=0.9,en-AS;q=0.8,en-US;q=0.7,en-AU;q=0.6,en-XA;q=0.5,en;q=0.4',
  'cookie' => 'PHPSESSID=4qoj1ohoscn643a2a79o5qi5v6; Hm_lvt_5a0192f8207da980c77f112b59310c12=1528901351; Hm_lpvt_5a0192f8207da980c77f112b59310c12=1528901499',
)
[ info ] [ PARAM ] array (
  'cate_id' => '3',
)
[ info ] [ DB ] INIT mysql
[ info ] [ VIEW ] D:\WebServer\www\project\ZH\application/index/view\index\index.html [ array (
  0 => 'cateList',
  1 => 'pv',
  2 => 'comments',
  3 => 'empty',
  4 => 'articleCount',
  5 => 'cateName',
  6 => 'artList',
  7 => 'title',
) ]
[ info ] [ SESSION ] INIT array (
  'id' => '',
  'var_session_id' => '',
  'prefix' => 'think',
  'type' => '',
  'auto_start' => true,
  'httponly' => true,
  'secure' => false,
)
[ info ] [ LOG ] INIT File
---------------------------------------------------------------
[ 2018-06-13T22:51:40+08:00 ] 127.0.0.1 GET /index/user/register.html
[ info ] zh.me/index/user/register.html [运行时间：0.084183s][吞吐率：11.88req/s] [内存消耗：2,813.11kb] [文件加载：74]
[ info ] [ LANG ] D:\WebServer\www\project\ZH\thinkphp/lang/zh-cn.php
[ info ] [ ROUTE ] array (
)
[ info ] [ HEADER ] array (
  'host' => 'zh.me',
  'connection' => 'keep-alive',
  'upgrade-insecure-requests' => '1',
  'user-agent' => 'Mozilla/5.0 (Windows NT 10.0; WOW64) AppleWebKit/537.36 (KHTML, like Gecko) Chrome/66.0.3359.181 Safari/537.36',
  'accept' => 'text/html,application/xhtml+xml,application/xml;q=0.9,image/webp,image/apng,*/*;q=0.8',
  'dnt' => '1',
  'referer' => 'http://zh.me/cate/3.html',
  'accept-encoding' => 'gzip, deflate',
  'accept-language' => 'zh-CN,zh;q=0.9,en-AS;q=0.8,en-US;q=0.7,en-AU;q=0.6,en-XA;q=0.5,en;q=0.4',
  'cookie' => 'PHPSESSID=4qoj1ohoscn643a2a79o5qi5v6; Hm_lvt_5a0192f8207da980c77f112b59310c12=1528901351; Hm_lpvt_5a0192f8207da980c77f112b59310c12=1528901500',
)
[ info ] [ PARAM ] array (
)
[ info ] [ DB ] INIT mysql
[ info ] [ VIEW ] D:\WebServer\www\project\ZH\application/index/view\user\register.html [ array (
  0 => 'cateList',
  1 => 'pv',
  2 => 'comments',
  3 => 'empty',
  4 => 'articleCount',
  5 => 'title',
) ]
[ info ] [ SESSION ] INIT array (
  'id' => '',
  'var_session_id' => '',
  'prefix' => 'think',
  'type' => '',
  'auto_start' => true,
  'httponly' => true,
  'secure' => false,
)
[ info ] [ LOG ] INIT File
---------------------------------------------------------------
[ 2018-06-13T22:51:52+08:00 ] 127.0.0.1 GET /index/user/login.html
[ info ] zh.me/index/user/login.html [运行时间：0.066669s][吞吐率：15.00req/s] [内存消耗：2,814.30kb] [文件加载：75]
[ info ] [ LANG ] D:\WebServer\www\project\ZH\thinkphp/lang/zh-cn.php
[ info ] [ ROUTE ] array (
)
[ info ] [ HEADER ] array (
  'host' => 'zh.me',
  'connection' => 'keep-alive',
  'upgrade-insecure-requests' => '1',
  'user-agent' => 'Mozilla/5.0 (Windows NT 10.0; WOW64) AppleWebKit/537.36 (KHTML, like Gecko) Chrome/66.0.3359.181 Safari/537.36',
  'accept' => 'text/html,application/xhtml+xml,application/xml;q=0.9,image/webp,image/apng,*/*;q=0.8',
  'dnt' => '1',
  'referer' => 'http://zh.me/index/user/register.html',
  'accept-encoding' => 'gzip, deflate',
  'accept-language' => 'zh-CN,zh;q=0.9,en-AS;q=0.8,en-US;q=0.7,en-AU;q=0.6,en-XA;q=0.5,en;q=0.4',
  'cookie' => 'PHPSESSID=4qoj1ohoscn643a2a79o5qi5v6; Hm_lvt_5a0192f8207da980c77f112b59310c12=1528901351; Hm_lpvt_5a0192f8207da980c77f112b59310c12=1528901501',
)
[ info ] [ PARAM ] array (
)
[ info ] [ DB ] INIT mysql
[ info ] [ SESSION ] INIT array (
  'id' => '',
  'var_session_id' => '',
  'prefix' => 'think',
  'type' => '',
  'auto_start' => true,
  'httponly' => true,
  'secure' => false,
)
[ info ] [ VIEW ] D:\WebServer\www\project\ZH\application/index/view\user\login.html [ array (
  0 => 'cateList',
  1 => 'pv',
  2 => 'comments',
  3 => 'empty',
  4 => 'articleCount',
  5 => 'title',
) ]
[ info ] [ LOG ] INIT File
