---------------------------------------------------------------
[ 2018-05-26T00:08:54+08:00 ] 127.0.0.1 GET /keyword/PHP%E8%AF%AD%E8%A8%80.html
[ info ] zh.me/keyword/PHP%E8%AF%AD%E8%A8%80.html [运行时间：0.106786s][吞吐率：9.36req/s] [内存消耗：2,843.85kb] [文件加载：74]
[ info ] [ LANG ] D:\WebServer\www\project\ZH\thinkphp/lang/zh-cn.php
[ info ] [ ROUTE ] array (
  'rule' => 'keyword/:keyword',
  'route' => 'index/index/index',
  'option' => 
  array (
    'ext' => 'html',
  ),
  'var' => 
  array (
    'keyword' => 'PHP语言',
  ),
)
[ info ] [ HEADER ] array (
  'host' => 'zh.me',
  'connection' => 'keep-alive',
  'upgrade-insecure-requests' => '1',
  'user-agent' => 'Mozilla/5.0 (Windows NT 10.0; WOW64) AppleWebKit/537.36 (KHTML, like Gecko) Chrome/66.0.3359.181 Safari/537.36',
  'accept' => 'text/html,application/xhtml+xml,application/xml;q=0.9,image/webp,image/apng,*/*;q=0.8',
  'dnt' => '1',
  'referer' => 'http://zh.me/keyword/%E5%A6%82%E4%BD%95%E4%BD%BF%E7%94%A8.html',
  'accept-encoding' => 'gzip, deflate',
  'accept-language' => 'zh-CN,zh;q=0.9,en-AS;q=0.8,en-US;q=0.7,en-AU;q=0.6,en-XA;q=0.5,en;q=0.4',
  'cookie' => 'PHPSESSID=eh0shab61cuprgo8fvrlu57qij; Hm_lvt_5a0192f8207da980c77f112b59310c12=1527253455; Hm_lpvt_5a0192f8207da980c77f112b59310c12=1527257620',
)
[ info ] [ PARAM ] array (
  'keyword' => 'PHP语言',
)
[ info ] [ DB ] INIT mysql
[ info ] [ VIEW ] D:\WebServer\www\project\ZH\application/index/view\index\index.html [ array (
  0 => 'cateList',
  1 => 'pv',
  2 => 'comments',
  3 => 'empty',
  4 => 'articleCount',
  5 => 'artList',
  6 => 'title',
) ]
[ info ] [ SESSION ] INIT array (
  'id' => '',
  'var_session_id' => '',
  'prefix' => 'think',
  'type' => '',
  'auto_start' => true,
  'httponly' => true,
  'secure' => false,
)
[ info ] [ LOG ] INIT File
